mode: set
github.com/openexec/openexec/internal/cli/config.go:46.54,48.17 2 1
github.com/openexec/openexec/internal/cli/config.go:48.17,49.26 1 0
github.com/openexec/openexec/internal/cli/config.go:49.26,52.5 2 0
github.com/openexec/openexec/internal/cli/config.go:52.10,54.5 1 0
github.com/openexec/openexec/internal/cli/config.go:57.3,58.17 2 1
github.com/openexec/openexec/internal/cli/config.go:58.17,60.18 2 0
github.com/openexec/openexec/internal/cli/config.go:60.18,62.5 1 0
github.com/openexec/openexec/internal/cli/config.go:63.4,64.14 2 0
github.com/openexec/openexec/internal/cli/config.go:67.3,85.13 18 1
github.com/openexec/openexec/internal/cli/config.go:107.54,112.17 4 1
github.com/openexec/openexec/internal/cli/config.go:112.17,113.26 1 0
github.com/openexec/openexec/internal/cli/config.go:113.26,115.5 1 0
github.com/openexec/openexec/internal/cli/config.go:115.10,117.5 1 0
github.com/openexec/openexec/internal/cli/config.go:120.3,120.14 1 1
github.com/openexec/openexec/internal/cli/config.go:121.22,123.18 2 0
github.com/openexec/openexec/internal/cli/config.go:123.18,125.5 1 0
github.com/openexec/openexec/internal/cli/config.go:126.4,126.22 1 0
github.com/openexec/openexec/internal/cli/config.go:127.22,128.26 1 1
github.com/openexec/openexec/internal/cli/config.go:129.27,131.18 2 0
github.com/openexec/openexec/internal/cli/config.go:131.18,133.5 1 0
github.com/openexec/openexec/internal/cli/config.go:134.4,134.27 1 0
github.com/openexec/openexec/internal/cli/config.go:135.28,137.18 2 0
github.com/openexec/openexec/internal/cli/config.go:137.18,139.5 1 0
github.com/openexec/openexec/internal/cli/config.go:140.4,140.27 1 0
github.com/openexec/openexec/internal/cli/config.go:141.29,143.18 2 0
github.com/openexec/openexec/internal/cli/config.go:143.18,145.5 1 0
github.com/openexec/openexec/internal/cli/config.go:146.4,146.28 1 0
github.com/openexec/openexec/internal/cli/config.go:147.29,149.18 2 0
github.com/openexec/openexec/internal/cli/config.go:149.18,151.5 1 0
github.com/openexec/openexec/internal/cli/config.go:152.4,152.27 1 0
github.com/openexec/openexec/internal/cli/config.go:153.27,155.18 2 0
github.com/openexec/openexec/internal/cli/config.go:155.18,157.5 1 0
github.com/openexec/openexec/internal/cli/config.go:158.4,158.26 1 0
github.com/openexec/openexec/internal/cli/config.go:159.32,160.35 1 0
github.com/openexec/openexec/internal/cli/config.go:161.32,162.35 1 0
github.com/openexec/openexec/internal/cli/config.go:163.11,164.59 1 0
github.com/openexec/openexec/internal/cli/config.go:167.3,167.48 1 1
github.com/openexec/openexec/internal/cli/config.go:167.48,169.4 1 0
github.com/openexec/openexec/internal/cli/config.go:171.3,172.13 2 1
github.com/openexec/openexec/internal/cli/config.go:179.54,183.62 2 1
github.com/openexec/openexec/internal/cli/config.go:183.62,185.4 1 1
github.com/openexec/openexec/internal/cli/config.go:186.3,186.77 1 1
github.com/openexec/openexec/internal/cli/config.go:186.77,188.4 1 0
github.com/openexec/openexec/internal/cli/config.go:190.3,190.48 1 1
github.com/openexec/openexec/internal/cli/config.go:190.48,192.4 1 0
github.com/openexec/openexec/internal/cli/config.go:194.3,199.13 6 1
github.com/openexec/openexec/internal/cli/config.go:203.13,214.2 7 1
github.com/openexec/openexec/internal/cli/config.go:216.44,225.2 1 1
github.com/openexec/openexec/internal/cli/config.go:227.50,229.16 2 1
github.com/openexec/openexec/internal/cli/config.go:229.16,231.3 1 0
github.com/openexec/openexec/internal/cli/config.go:233.2,235.16 3 1
github.com/openexec/openexec/internal/cli/config.go:235.16,237.3 1 0
github.com/openexec/openexec/internal/cli/config.go:239.2,240.50 2 1
github.com/openexec/openexec/internal/cli/config.go:240.50,242.3 1 0
github.com/openexec/openexec/internal/cli/config.go:244.2,244.17 1 1
github.com/openexec/openexec/internal/cli/config.go:247.50,249.16 2 1
github.com/openexec/openexec/internal/cli/config.go:249.16,251.3 1 0
github.com/openexec/openexec/internal/cli/config.go:253.2,254.56 2 1
github.com/openexec/openexec/internal/cli/config.go:254.56,256.3 1 0
github.com/openexec/openexec/internal/cli/config.go:258.2,260.16 3 1
github.com/openexec/openexec/internal/cli/config.go:260.16,262.3 1 0
github.com/openexec/openexec/internal/cli/config.go:264.2,264.46 1 1
github.com/openexec/openexec/internal/cli/doctor.go:75.13,86.2 8 1
github.com/openexec/openexec/internal/cli/doctor.go:88.57,90.19 2 1
github.com/openexec/openexec/internal/cli/doctor.go:90.19,92.3 1 1
github.com/openexec/openexec/internal/cli/doctor.go:94.2,107.24 9 1
github.com/openexec/openexec/internal/cli/doctor.go:107.24,110.28 3 1
github.com/openexec/openexec/internal/cli/doctor.go:110.28,114.4 3 1
github.com/openexec/openexec/internal/cli/doctor.go:115.8,117.3 1 1
github.com/openexec/openexec/internal/cli/doctor.go:120.2,120.39 1 1
github.com/openexec/openexec/internal/cli/doctor.go:120.39,129.36 6 1
github.com/openexec/openexec/internal/cli/doctor.go:129.36,131.20 2 1
github.com/openexec/openexec/internal/cli/doctor.go:132.16,133.16 1 1
github.com/openexec/openexec/internal/cli/doctor.go:134.16,135.16 1 1
github.com/openexec/openexec/internal/cli/doctor.go:136.16,137.16 1 1
github.com/openexec/openexec/internal/cli/doctor.go:140.3,140.16 1 1
github.com/openexec/openexec/internal/cli/doctor.go:144.2,144.27 1 1
github.com/openexec/openexec/internal/cli/doctor.go:144.27,151.32 5 1
github.com/openexec/openexec/internal/cli/doctor.go:151.32,153.20 2 1
github.com/openexec/openexec/internal/cli/doctor.go:154.16,155.16 1 1
github.com/openexec/openexec/internal/cli/doctor.go:156.16,157.16 1 0
github.com/openexec/openexec/internal/cli/doctor.go:158.16,159.16 1 0
github.com/openexec/openexec/internal/cli/doctor.go:162.3,162.16 1 1
github.com/openexec/openexec/internal/cli/doctor.go:166.2,175.31 8 1
github.com/openexec/openexec/internal/cli/doctor.go:175.31,176.48 1 1
github.com/openexec/openexec/internal/cli/doctor.go:176.48,177.23 1 1
github.com/openexec/openexec/internal/cli/doctor.go:177.23,181.5 3 1
github.com/openexec/openexec/internal/cli/doctor.go:182.4,182.53 1 1
github.com/openexec/openexec/internal/cli/doctor.go:186.2,186.19 1 1
github.com/openexec/openexec/internal/cli/doctor.go:186.19,188.3 1 1
github.com/openexec/openexec/internal/cli/doctor.go:190.2,191.12 2 1
github.com/openexec/openexec/internal/cli/doctor.go:194.55,198.16 3 1
github.com/openexec/openexec/internal/cli/doctor.go:198.16,206.3 2 0
github.com/openexec/openexec/internal/cli/doctor.go:208.2,208.19 1 1
github.com/openexec/openexec/internal/cli/doctor.go:208.19,215.3 1 0
github.com/openexec/openexec/internal/cli/doctor.go:217.2,217.16 1 1
github.com/openexec/openexec/internal/cli/doctor.go:220.44,224.24 2 1
github.com/openexec/openexec/internal/cli/doctor.go:224.24,227.3 2 0
github.com/openexec/openexec/internal/cli/doctor.go:230.2,231.16 2 1
github.com/openexec/openexec/internal/cli/doctor.go:231.16,233.3 1 0
github.com/openexec/openexec/internal/cli/doctor.go:235.2,235.32 1 1
github.com/openexec/openexec/internal/cli/doctor.go:235.32,236.21 1 1
github.com/openexec/openexec/internal/cli/doctor.go:236.21,237.12 1 1
github.com/openexec/openexec/internal/cli/doctor.go:240.3,241.29 2 1
github.com/openexec/openexec/internal/cli/doctor.go:241.29,243.4 1 1
github.com/openexec/openexec/internal/cli/doctor.go:246.2,246.17 1 1
github.com/openexec/openexec/internal/cli/doctor.go:249.33,252.67 2 1
github.com/openexec/openexec/internal/cli/doctor.go:252.67,254.3 1 1
github.com/openexec/openexec/internal/cli/doctor.go:257.2,258.63 2 1
github.com/openexec/openexec/internal/cli/doctor.go:258.63,260.3 1 0
github.com/openexec/openexec/internal/cli/doctor.go:262.2,262.14 1 1
github.com/openexec/openexec/internal/cli/doctor.go:265.53,273.48 5 1
github.com/openexec/openexec/internal/cli/doctor.go:273.48,275.3 1 1
github.com/openexec/openexec/internal/cli/doctor.go:275.8,275.51 1 0
github.com/openexec/openexec/internal/cli/doctor.go:275.51,277.3 1 0
github.com/openexec/openexec/internal/cli/doctor.go:280.2,294.16 6 1
github.com/openexec/openexec/internal/cli/doctor.go:297.64,301.49 2 1
github.com/openexec/openexec/internal/cli/doctor.go:301.49,309.3 2 0
github.com/openexec/openexec/internal/cli/doctor.go:311.2,320.16 4 1
github.com/openexec/openexec/internal/cli/doctor.go:320.16,327.3 1 0
github.com/openexec/openexec/internal/cli/doctor.go:327.8,335.3 3 1
github.com/openexec/openexec/internal/cli/doctor.go:337.2,337.16 1 1
github.com/openexec/openexec/internal/cli/doctor.go:340.53,345.16 4 1
github.com/openexec/openexec/internal/cli/doctor.go:345.16,346.25 1 0
github.com/openexec/openexec/internal/cli/doctor.go:346.25,352.4 1 0
github.com/openexec/openexec/internal/cli/doctor.go:352.9,359.4 1 0
github.com/openexec/openexec/internal/cli/doctor.go:360.3,360.17 1 0
github.com/openexec/openexec/internal/cli/doctor.go:364.2,365.53 2 1
github.com/openexec/openexec/internal/cli/doctor.go:365.53,373.3 2 1
github.com/openexec/openexec/internal/cli/doctor.go:376.2,378.39 3 1
github.com/openexec/openexec/internal/cli/doctor.go:378.39,379.33 1 1
github.com/openexec/openexec/internal/cli/doctor.go:379.33,381.4 1 0
github.com/openexec/openexec/internal/cli/doctor.go:384.2,384.28 1 1
github.com/openexec/openexec/internal/cli/doctor.go:384.28,390.3 1 0
github.com/openexec/openexec/internal/cli/doctor.go:390.8,396.3 1 1
github.com/openexec/openexec/internal/cli/doctor.go:398.2,398.16 1 1
github.com/openexec/openexec/internal/cli/doctor.go:401.53,406.16 4 1
github.com/openexec/openexec/internal/cli/doctor.go:406.16,407.25 1 1
github.com/openexec/openexec/internal/cli/doctor.go:407.25,413.4 1 1
github.com/openexec/openexec/internal/cli/doctor.go:413.9,420.4 1 0
github.com/openexec/openexec/internal/cli/doctor.go:421.3,421.17 1 1
github.com/openexec/openexec/internal/cli/doctor.go:425.2,432.53 2 1
github.com/openexec/openexec/internal/cli/doctor.go:432.53,440.3 2 0
github.com/openexec/openexec/internal/cli/doctor.go:443.2,445.32 3 1
github.com/openexec/openexec/internal/cli/doctor.go:445.32,446.52 1 0
github.com/openexec/openexec/internal/cli/doctor.go:446.52,448.4 1 0
github.com/openexec/openexec/internal/cli/doctor.go:451.2,457.16 2 1
github.com/openexec/openexec/internal/cli/doctor.go:460.52,465.16 4 1
github.com/openexec/openexec/internal/cli/doctor.go:465.16,466.25 1 1
github.com/openexec/openexec/internal/cli/doctor.go:466.25,469.4 1 1
github.com/openexec/openexec/internal/cli/doctor.go:470.3,470.17 1 0
github.com/openexec/openexec/internal/cli/doctor.go:474.2,474.44 1 0
github.com/openexec/openexec/internal/cli/doctor.go:474.44,481.3 1 0
github.com/openexec/openexec/internal/cli/doctor.go:481.8,487.3 1 0
github.com/openexec/openexec/internal/cli/doctor.go:489.2,489.16 1 0
github.com/openexec/openexec/internal/cli/doctor.go:492.52,497.16 4 1
github.com/openexec/openexec/internal/cli/doctor.go:497.16,498.25 1 1
github.com/openexec/openexec/internal/cli/doctor.go:498.25,501.4 1 1
github.com/openexec/openexec/internal/cli/doctor.go:502.3,502.17 1 0
github.com/openexec/openexec/internal/cli/doctor.go:505.2,505.21 1 0
github.com/openexec/openexec/internal/cli/doctor.go:505.21,511.3 1 0
github.com/openexec/openexec/internal/cli/doctor.go:513.2,513.16 1 0
github.com/openexec/openexec/internal/cli/doctor.go:516.53,526.2 4 1
github.com/openexec/openexec/internal/cli/doctor.go:528.65,536.16 6 1
github.com/openexec/openexec/internal/cli/doctor.go:536.16,544.3 2 0
github.com/openexec/openexec/internal/cli/doctor.go:546.2,548.16 3 1
github.com/openexec/openexec/internal/cli/doctor.go:548.16,556.3 2 0
github.com/openexec/openexec/internal/cli/doctor.go:557.2,557.15 1 1
github.com/openexec/openexec/internal/cli/doctor.go:557.15,557.40 1 1
github.com/openexec/openexec/internal/cli/doctor.go:559.2,559.53 1 1
github.com/openexec/openexec/internal/cli/doctor.go:559.53,566.3 2 0
github.com/openexec/openexec/internal/cli/doctor.go:569.2,570.16 2 1
github.com/openexec/openexec/internal/cli/doctor.go:570.16,577.3 2 0
github.com/openexec/openexec/internal/cli/doctor.go:579.2,580.52 2 1
github.com/openexec/openexec/internal/cli/doctor.go:580.52,583.52 2 1
github.com/openexec/openexec/internal/cli/doctor.go:583.52,590.4 2 0
github.com/openexec/openexec/internal/cli/doctor.go:591.3,596.17 2 1
github.com/openexec/openexec/internal/cli/doctor.go:600.2,600.22 1 1
github.com/openexec/openexec/internal/cli/doctor.go:600.22,601.48 1 1
github.com/openexec/openexec/internal/cli/doctor.go:601.48,608.4 2 1
github.com/openexec/openexec/internal/cli/doctor.go:611.2,617.16 2 0
github.com/openexec/openexec/internal/cli/doctor.go:620.58,622.18 2 1
github.com/openexec/openexec/internal/cli/doctor.go:623.14,624.20 1 1
github.com/openexec/openexec/internal/cli/doctor.go:625.14,626.20 1 1
github.com/openexec/openexec/internal/cli/doctor.go:627.14,628.20 1 1
github.com/openexec/openexec/internal/cli/doctor.go:631.2,633.42 2 1
github.com/openexec/openexec/internal/cli/doctor.go:633.42,635.3 1 0
github.com/openexec/openexec/internal/cli/doctor.go:638.39,640.24 2 1
github.com/openexec/openexec/internal/cli/doctor.go:640.24,642.3 1 1
github.com/openexec/openexec/internal/cli/doctor.go:643.2,643.23 1 1
github.com/openexec/openexec/internal/cli/doctor.go:646.63,649.19 2 1
github.com/openexec/openexec/internal/cli/doctor.go:649.19,651.3 1 1
github.com/openexec/openexec/internal/cli/doctor.go:654.2,654.53 1 1
github.com/openexec/openexec/internal/cli/doctor.go:654.53,658.32 3 1
github.com/openexec/openexec/internal/cli/doctor.go:658.32,659.40 1 1
github.com/openexec/openexec/internal/cli/doctor.go:659.40,662.10 3 0
github.com/openexec/openexec/internal/cli/doctor.go:665.3,665.13 1 1
github.com/openexec/openexec/internal/cli/doctor.go:665.13,667.4 1 1
github.com/openexec/openexec/internal/cli/doctor.go:671.2,673.16 3 1
github.com/openexec/openexec/internal/cli/doctor.go:673.16,675.3 1 0
github.com/openexec/openexec/internal/cli/doctor.go:678.2,683.13 4 1
github.com/openexec/openexec/internal/cli/doctor.go:683.13,686.19 3 0
github.com/openexec/openexec/internal/cli/doctor.go:686.19,688.4 1 0
github.com/openexec/openexec/internal/cli/doctor.go:688.9,690.4 1 0
github.com/openexec/openexec/internal/cli/doctor.go:691.3,691.13 1 0
github.com/openexec/openexec/internal/cli/doctor.go:695.2,696.16 2 1
github.com/openexec/openexec/internal/cli/doctor.go:696.16,698.3 1 0
github.com/openexec/openexec/internal/cli/doctor.go:698.8,698.26 1 1
github.com/openexec/openexec/internal/cli/doctor.go:698.26,700.3 1 0
github.com/openexec/openexec/internal/cli/doctor.go:702.2,705.19 2 1
github.com/openexec/openexec/internal/cli/doctor.go:705.19,707.3 1 0
github.com/openexec/openexec/internal/cli/doctor.go:709.2,709.12 1 1
github.com/openexec/openexec/internal/cli/help.go:26.57,30.19 3 1
github.com/openexec/openexec/internal/cli/help.go:30.19,33.27 3 1
github.com/openexec/openexec/internal/cli/help.go:33.27,35.14 1 0
github.com/openexec/openexec/internal/cli/help.go:36.13,37.23 2 1
github.com/openexec/openexec/internal/cli/help.go:40.9,40.20 1 1
github.com/openexec/openexec/internal/cli/help.go:40.20,46.10 4 1
github.com/openexec/openexec/internal/cli/help.go:49.9,49.30 1 1
github.com/openexec/openexec/internal/cli/help.go:53.13,58.2 3 1
github.com/openexec/openexec/internal/cli/help.go:61.56,63.17 1 1
github.com/openexec/openexec/internal/cli/help.go:63.17,65.6 1 1
github.com/openexec/openexec/internal/cli/help.go:68.5,77.42 8 1
github.com/openexec/openexec/internal/cli/help.go:77.42,77.84 1 1
github.com/openexec/openexec/internal/cli/help.go:78.5,78.29 1 1
github.com/openexec/openexec/internal/cli/help.go:78.29,80.6 1 1
github.com/openexec/openexec/internal/cli/help.go:115.51,128.24 3 1
github.com/openexec/openexec/internal/cli/help.go:128.24,130.6 1 1
github.com/openexec/openexec/internal/cli/help.go:133.5,134.42 2 1
github.com/openexec/openexec/internal/cli/help.go:134.42,134.84 1 1
github.com/openexec/openexec/internal/cli/help.go:135.5,135.29 1 1
github.com/openexec/openexec/internal/cli/help.go:135.29,136.22 1 1
github.com/openexec/openexec/internal/cli/help.go:136.22,137.21 1 1
github.com/openexec/openexec/internal/cli/help.go:139.9,140.57 2 1
github.com/openexec/openexec/internal/cli/help.go:143.5,143.23 1 1
github.com/openexec/openexec/internal/cli/help.go:143.23,145.6 1 1
github.com/openexec/openexec/internal/cli/help.go:146.5,146.18 1 1
github.com/openexec/openexec/internal/cli/help.go:149.69,152.19 3 1
github.com/openexec/openexec/internal/cli/help.go:152.19,154.6 1 1
github.com/openexec/openexec/internal/cli/help.go:154.11,156.6 1 1
github.com/openexec/openexec/internal/cli/help.go:157.5,157.38 1 1
github.com/openexec/openexec/internal/cli/help.go:157.38,165.6 1 1
github.com/openexec/openexec/internal/cli/help.go:167.5,167.43 1 1
github.com/openexec/openexec/internal/cli/help.go:167.43,167.83 1 1
github.com/openexec/openexec/internal/cli/help.go:168.5,168.17 1 1
github.com/openexec/openexec/internal/cli/help.go:173.38,191.2 1 1
github.com/openexec/openexec/internal/cli/init.go:72.54,74.20 2 1
github.com/openexec/openexec/internal/cli/init.go:74.20,76.4 1 1
github.com/openexec/openexec/internal/cli/init.go:79.3,80.17 2 1
github.com/openexec/openexec/internal/cli/init.go:80.17,82.4 1 1
github.com/openexec/openexec/internal/cli/init.go:85.3,85.24 1 1
github.com/openexec/openexec/internal/cli/init.go:85.24,86.42 1 1
github.com/openexec/openexec/internal/cli/init.go:86.42,88.5 1 1
github.com/openexec/openexec/internal/cli/init.go:90.3,91.26 2 1
github.com/openexec/openexec/internal/cli/init.go:91.26,93.4 1 0
github.com/openexec/openexec/internal/cli/init.go:96.3,96.80 1 1
github.com/openexec/openexec/internal/cli/init.go:96.80,98.4 1 1
github.com/openexec/openexec/internal/cli/init.go:99.3,101.15 2 1
github.com/openexec/openexec/internal/cli/init.go:101.15,103.4 1 0
github.com/openexec/openexec/internal/cli/init.go:105.3,106.34 2 1
github.com/openexec/openexec/internal/cli/init.go:106.34,108.4 1 0
github.com/openexec/openexec/internal/cli/init.go:111.3,116.26 4 1
github.com/openexec/openexec/internal/cli/init.go:116.26,118.4 1 0
github.com/openexec/openexec/internal/cli/init.go:118.9,125.4 6 1
github.com/openexec/openexec/internal/cli/init.go:128.3,129.17 2 1
github.com/openexec/openexec/internal/cli/init.go:129.17,131.4 1 0
github.com/openexec/openexec/internal/cli/init.go:134.3,146.56 2 1
github.com/openexec/openexec/internal/cli/init.go:146.56,148.4 1 0
github.com/openexec/openexec/internal/cli/init.go:151.3,160.34 10 1
github.com/openexec/openexec/internal/cli/init.go:160.34,163.4 2 0
github.com/openexec/openexec/internal/cli/init.go:163.9,165.4 1 1
github.com/openexec/openexec/internal/cli/init.go:166.3,166.36 1 1
github.com/openexec/openexec/internal/cli/init.go:166.36,168.4 1 1
github.com/openexec/openexec/internal/cli/init.go:168.9,170.4 1 0
github.com/openexec/openexec/internal/cli/init.go:171.3,178.13 7 1
github.com/openexec/openexec/internal/cli/init.go:182.13,191.2 7 1
github.com/openexec/openexec/internal/cli/init.go:194.173,208.37 8 0
github.com/openexec/openexec/internal/cli/init.go:208.37,210.3 1 0
github.com/openexec/openexec/internal/cli/init.go:210.8,212.3 1 0
github.com/openexec/openexec/internal/cli/init.go:215.2,221.37 6 0
github.com/openexec/openexec/internal/cli/init.go:221.37,223.3 1 0
github.com/openexec/openexec/internal/cli/init.go:225.2,225.19 1 0
github.com/openexec/openexec/internal/cli/init.go:225.19,227.3 1 0
github.com/openexec/openexec/internal/cli/init.go:230.2,236.37 6 0
github.com/openexec/openexec/internal/cli/init.go:236.37,238.3 1 0
github.com/openexec/openexec/internal/cli/init.go:240.2,241.21 2 0
github.com/openexec/openexec/internal/cli/init.go:241.21,245.19 4 0
github.com/openexec/openexec/internal/cli/init.go:245.19,247.75 2 0
github.com/openexec/openexec/internal/cli/init.go:247.75,249.5 1 0
github.com/openexec/openexec/internal/cli/init.go:253.2,253.96 1 0
github.com/openexec/openexec/internal/cli/init.go:257.104,259.17 1 0
github.com/openexec/openexec/internal/cli/init.go:259.17,261.3 1 0
github.com/openexec/openexec/internal/cli/init.go:263.2,269.36 5 0
github.com/openexec/openexec/internal/cli/init.go:269.36,270.36 1 0
github.com/openexec/openexec/internal/cli/init.go:270.36,273.4 2 0
github.com/openexec/openexec/internal/cli/init.go:274.3,276.30 3 0
github.com/openexec/openexec/internal/cli/init.go:276.30,278.4 1 0
github.com/openexec/openexec/internal/cli/init.go:279.3,279.72 1 0
github.com/openexec/openexec/internal/cli/init.go:283.2,284.36 2 0
github.com/openexec/openexec/internal/cli/init.go:284.36,285.30 1 0
github.com/openexec/openexec/internal/cli/init.go:285.30,287.9 2 0
github.com/openexec/openexec/internal/cli/init.go:291.2,296.18 4 0
github.com/openexec/openexec/internal/cli/init.go:296.18,298.3 1 0
github.com/openexec/openexec/internal/cli/init.go:300.2,301.119 2 0
github.com/openexec/openexec/internal/cli/init.go:301.119,303.3 1 0
github.com/openexec/openexec/internal/cli/init.go:305.2,305.21 1 0
github.com/openexec/openexec/internal/cli/mcp_serve.go:10.13,12.2 1 1
github.com/openexec/openexec/internal/cli/mcp_serve.go:18.54,21.3 2 0
github.com/openexec/openexec/internal/cli/plan.go:39.54,43.48 2 1
github.com/openexec/openexec/internal/cli/plan.go:43.48,45.4 1 0
github.com/openexec/openexec/internal/cli/plan.go:48.3,53.18 4 1
github.com/openexec/openexec/internal/cli/plan.go:53.18,56.18 3 1
github.com/openexec/openexec/internal/cli/plan.go:56.18,58.5 1 0
github.com/openexec/openexec/internal/cli/plan.go:61.4,61.31 1 1
github.com/openexec/openexec/internal/cli/plan.go:61.31,64.22 3 0
github.com/openexec/openexec/internal/cli/plan.go:64.22,66.6 1 0
github.com/openexec/openexec/internal/cli/plan.go:67.5,67.15 1 0
github.com/openexec/openexec/internal/cli/plan.go:71.4,71.37 1 1
github.com/openexec/openexec/internal/cli/plan.go:71.37,74.5 2 1
github.com/openexec/openexec/internal/cli/plan.go:77.4,77.20 1 1
github.com/openexec/openexec/internal/cli/plan.go:77.20,78.22 1 1
github.com/openexec/openexec/internal/cli/plan.go:78.22,80.6 1 1
github.com/openexec/openexec/internal/cli/plan.go:81.5,82.15 2 1
github.com/openexec/openexec/internal/cli/plan.go:86.4,86.21 1 0
github.com/openexec/openexec/internal/cli/plan.go:86.21,90.5 3 0
github.com/openexec/openexec/internal/cli/plan.go:93.4,93.48 1 0
github.com/openexec/openexec/internal/cli/plan.go:93.48,95.5 1 0
github.com/openexec/openexec/internal/cli/plan.go:99.3,100.17 2 0
github.com/openexec/openexec/internal/cli/plan.go:100.17,102.4 1 0
github.com/openexec/openexec/internal/cli/plan.go:105.3,106.17 2 0
github.com/openexec/openexec/internal/cli/plan.go:106.17,108.4 1 0
github.com/openexec/openexec/internal/cli/plan.go:111.3,112.25 2 0
github.com/openexec/openexec/internal/cli/plan.go:112.25,114.4 1 0
github.com/openexec/openexec/internal/cli/plan.go:115.3,115.25 1 0
github.com/openexec/openexec/internal/cli/plan.go:115.25,117.4 1 0
github.com/openexec/openexec/internal/cli/plan.go:120.3,125.20 5 0
github.com/openexec/openexec/internal/cli/plan.go:125.20,127.4 1 0
github.com/openexec/openexec/internal/cli/plan.go:127.9,129.4 1 0
github.com/openexec/openexec/internal/cli/plan.go:130.3,135.57 4 0
github.com/openexec/openexec/internal/cli/plan.go:135.57,137.4 1 0
github.com/openexec/openexec/internal/cli/plan.go:140.3,144.43 3 0
github.com/openexec/openexec/internal/cli/plan.go:144.43,146.4 1 0
github.com/openexec/openexec/internal/cli/plan.go:150.3,154.17 3 0
github.com/openexec/openexec/internal/cli/plan.go:154.17,156.4 1 0
github.com/openexec/openexec/internal/cli/plan.go:158.3,161.13 3 0
github.com/openexec/openexec/internal/cli/plan.go:165.13,172.2 4 1
github.com/openexec/openexec/internal/cli/release.go:30.54,35.17 4 0
github.com/openexec/openexec/internal/cli/release.go:35.17,37.4 1 0
github.com/openexec/openexec/internal/cli/release.go:39.3,40.17 2 0
github.com/openexec/openexec/internal/cli/release.go:40.17,42.4 1 0
github.com/openexec/openexec/internal/cli/release.go:44.3,45.17 2 0
github.com/openexec/openexec/internal/cli/release.go:45.17,47.4 1 0
github.com/openexec/openexec/internal/cli/release.go:49.3,50.45 2 0
github.com/openexec/openexec/internal/cli/release.go:50.45,52.4 1 0
github.com/openexec/openexec/internal/cli/release.go:53.3,53.38 1 0
github.com/openexec/openexec/internal/cli/release.go:53.38,55.4 1 0
github.com/openexec/openexec/internal/cli/release.go:57.3,57.13 1 0
github.com/openexec/openexec/internal/cli/release.go:64.54,66.17 2 0
github.com/openexec/openexec/internal/cli/release.go:66.17,68.4 1 0
github.com/openexec/openexec/internal/cli/release.go:70.3,71.17 2 0
github.com/openexec/openexec/internal/cli/release.go:71.17,74.4 2 0
github.com/openexec/openexec/internal/cli/release.go:76.3,77.17 2 0
github.com/openexec/openexec/internal/cli/release.go:77.17,79.18 2 0
github.com/openexec/openexec/internal/cli/release.go:79.18,81.5 1 0
github.com/openexec/openexec/internal/cli/release.go:82.4,83.14 2 0
github.com/openexec/openexec/internal/cli/release.go:86.3,89.28 4 0
github.com/openexec/openexec/internal/cli/release.go:89.28,91.4 1 0
github.com/openexec/openexec/internal/cli/release.go:92.3,93.21 2 0
github.com/openexec/openexec/internal/cli/release.go:93.21,95.25 2 0
github.com/openexec/openexec/internal/cli/release.go:95.25,97.5 1 0
github.com/openexec/openexec/internal/cli/release.go:99.3,99.26 1 0
github.com/openexec/openexec/internal/cli/release.go:99.26,101.37 2 0
github.com/openexec/openexec/internal/cli/release.go:101.37,103.5 1 0
github.com/openexec/openexec/internal/cli/release.go:106.3,106.13 1 0
github.com/openexec/openexec/internal/cli/release.go:117.54,119.17 2 0
github.com/openexec/openexec/internal/cli/release.go:119.17,121.4 1 0
github.com/openexec/openexec/internal/cli/release.go:123.3,126.17 3 0
github.com/openexec/openexec/internal/cli/release.go:126.17,128.18 2 0
github.com/openexec/openexec/internal/cli/release.go:128.18,130.5 1 0
github.com/openexec/openexec/internal/cli/release.go:131.4,132.18 2 0
github.com/openexec/openexec/internal/cli/release.go:132.18,134.5 1 0
github.com/openexec/openexec/internal/cli/release.go:135.4,136.14 2 0
github.com/openexec/openexec/internal/cli/release.go:139.3,148.19 8 0
github.com/openexec/openexec/internal/cli/release.go:148.19,150.4 1 0
github.com/openexec/openexec/internal/cli/release.go:150.9,152.4 1 0
github.com/openexec/openexec/internal/cli/release.go:153.3,153.17 1 0
github.com/openexec/openexec/internal/cli/release.go:153.17,155.4 1 0
github.com/openexec/openexec/internal/cli/release.go:157.3,158.23 2 0
github.com/openexec/openexec/internal/cli/release.go:158.23,159.77 1 0
github.com/openexec/openexec/internal/cli/release.go:159.77,161.5 1 0
github.com/openexec/openexec/internal/cli/release.go:162.4,162.55 1 0
github.com/openexec/openexec/internal/cli/release.go:163.9,165.4 1 0
github.com/openexec/openexec/internal/cli/release.go:167.3,167.13 1 0
github.com/openexec/openexec/internal/cli/release.go:180.54,182.17 2 0
github.com/openexec/openexec/internal/cli/release.go:182.17,184.4 1 0
github.com/openexec/openexec/internal/cli/release.go:186.3,187.20 2 0
github.com/openexec/openexec/internal/cli/release.go:187.20,189.18 2 0
github.com/openexec/openexec/internal/cli/release.go:189.18,191.5 1 0
github.com/openexec/openexec/internal/cli/release.go:194.3,196.49 2 0
github.com/openexec/openexec/internal/cli/release.go:196.49,198.4 1 0
github.com/openexec/openexec/internal/cli/release.go:200.3,201.35 2 0
github.com/openexec/openexec/internal/cli/release.go:201.35,204.12 2 0
github.com/openexec/openexec/internal/cli/release.go:204.12,205.52 1 0
github.com/openexec/openexec/internal/cli/release.go:205.52,207.6 1 0
github.com/openexec/openexec/internal/cli/release.go:208.5,208.41 1 0
github.com/openexec/openexec/internal/cli/release.go:212.3,212.13 1 0
github.com/openexec/openexec/internal/cli/release.go:229.54,231.17 2 0
github.com/openexec/openexec/internal/cli/release.go:231.17,233.4 1 0
github.com/openexec/openexec/internal/cli/release.go:235.3,239.17 4 0
github.com/openexec/openexec/internal/cli/release.go:239.17,241.4 1 0
github.com/openexec/openexec/internal/cli/release.go:244.3,244.13 1 0
github.com/openexec/openexec/internal/cli/release.go:244.13,245.35 1 0
github.com/openexec/openexec/internal/cli/release.go:245.35,249.5 3 0
github.com/openexec/openexec/internal/cli/release.go:251.4,252.41 2 0
github.com/openexec/openexec/internal/cli/release.go:252.41,255.41 3 0
github.com/openexec/openexec/internal/cli/release.go:255.41,257.6 1 0
github.com/openexec/openexec/internal/cli/release.go:258.5,258.68 1 0
github.com/openexec/openexec/internal/cli/release.go:261.4,261.30 1 0
github.com/openexec/openexec/internal/cli/release.go:261.30,263.24 2 0
github.com/openexec/openexec/internal/cli/release.go:263.24,266.14 3 0
github.com/openexec/openexec/internal/cli/release.go:266.14,268.7 1 0
github.com/openexec/openexec/internal/cli/release.go:270.5,270.32 1 0
github.com/openexec/openexec/internal/cli/release.go:270.32,272.14 2 0
github.com/openexec/openexec/internal/cli/release.go:272.14,274.7 1 0
github.com/openexec/openexec/internal/cli/release.go:276.5,276.88 1 0
github.com/openexec/openexec/internal/cli/release.go:276.88,278.80 2 0
github.com/openexec/openexec/internal/cli/release.go:278.80,280.7 1 0
github.com/openexec/openexec/internal/cli/release.go:284.4,285.14 2 0
github.com/openexec/openexec/internal/cli/release.go:289.3,289.37 1 0
github.com/openexec/openexec/internal/cli/release.go:289.37,294.4 4 0
github.com/openexec/openexec/internal/cli/release.go:296.3,297.43 2 0
github.com/openexec/openexec/internal/cli/release.go:297.43,299.4 1 0
github.com/openexec/openexec/internal/cli/release.go:301.3,301.29 1 0
github.com/openexec/openexec/internal/cli/release.go:301.29,303.36 2 0
github.com/openexec/openexec/internal/cli/release.go:303.36,305.5 1 0
github.com/openexec/openexec/internal/cli/release.go:308.3,308.29 1 0
github.com/openexec/openexec/internal/cli/release.go:308.29,312.28 3 0
github.com/openexec/openexec/internal/cli/release.go:312.28,314.13 2 0
github.com/openexec/openexec/internal/cli/release.go:314.13,315.53 1 0
github.com/openexec/openexec/internal/cli/release.go:315.53,317.7 1 0
github.com/openexec/openexec/internal/cli/release.go:317.12,319.7 1 0
github.com/openexec/openexec/internal/cli/release.go:322.4,322.34 1 0
github.com/openexec/openexec/internal/cli/release.go:322.34,324.13 2 0
github.com/openexec/openexec/internal/cli/release.go:324.13,325.71 1 0
github.com/openexec/openexec/internal/cli/release.go:325.71,327.7 1 0
github.com/openexec/openexec/internal/cli/release.go:327.12,329.7 1 0
github.com/openexec/openexec/internal/cli/release.go:333.4,333.60 1 0
github.com/openexec/openexec/internal/cli/release.go:333.60,334.40 1 0
github.com/openexec/openexec/internal/cli/release.go:334.40,335.80 1 0
github.com/openexec/openexec/internal/cli/release.go:335.80,338.7 2 0
github.com/openexec/openexec/internal/cli/release.go:343.3,343.13 1 0
github.com/openexec/openexec/internal/cli/release.go:354.54,356.17 2 0
github.com/openexec/openexec/internal/cli/release.go:356.17,358.4 1 0
github.com/openexec/openexec/internal/cli/release.go:360.3,361.17 2 0
github.com/openexec/openexec/internal/cli/release.go:361.17,363.4 1 0
github.com/openexec/openexec/internal/cli/release.go:365.3,365.45 1 0
github.com/openexec/openexec/internal/cli/release.go:365.45,367.4 1 0
github.com/openexec/openexec/internal/cli/release.go:369.3,371.27 3 0
github.com/openexec/openexec/internal/cli/release.go:371.27,373.4 1 0
github.com/openexec/openexec/internal/cli/release.go:375.3,375.48 1 0
github.com/openexec/openexec/internal/cli/release.go:375.48,377.4 1 0
github.com/openexec/openexec/internal/cli/release.go:379.3,380.13 2 0
github.com/openexec/openexec/internal/cli/release.go:387.54,389.17 2 0
github.com/openexec/openexec/internal/cli/release.go:389.17,391.4 1 0
github.com/openexec/openexec/internal/cli/release.go:393.3,393.39 1 0
github.com/openexec/openexec/internal/cli/release.go:393.39,397.4 3 0
github.com/openexec/openexec/internal/cli/release.go:399.3,404.36 4 0
github.com/openexec/openexec/internal/cli/release.go:404.36,406.22 2 0
github.com/openexec/openexec/internal/cli/release.go:406.22,408.5 1 0
github.com/openexec/openexec/internal/cli/release.go:409.4,409.19 1 0
github.com/openexec/openexec/internal/cli/release.go:409.19,411.5 1 0
github.com/openexec/openexec/internal/cli/release.go:414.3,414.21 1 0
github.com/openexec/openexec/internal/cli/release.go:414.21,416.4 1 0
github.com/openexec/openexec/internal/cli/release.go:418.3,419.18 2 0
github.com/openexec/openexec/internal/cli/release.go:419.18,421.4 1 0
github.com/openexec/openexec/internal/cli/release.go:423.3,423.66 1 0
github.com/openexec/openexec/internal/cli/release.go:423.66,425.4 1 0
github.com/openexec/openexec/internal/cli/release.go:427.3,428.13 2 0
github.com/openexec/openexec/internal/cli/release.go:438.54,440.17 2 0
github.com/openexec/openexec/internal/cli/release.go:440.17,442.4 1 0
github.com/openexec/openexec/internal/cli/release.go:444.3,444.39 1 0
github.com/openexec/openexec/internal/cli/release.go:444.39,448.4 3 0
github.com/openexec/openexec/internal/cli/release.go:450.3,453.17 3 0
github.com/openexec/openexec/internal/cli/release.go:453.17,455.18 2 0
github.com/openexec/openexec/internal/cli/release.go:455.18,457.5 1 0
github.com/openexec/openexec/internal/cli/release.go:458.4,459.14 2 0
github.com/openexec/openexec/internal/cli/release.go:462.3,464.29 2 0
github.com/openexec/openexec/internal/cli/release.go:464.29,467.36 3 0
github.com/openexec/openexec/internal/cli/release.go:467.36,469.5 1 0
github.com/openexec/openexec/internal/cli/release.go:470.4,470.17 1 0
github.com/openexec/openexec/internal/cli/release.go:473.3,473.31 1 0
github.com/openexec/openexec/internal/cli/release.go:473.31,476.38 3 0
github.com/openexec/openexec/internal/cli/release.go:476.38,478.5 1 0
github.com/openexec/openexec/internal/cli/release.go:479.4,479.17 1 0
github.com/openexec/openexec/internal/cli/release.go:482.3,482.29 1 0
github.com/openexec/openexec/internal/cli/release.go:482.29,487.4 4 0
github.com/openexec/openexec/internal/cli/release.go:489.3,489.16 1 0
github.com/openexec/openexec/internal/cli/release.go:489.16,491.4 1 0
github.com/openexec/openexec/internal/cli/release.go:493.3,493.13 1 0
github.com/openexec/openexec/internal/cli/release.go:513.54,518.17 4 0
github.com/openexec/openexec/internal/cli/release.go:518.17,520.4 1 0
github.com/openexec/openexec/internal/cli/release.go:522.3,526.22 4 0
github.com/openexec/openexec/internal/cli/release.go:526.22,528.4 1 0
github.com/openexec/openexec/internal/cli/release.go:530.3,539.48 2 0
github.com/openexec/openexec/internal/cli/release.go:539.48,541.4 1 0
github.com/openexec/openexec/internal/cli/release.go:543.3,546.49 4 0
github.com/openexec/openexec/internal/cli/release.go:546.49,548.4 1 0
github.com/openexec/openexec/internal/cli/release.go:550.3,550.13 1 0
github.com/openexec/openexec/internal/cli/release.go:557.54,559.17 2 0
github.com/openexec/openexec/internal/cli/release.go:559.17,561.4 1 0
github.com/openexec/openexec/internal/cli/release.go:563.3,566.17 3 0
github.com/openexec/openexec/internal/cli/release.go:566.17,568.18 2 0
github.com/openexec/openexec/internal/cli/release.go:568.18,570.5 1 0
github.com/openexec/openexec/internal/cli/release.go:571.4,572.14 2 0
github.com/openexec/openexec/internal/cli/release.go:575.3,575.24 1 0
github.com/openexec/openexec/internal/cli/release.go:575.24,578.4 2 0
github.com/openexec/openexec/internal/cli/release.go:580.3,581.33 2 0
github.com/openexec/openexec/internal/cli/release.go:581.33,584.50 3 0
github.com/openexec/openexec/internal/cli/release.go:584.50,586.5 1 0
github.com/openexec/openexec/internal/cli/release.go:587.4,588.22 2 0
github.com/openexec/openexec/internal/cli/release.go:588.22,590.29 2 0
github.com/openexec/openexec/internal/cli/release.go:590.29,591.44 1 0
github.com/openexec/openexec/internal/cli/release.go:591.44,593.7 1 0
github.com/openexec/openexec/internal/cli/release.go:595.5,595.71 1 0
github.com/openexec/openexec/internal/cli/release.go:599.3,599.13 1 0
github.com/openexec/openexec/internal/cli/release.go:607.54,611.17 3 0
github.com/openexec/openexec/internal/cli/release.go:611.17,613.4 1 0
github.com/openexec/openexec/internal/cli/release.go:615.3,616.19 2 0
github.com/openexec/openexec/internal/cli/release.go:616.19,618.4 1 0
github.com/openexec/openexec/internal/cli/release.go:620.3,621.17 2 0
github.com/openexec/openexec/internal/cli/release.go:621.17,623.18 2 0
github.com/openexec/openexec/internal/cli/release.go:623.18,625.5 1 0
github.com/openexec/openexec/internal/cli/release.go:626.4,627.14 2 0
github.com/openexec/openexec/internal/cli/release.go:630.3,636.23 6 0
github.com/openexec/openexec/internal/cli/release.go:636.23,639.32 3 0
github.com/openexec/openexec/internal/cli/release.go:639.32,642.5 2 0
github.com/openexec/openexec/internal/cli/release.go:645.3,645.28 1 0
github.com/openexec/openexec/internal/cli/release.go:645.28,648.39 3 0
github.com/openexec/openexec/internal/cli/release.go:648.39,650.5 1 0
github.com/openexec/openexec/internal/cli/release.go:653.3,654.21 2 0
github.com/openexec/openexec/internal/cli/release.go:654.21,656.31 2 0
github.com/openexec/openexec/internal/cli/release.go:656.31,659.5 2 0
github.com/openexec/openexec/internal/cli/release.go:662.3,662.13 1 0
github.com/openexec/openexec/internal/cli/release.go:673.54,677.17 3 0
github.com/openexec/openexec/internal/cli/release.go:677.17,679.4 1 0
github.com/openexec/openexec/internal/cli/release.go:681.3,681.58 1 0
github.com/openexec/openexec/internal/cli/release.go:681.58,683.4 1 0
github.com/openexec/openexec/internal/cli/release.go:685.3,686.13 2 0
github.com/openexec/openexec/internal/cli/release.go:694.54,698.17 3 0
github.com/openexec/openexec/internal/cli/release.go:698.17,700.4 1 0
github.com/openexec/openexec/internal/cli/release.go:702.3,702.39 1 0
github.com/openexec/openexec/internal/cli/release.go:702.39,705.4 2 0
github.com/openexec/openexec/internal/cli/release.go:707.3,712.36 4 0
github.com/openexec/openexec/internal/cli/release.go:712.36,714.22 2 0
github.com/openexec/openexec/internal/cli/release.go:714.22,716.5 1 0
github.com/openexec/openexec/internal/cli/release.go:717.4,717.19 1 0
github.com/openexec/openexec/internal/cli/release.go:717.19,719.5 1 0
github.com/openexec/openexec/internal/cli/release.go:722.3,722.21 1 0
github.com/openexec/openexec/internal/cli/release.go:722.21,724.4 1 0
github.com/openexec/openexec/internal/cli/release.go:726.3,727.18 2 0
github.com/openexec/openexec/internal/cli/release.go:727.18,729.4 1 0
github.com/openexec/openexec/internal/cli/release.go:731.3,731.73 1 0
github.com/openexec/openexec/internal/cli/release.go:731.73,733.4 1 0
github.com/openexec/openexec/internal/cli/release.go:735.3,738.39 2 0
github.com/openexec/openexec/internal/cli/release.go:738.39,740.18 2 0
github.com/openexec/openexec/internal/cli/release.go:740.18,742.5 1 0
github.com/openexec/openexec/internal/cli/release.go:742.10,742.44 1 0
github.com/openexec/openexec/internal/cli/release.go:742.44,743.45 1 0
github.com/openexec/openexec/internal/cli/release.go:743.45,745.6 1 0
github.com/openexec/openexec/internal/cli/release.go:746.5,746.31 1 0
github.com/openexec/openexec/internal/cli/release.go:746.31,747.41 1 0
github.com/openexec/openexec/internal/cli/release.go:747.41,749.97 2 0
github.com/openexec/openexec/internal/cli/release.go:749.97,752.8 2 0
github.com/openexec/openexec/internal/cli/release.go:752.13,754.8 1 0
github.com/openexec/openexec/internal/cli/release.go:755.12,757.7 1 0
github.com/openexec/openexec/internal/cli/release.go:758.6,758.30 1 0
github.com/openexec/openexec/internal/cli/release.go:758.30,760.7 1 0
github.com/openexec/openexec/internal/cli/release.go:761.6,761.36 1 0
github.com/openexec/openexec/internal/cli/release.go:761.36,763.7 1 0
github.com/openexec/openexec/internal/cli/release.go:768.3,768.13 1 0
github.com/openexec/openexec/internal/cli/release.go:809.54,812.20 2 0
github.com/openexec/openexec/internal/cli/release.go:812.20,814.4 1 0
github.com/openexec/openexec/internal/cli/release.go:816.3,820.17 3 0
github.com/openexec/openexec/internal/cli/release.go:820.17,822.4 1 0
github.com/openexec/openexec/internal/cli/release.go:824.3,830.51 2 0
github.com/openexec/openexec/internal/cli/release.go:830.51,833.71 2 0
github.com/openexec/openexec/internal/cli/release.go:833.71,836.5 2 0
github.com/openexec/openexec/internal/cli/release.go:836.10,838.5 1 0
github.com/openexec/openexec/internal/cli/release.go:842.3,842.29 1 0
github.com/openexec/openexec/internal/cli/release.go:842.29,844.4 1 0
github.com/openexec/openexec/internal/cli/release.go:844.9,844.100 1 0
github.com/openexec/openexec/internal/cli/release.go:844.100,846.4 1 0
github.com/openexec/openexec/internal/cli/release.go:848.3,850.24 2 0
github.com/openexec/openexec/internal/cli/release.go:850.24,853.4 2 0
github.com/openexec/openexec/internal/cli/release.go:856.3,856.24 1 0
github.com/openexec/openexec/internal/cli/release.go:856.24,861.30 4 0
github.com/openexec/openexec/internal/cli/release.go:861.30,862.23 1 0
github.com/openexec/openexec/internal/cli/release.go:862.23,864.36 2 0
github.com/openexec/openexec/internal/cli/release.go:864.36,866.7 1 0
github.com/openexec/openexec/internal/cli/release.go:870.4,870.31 1 0
github.com/openexec/openexec/internal/cli/release.go:870.31,871.34 1 0
github.com/openexec/openexec/internal/cli/release.go:871.34,873.6 1 0
github.com/openexec/openexec/internal/cli/release.go:874.5,874.35 1 0
github.com/openexec/openexec/internal/cli/release.go:874.35,876.6 1 0
github.com/openexec/openexec/internal/cli/release.go:878.4,878.44 1 0
github.com/openexec/openexec/internal/cli/release.go:881.3,881.13 1 0
github.com/openexec/openexec/internal/cli/release.go:881.13,883.31 2 0
github.com/openexec/openexec/internal/cli/release.go:883.31,885.5 1 0
github.com/openexec/openexec/internal/cli/release.go:886.4,886.30 1 0
github.com/openexec/openexec/internal/cli/release.go:886.30,888.31 2 0
github.com/openexec/openexec/internal/cli/release.go:888.31,890.18 2 0
github.com/openexec/openexec/internal/cli/release.go:890.18,893.7 1 0
github.com/openexec/openexec/internal/cli/release.go:894.6,894.45 1 0
github.com/openexec/openexec/internal/cli/release.go:897.4,897.14 1 0
github.com/openexec/openexec/internal/cli/release.go:900.3,901.17 2 0
github.com/openexec/openexec/internal/cli/release.go:901.17,903.4 1 0
github.com/openexec/openexec/internal/cli/release.go:906.3,907.30 2 0
github.com/openexec/openexec/internal/cli/release.go:907.30,909.23 2 0
github.com/openexec/openexec/internal/cli/release.go:909.23,912.52 2 0
github.com/openexec/openexec/internal/cli/release.go:912.52,914.14 2 0
github.com/openexec/openexec/internal/cli/release.go:916.5,916.19 1 0
github.com/openexec/openexec/internal/cli/release.go:921.3,929.36 6 0
github.com/openexec/openexec/internal/cli/release.go:929.36,931.48 1 0
github.com/openexec/openexec/internal/cli/release.go:931.48,933.13 2 0
github.com/openexec/openexec/internal/cli/release.go:937.4,938.23 2 0
github.com/openexec/openexec/internal/cli/release.go:938.23,941.13 3 0
github.com/openexec/openexec/internal/cli/release.go:945.4,958.49 2 0
github.com/openexec/openexec/internal/cli/release.go:958.49,960.13 2 0
github.com/openexec/openexec/internal/cli/release.go:963.4,967.43 3 0
github.com/openexec/openexec/internal/cli/release.go:967.43,969.21 2 0
github.com/openexec/openexec/internal/cli/release.go:969.21,971.6 1 0
github.com/openexec/openexec/internal/cli/release.go:973.5,982.48 2 0
github.com/openexec/openexec/internal/cli/release.go:982.48,984.14 2 0
github.com/openexec/openexec/internal/cli/release.go:987.5,988.64 2 0
github.com/openexec/openexec/internal/cli/release.go:992.3,995.18 4 0
github.com/openexec/openexec/internal/cli/release.go:995.18,997.4 1 0
github.com/openexec/openexec/internal/cli/release.go:999.3,999.13 1 0
github.com/openexec/openexec/internal/cli/release.go:1017.54,1022.17 4 0
github.com/openexec/openexec/internal/cli/release.go:1022.17,1024.4 1 0
github.com/openexec/openexec/internal/cli/release.go:1026.3,1030.20 4 0
github.com/openexec/openexec/internal/cli/release.go:1030.20,1032.4 1 0
github.com/openexec/openexec/internal/cli/release.go:1035.3,1036.19 2 0
github.com/openexec/openexec/internal/cli/release.go:1036.19,1038.4 1 0
github.com/openexec/openexec/internal/cli/release.go:1040.3,1048.46 2 0
github.com/openexec/openexec/internal/cli/release.go:1048.46,1050.4 1 0
github.com/openexec/openexec/internal/cli/release.go:1052.3,1055.47 4 0
github.com/openexec/openexec/internal/cli/release.go:1055.47,1057.4 1 0
github.com/openexec/openexec/internal/cli/release.go:1058.3,1058.18 1 0
github.com/openexec/openexec/internal/cli/release.go:1058.18,1060.4 1 0
github.com/openexec/openexec/internal/cli/release.go:1062.3,1062.13 1 0
github.com/openexec/openexec/internal/cli/release.go:1077.54,1081.17 3 0
github.com/openexec/openexec/internal/cli/release.go:1081.17,1083.4 1 0
github.com/openexec/openexec/internal/cli/release.go:1085.3,1086.17 2 0
github.com/openexec/openexec/internal/cli/release.go:1086.17,1088.4 1 0
github.com/openexec/openexec/internal/cli/release.go:1090.3,1092.27 2 0
github.com/openexec/openexec/internal/cli/release.go:1092.27,1093.31 1 0
github.com/openexec/openexec/internal/cli/release.go:1093.31,1096.5 2 0
github.com/openexec/openexec/internal/cli/release.go:1096.10,1096.33 1 0
github.com/openexec/openexec/internal/cli/release.go:1096.33,1098.5 1 0
github.com/openexec/openexec/internal/cli/release.go:1101.3,1101.29 1 0
github.com/openexec/openexec/internal/cli/release.go:1101.29,1103.28 2 0
github.com/openexec/openexec/internal/cli/release.go:1103.28,1105.5 1 0
github.com/openexec/openexec/internal/cli/release.go:1106.4,1106.34 1 0
github.com/openexec/openexec/internal/cli/release.go:1106.34,1108.5 1 0
github.com/openexec/openexec/internal/cli/release.go:1109.4,1109.60 1 0
github.com/openexec/openexec/internal/cli/release.go:1109.60,1111.54 2 0
github.com/openexec/openexec/internal/cli/release.go:1111.54,1112.80 1 0
github.com/openexec/openexec/internal/cli/release.go:1112.80,1115.7 2 0
github.com/openexec/openexec/internal/cli/release.go:1120.3,1120.25 1 0
github.com/openexec/openexec/internal/cli/release.go:1120.25,1122.4 1 0
github.com/openexec/openexec/internal/cli/release.go:1124.3,1124.13 1 0
github.com/openexec/openexec/internal/cli/release.go:1131.54,1133.17 2 0
github.com/openexec/openexec/internal/cli/release.go:1133.17,1135.4 1 0
github.com/openexec/openexec/internal/cli/release.go:1137.3,1140.20 3 0
github.com/openexec/openexec/internal/cli/release.go:1140.20,1142.4 1 0
github.com/openexec/openexec/internal/cli/release.go:1142.9,1144.4 1 0
github.com/openexec/openexec/internal/cli/release.go:1146.3,1147.17 2 0
github.com/openexec/openexec/internal/cli/release.go:1147.17,1149.18 2 0
github.com/openexec/openexec/internal/cli/release.go:1149.18,1151.5 1 0
github.com/openexec/openexec/internal/cli/release.go:1152.4,1153.14 2 0
github.com/openexec/openexec/internal/cli/release.go:1156.3,1156.22 1 0
github.com/openexec/openexec/internal/cli/release.go:1156.22,1159.4 2 0
github.com/openexec/openexec/internal/cli/release.go:1161.3,1162.30 2 0
github.com/openexec/openexec/internal/cli/release.go:1162.30,1165.52 3 0
github.com/openexec/openexec/internal/cli/release.go:1165.52,1167.5 1 0
github.com/openexec/openexec/internal/cli/release.go:1170.3,1170.13 1 0
github.com/openexec/openexec/internal/cli/release.go:1178.54,1183.17 4 0
github.com/openexec/openexec/internal/cli/release.go:1183.17,1185.4 1 0
github.com/openexec/openexec/internal/cli/release.go:1187.3,1187.66 1 0
github.com/openexec/openexec/internal/cli/release.go:1187.66,1189.4 1 0
github.com/openexec/openexec/internal/cli/release.go:1191.3,1192.26 2 0
github.com/openexec/openexec/internal/cli/release.go:1192.26,1194.4 1 0
github.com/openexec/openexec/internal/cli/release.go:1195.3,1196.13 2 0
github.com/openexec/openexec/internal/cli/release.go:1210.54,1212.17 2 0
github.com/openexec/openexec/internal/cli/release.go:1212.17,1214.4 1 0
github.com/openexec/openexec/internal/cli/release.go:1216.3,1216.34 1 0
github.com/openexec/openexec/internal/cli/release.go:1216.34,1218.4 1 0
github.com/openexec/openexec/internal/cli/release.go:1220.3,1223.10 3 0
github.com/openexec/openexec/internal/cli/release.go:1223.10,1225.4 1 0
github.com/openexec/openexec/internal/cli/release.go:1227.3,1228.17 2 0
github.com/openexec/openexec/internal/cli/release.go:1228.17,1230.4 1 0
github.com/openexec/openexec/internal/cli/release.go:1232.3,1232.18 1 0
github.com/openexec/openexec/internal/cli/release.go:1232.18,1234.4 1 0
github.com/openexec/openexec/internal/cli/release.go:1234.9,1236.4 1 0
github.com/openexec/openexec/internal/cli/release.go:1238.3,1238.13 1 0
github.com/openexec/openexec/internal/cli/release.go:1250.54,1254.17 3 0
github.com/openexec/openexec/internal/cli/release.go:1254.17,1256.4 1 0
github.com/openexec/openexec/internal/cli/release.go:1258.3,1261.35 3 0
github.com/openexec/openexec/internal/cli/release.go:1261.35,1263.4 1 0
github.com/openexec/openexec/internal/cli/release.go:1265.3,1265.64 1 0
github.com/openexec/openexec/internal/cli/release.go:1265.64,1267.4 1 0
github.com/openexec/openexec/internal/cli/release.go:1269.3,1270.19 2 0
github.com/openexec/openexec/internal/cli/release.go:1270.19,1272.4 1 0
github.com/openexec/openexec/internal/cli/release.go:1273.3,1273.18 1 0
github.com/openexec/openexec/internal/cli/release.go:1273.18,1275.4 1 0
github.com/openexec/openexec/internal/cli/release.go:1276.3,1276.13 1 0
github.com/openexec/openexec/internal/cli/release.go:1284.54,1288.17 3 0
github.com/openexec/openexec/internal/cli/release.go:1288.17,1290.4 1 0
github.com/openexec/openexec/internal/cli/release.go:1292.3,1292.39 1 0
github.com/openexec/openexec/internal/cli/release.go:1292.39,1295.4 2 0
github.com/openexec/openexec/internal/cli/release.go:1297.3,1302.36 4 0
github.com/openexec/openexec/internal/cli/release.go:1302.36,1304.22 2 0
github.com/openexec/openexec/internal/cli/release.go:1304.22,1306.5 1 0
github.com/openexec/openexec/internal/cli/release.go:1307.4,1307.19 1 0
github.com/openexec/openexec/internal/cli/release.go:1307.19,1309.5 1 0
github.com/openexec/openexec/internal/cli/release.go:1312.3,1312.21 1 0
github.com/openexec/openexec/internal/cli/release.go:1312.21,1314.4 1 0
github.com/openexec/openexec/internal/cli/release.go:1317.3,1318.18 2 0
github.com/openexec/openexec/internal/cli/release.go:1318.18,1320.4 1 0
github.com/openexec/openexec/internal/cli/release.go:1322.3,1322.71 1 0
github.com/openexec/openexec/internal/cli/release.go:1322.71,1324.4 1 0
github.com/openexec/openexec/internal/cli/release.go:1326.3,1327.13 2 0
github.com/openexec/openexec/internal/cli/release.go:1345.54,1347.17 2 0
github.com/openexec/openexec/internal/cli/release.go:1347.17,1349.4 1 0
github.com/openexec/openexec/internal/cli/release.go:1351.3,1355.29 4 0
github.com/openexec/openexec/internal/cli/release.go:1355.29,1356.22 1 0
github.com/openexec/openexec/internal/cli/release.go:1356.22,1358.5 1 0
github.com/openexec/openexec/internal/cli/release.go:1361.3,1364.20 3 0
github.com/openexec/openexec/internal/cli/release.go:1364.20,1366.48 2 0
github.com/openexec/openexec/internal/cli/release.go:1366.48,1369.5 2 0
github.com/openexec/openexec/internal/cli/release.go:1369.10,1371.5 1 0
github.com/openexec/openexec/internal/cli/release.go:1372.9,1373.25 1 0
github.com/openexec/openexec/internal/cli/release.go:1373.25,1376.5 2 0
github.com/openexec/openexec/internal/cli/release.go:1377.4,1377.47 1 0
github.com/openexec/openexec/internal/cli/release.go:1377.47,1380.28 3 0
github.com/openexec/openexec/internal/cli/release.go:1380.28,1382.6 1 0
github.com/openexec/openexec/internal/cli/release.go:1382.11,1382.34 1 0
github.com/openexec/openexec/internal/cli/release.go:1382.34,1384.6 1 0
github.com/openexec/openexec/internal/cli/release.go:1388.3,1388.13 1 0
github.com/openexec/openexec/internal/cli/release.go:1392.65,1394.28 2 0
github.com/openexec/openexec/internal/cli/release.go:1394.28,1397.78 2 0
github.com/openexec/openexec/internal/cli/release.go:1397.78,1399.4 1 0
github.com/openexec/openexec/internal/cli/release.go:1401.3,1401.33 1 0
github.com/openexec/openexec/internal/cli/release.go:1401.33,1403.15 2 0
github.com/openexec/openexec/internal/cli/release.go:1403.15,1407.19 4 0
github.com/openexec/openexec/internal/cli/release.go:1407.19,1410.6 2 0
github.com/openexec/openexec/internal/cli/release.go:1410.11,1412.6 1 0
github.com/openexec/openexec/internal/cli/release.go:1414.9,1414.21 1 0
github.com/openexec/openexec/internal/cli/release.go:1414.21,1416.4 1 0
github.com/openexec/openexec/internal/cli/release.go:1418.2,1418.16 1 0
github.com/openexec/openexec/internal/cli/release.go:1421.13,1515.2 65 1
github.com/openexec/openexec/internal/cli/release.go:1517.70,1519.22 2 0
github.com/openexec/openexec/internal/cli/release.go:1519.22,1522.17 3 0
github.com/openexec/openexec/internal/cli/release.go:1522.17,1524.4 1 0
github.com/openexec/openexec/internal/cli/release.go:1528.2,1530.44 2 0
github.com/openexec/openexec/internal/cli/release.go:1533.59,1539.16 4 0
github.com/openexec/openexec/internal/cli/release.go:1539.16,1541.3 1 0
github.com/openexec/openexec/internal/cli/release.go:1543.2,1555.58 2 0
github.com/openexec/openexec/internal/cli/release.go:1555.58,1557.3 1 0
github.com/openexec/openexec/internal/cli/release.go:1559.2,1559.34 1 0
github.com/openexec/openexec/internal/cli/release.go:1559.34,1561.3 1 0
github.com/openexec/openexec/internal/cli/release.go:1562.2,1562.39 1 0
github.com/openexec/openexec/internal/cli/release.go:1562.39,1564.3 1 0
github.com/openexec/openexec/internal/cli/release.go:1565.2,1565.34 1 0
github.com/openexec/openexec/internal/cli/release.go:1565.34,1567.3 1 0
github.com/openexec/openexec/internal/cli/release.go:1568.2,1568.40 1 0
github.com/openexec/openexec/internal/cli/release.go:1568.40,1570.3 1 0
github.com/openexec/openexec/internal/cli/release.go:1571.2,1571.39 1 0
github.com/openexec/openexec/internal/cli/release.go:1571.39,1573.3 1 0
github.com/openexec/openexec/internal/cli/release.go:1574.2,1574.38 1 0
github.com/openexec/openexec/internal/cli/release.go:1574.38,1576.3 1 0
github.com/openexec/openexec/internal/cli/release.go:1577.2,1577.39 1 0
github.com/openexec/openexec/internal/cli/release.go:1577.39,1579.3 1 0
github.com/openexec/openexec/internal/cli/release.go:1580.2,1580.43 1 0
github.com/openexec/openexec/internal/cli/release.go:1580.43,1582.3 1 0
github.com/openexec/openexec/internal/cli/release.go:1583.2,1583.43 1 0
github.com/openexec/openexec/internal/cli/release.go:1583.43,1585.3 1 0
github.com/openexec/openexec/internal/cli/release.go:1587.2,1587.12 1 0
github.com/openexec/openexec/internal/cli/release.go:1590.39,1591.16 1 0
github.com/openexec/openexec/internal/cli/release.go:1592.27,1593.15 1 0
github.com/openexec/openexec/internal/cli/release.go:1594.21,1595.15 1 0
github.com/openexec/openexec/internal/cli/release.go:1596.18,1597.15 1 0
github.com/openexec/openexec/internal/cli/release.go:1598.16,1599.15 1 0
github.com/openexec/openexec/internal/cli/release.go:1600.42,1601.15 1 0
github.com/openexec/openexec/internal/cli/release.go:1602.10,1603.15 1 0
github.com/openexec/openexec/internal/cli/root.go:19.67,21.3 1 1
github.com/openexec/openexec/internal/cli/root.go:26.16,28.16 2 0
github.com/openexec/openexec/internal/cli/root.go:28.16,30.3 1 0
github.com/openexec/openexec/internal/cli/root.go:33.13,39.100 4 1
github.com/openexec/openexec/internal/cli/root.go:39.100,40.13 1 0
github.com/openexec/openexec/internal/cli/root.go:42.2,42.98 1 1
github.com/openexec/openexec/internal/cli/root.go:42.98,43.13 1 0
github.com/openexec/openexec/internal/cli/start.go:100.54,103.17 2 0
github.com/openexec/openexec/internal/cli/start.go:103.17,105.4 1 0
github.com/openexec/openexec/internal/cli/start.go:108.3,108.64 1 0
github.com/openexec/openexec/internal/cli/start.go:108.64,110.4 1 0
github.com/openexec/openexec/internal/cli/start.go:111.3,111.73 1 0
github.com/openexec/openexec/internal/cli/start.go:111.73,113.4 1 0
github.com/openexec/openexec/internal/cli/start.go:116.3,126.26 4 0
github.com/openexec/openexec/internal/cli/start.go:126.26,128.4 1 0
github.com/openexec/openexec/internal/cli/start.go:129.3,129.18 1 0
github.com/openexec/openexec/internal/cli/start.go:129.18,131.4 1 0
github.com/openexec/openexec/internal/cli/start.go:134.3,134.14 1 0
github.com/openexec/openexec/internal/cli/start.go:134.14,135.14 1 0
github.com/openexec/openexec/internal/cli/start.go:135.14,145.47 6 0
github.com/openexec/openexec/internal/cli/start.go:146.19,147.22 1 0
github.com/openexec/openexec/internal/cli/start.go:148.20,150.40 2 0
github.com/openexec/openexec/internal/cli/start.go:151.13,152.26 1 0
github.com/openexec/openexec/internal/cli/start.go:155.5,155.49 1 0
github.com/openexec/openexec/internal/cli/start.go:155.49,157.56 1 0
github.com/openexec/openexec/internal/cli/start.go:157.56,159.7 1 0
github.com/openexec/openexec/internal/cli/start.go:159.12,161.7 1 0
github.com/openexec/openexec/internal/cli/start.go:164.5,164.22 1 0
github.com/openexec/openexec/internal/cli/start.go:164.22,167.6 2 0
github.com/openexec/openexec/internal/cli/start.go:171.3,177.13 5 0
github.com/openexec/openexec/internal/cli/start.go:205.54,208.17 2 0
github.com/openexec/openexec/internal/cli/start.go:208.17,210.4 1 0
github.com/openexec/openexec/internal/cli/start.go:213.3,213.79 1 0
github.com/openexec/openexec/internal/cli/start.go:213.79,215.4 1 0
github.com/openexec/openexec/internal/cli/start.go:216.3,216.76 1 0
github.com/openexec/openexec/internal/cli/start.go:216.76,217.38 1 0
github.com/openexec/openexec/internal/cli/start.go:217.38,219.5 1 0
github.com/openexec/openexec/internal/cli/start.go:221.3,221.18 1 0
github.com/openexec/openexec/internal/cli/start.go:221.18,223.4 1 0
github.com/openexec/openexec/internal/cli/start.go:224.3,224.64 1 0
github.com/openexec/openexec/internal/cli/start.go:224.64,226.4 1 0
github.com/openexec/openexec/internal/cli/start.go:229.3,230.74 2 0
github.com/openexec/openexec/internal/cli/start.go:230.74,232.4 1 0
github.com/openexec/openexec/internal/cli/start.go:233.3,233.58 1 0
github.com/openexec/openexec/internal/cli/start.go:233.58,235.4 1 0
github.com/openexec/openexec/internal/cli/start.go:238.3,238.34 1 0
github.com/openexec/openexec/internal/cli/start.go:238.34,240.4 1 0
github.com/openexec/openexec/internal/cli/start.go:243.3,244.17 2 0
github.com/openexec/openexec/internal/cli/start.go:244.17,246.4 1 0
github.com/openexec/openexec/internal/cli/start.go:248.3,248.22 1 0
github.com/openexec/openexec/internal/cli/start.go:248.22,255.4 6 0
github.com/openexec/openexec/internal/cli/start.go:258.3,258.20 1 0
github.com/openexec/openexec/internal/cli/start.go:258.20,261.28 3 0
github.com/openexec/openexec/internal/cli/start.go:261.28,262.23 1 0
github.com/openexec/openexec/internal/cli/start.go:262.23,264.11 2 0
github.com/openexec/openexec/internal/cli/start.go:267.4,267.26 1 0
github.com/openexec/openexec/internal/cli/start.go:267.26,269.5 1 0
github.com/openexec/openexec/internal/cli/start.go:270.4,270.20 1 0
github.com/openexec/openexec/internal/cli/start.go:273.3,274.27 2 0
github.com/openexec/openexec/internal/cli/start.go:274.27,275.53 1 0
github.com/openexec/openexec/internal/cli/start.go:275.53,277.5 1 0
github.com/openexec/openexec/internal/cli/start.go:280.3,280.24 1 0
github.com/openexec/openexec/internal/cli/start.go:280.24,283.4 2 0
github.com/openexec/openexec/internal/cli/start.go:285.3,286.26 2 0
github.com/openexec/openexec/internal/cli/start.go:286.26,288.4 1 0
github.com/openexec/openexec/internal/cli/start.go:289.3,289.26 1 0
github.com/openexec/openexec/internal/cli/start.go:289.26,291.4 1 0
github.com/openexec/openexec/internal/cli/start.go:292.3,297.17 4 0
github.com/openexec/openexec/internal/cli/start.go:297.17,299.4 1 0
github.com/openexec/openexec/internal/cli/start.go:302.3,303.17 2 0
github.com/openexec/openexec/internal/cli/start.go:303.17,305.4 1 0
github.com/openexec/openexec/internal/cli/start.go:307.3,308.13 2 0
github.com/openexec/openexec/internal/cli/start.go:329.125,330.22 1 0
github.com/openexec/openexec/internal/cli/start.go:330.22,332.3 1 0
github.com/openexec/openexec/internal/cli/start.go:335.2,338.26 3 0
github.com/openexec/openexec/internal/cli/start.go:338.26,340.52 2 0
github.com/openexec/openexec/internal/cli/start.go:340.52,342.4 1 0
github.com/openexec/openexec/internal/cli/start.go:342.9,344.4 1 0
github.com/openexec/openexec/internal/cli/start.go:346.3,351.35 2 0
github.com/openexec/openexec/internal/cli/start.go:351.35,353.4 1 0
github.com/openexec/openexec/internal/cli/start.go:354.3,354.21 1 0
github.com/openexec/openexec/internal/cli/start.go:357.2,357.21 1 0
github.com/openexec/openexec/internal/cli/start.go:357.21,360.3 2 0
github.com/openexec/openexec/internal/cli/start.go:362.2,370.23 7 0
github.com/openexec/openexec/internal/cli/start.go:370.23,374.30 3 0
github.com/openexec/openexec/internal/cli/start.go:374.30,376.36 1 0
github.com/openexec/openexec/internal/cli/start.go:376.36,377.13 1 0
github.com/openexec/openexec/internal/cli/start.go:381.4,382.38 2 0
github.com/openexec/openexec/internal/cli/start.go:382.38,384.16 2 0
github.com/openexec/openexec/internal/cli/start.go:384.16,386.14 1 0
github.com/openexec/openexec/internal/cli/start.go:388.5,388.42 1 0
github.com/openexec/openexec/internal/cli/start.go:388.42,390.11 2 0
github.com/openexec/openexec/internal/cli/start.go:394.4,394.15 1 0
github.com/openexec/openexec/internal/cli/start.go:394.15,398.5 2 0
github.com/openexec/openexec/internal/cli/start.go:403.2,406.35 2 0
github.com/openexec/openexec/internal/cli/start.go:406.35,408.25 2 0
github.com/openexec/openexec/internal/cli/start.go:408.25,410.33 2 0
github.com/openexec/openexec/internal/cli/start.go:410.33,413.24 2 0
github.com/openexec/openexec/internal/cli/start.go:413.24,416.6 2 0
github.com/openexec/openexec/internal/cli/start.go:417.5,427.35 7 0
github.com/openexec/openexec/internal/cli/start.go:427.35,428.26 1 0
github.com/openexec/openexec/internal/cli/start.go:428.26,430.7 1 0
github.com/openexec/openexec/internal/cli/start.go:433.6,434.20 2 0
github.com/openexec/openexec/internal/cli/start.go:434.20,438.15 4 0
github.com/openexec/openexec/internal/cli/start.go:441.6,446.58 3 0
github.com/openexec/openexec/internal/cli/start.go:446.58,454.27 5 0
github.com/openexec/openexec/internal/cli/start.go:454.27,457.8 2 0
github.com/openexec/openexec/internal/cli/start.go:457.13,460.13 3 0
github.com/openexec/openexec/internal/cli/start.go:462.12,462.27 1 0
github.com/openexec/openexec/internal/cli/start.go:462.27,465.12 2 0
github.com/openexec/openexec/internal/cli/start.go:469.6,469.20 1 0
github.com/openexec/openexec/internal/cli/start.go:469.20,471.7 1 0
github.com/openexec/openexec/internal/cli/start.go:471.12,473.7 1 0
github.com/openexec/openexec/internal/cli/start.go:474.6,474.20 1 0
github.com/openexec/openexec/internal/cli/start.go:477.5,478.17 2 0
github.com/openexec/openexec/internal/cli/start.go:478.17,483.14 5 0
github.com/openexec/openexec/internal/cli/start.go:487.5,487.19 1 0
github.com/openexec/openexec/internal/cli/start.go:487.19,489.26 2 0
github.com/openexec/openexec/internal/cli/start.go:489.26,491.7 1 0
github.com/openexec/openexec/internal/cli/start.go:494.5,504.19 6 0
github.com/openexec/openexec/internal/cli/start.go:504.19,505.34 1 0
github.com/openexec/openexec/internal/cli/start.go:505.34,506.45 1 0
github.com/openexec/openexec/internal/cli/start.go:506.45,513.59 3 0
github.com/openexec/openexec/internal/cli/start.go:513.59,515.9 1 0
github.com/openexec/openexec/internal/cli/start.go:516.8,516.41 1 0
github.com/openexec/openexec/internal/cli/start.go:516.41,518.9 1 0
github.com/openexec/openexec/internal/cli/start.go:519.8,520.20 2 0
github.com/openexec/openexec/internal/cli/start.go:526.5,529.17 3 0
github.com/openexec/openexec/internal/cli/start.go:529.18,533.6 0 0
github.com/openexec/openexec/internal/cli/start.go:536.5,536.17 1 0
github.com/openexec/openexec/internal/cli/start.go:541.2,543.12 2 0
github.com/openexec/openexec/internal/cli/start.go:543.12,544.7 1 0
github.com/openexec/openexec/internal/cli/start.go:544.7,549.16 4 0
github.com/openexec/openexec/internal/cli/start.go:549.16,550.20 1 0
github.com/openexec/openexec/internal/cli/start.go:550.20,552.6 1 0
github.com/openexec/openexec/internal/cli/start.go:553.5,553.11 1 0
github.com/openexec/openexec/internal/cli/start.go:555.4,555.38 1 0
github.com/openexec/openexec/internal/cli/start.go:560.2,563.9 2 0
github.com/openexec/openexec/internal/cli/start.go:564.16,569.74 2 0
github.com/openexec/openexec/internal/cli/start.go:570.10,571.13 1 0
github.com/openexec/openexec/internal/cli/start.go:582.54,584.34 1 0
github.com/openexec/openexec/internal/cli/start.go:584.34,587.4 2 0
github.com/openexec/openexec/internal/cli/start.go:590.3,594.39 3 0
github.com/openexec/openexec/internal/cli/start.go:594.39,598.4 2 0
github.com/openexec/openexec/internal/cli/start.go:601.3,603.33 2 0
github.com/openexec/openexec/internal/cli/start.go:603.33,605.4 1 0
github.com/openexec/openexec/internal/cli/start.go:607.3,608.13 2 0
github.com/openexec/openexec/internal/cli/start.go:615.54,619.33 2 0
github.com/openexec/openexec/internal/cli/start.go:619.33,624.4 4 0
github.com/openexec/openexec/internal/cli/start.go:627.3,628.26 2 0
github.com/openexec/openexec/internal/cli/start.go:628.26,630.4 1 0
github.com/openexec/openexec/internal/cli/start.go:632.3,635.25 4 0
github.com/openexec/openexec/internal/cli/start.go:639.13,667.2 19 1
github.com/openexec/openexec/internal/cli/start.go:670.59,674.34 3 0
github.com/openexec/openexec/internal/cli/start.go:674.34,676.17 2 0
github.com/openexec/openexec/internal/cli/start.go:676.17,678.40 2 0
github.com/openexec/openexec/internal/cli/start.go:678.40,680.5 1 0
github.com/openexec/openexec/internal/cli/start.go:682.3,682.37 1 0
github.com/openexec/openexec/internal/cli/start.go:685.2,685.69 1 0
github.com/openexec/openexec/internal/cli/start.go:689.37,692.16 3 0
github.com/openexec/openexec/internal/cli/start.go:692.16,694.3 1 0
github.com/openexec/openexec/internal/cli/start.go:695.2,696.41 2 0
github.com/openexec/openexec/internal/cli/start.go:700.58,705.57 3 1
github.com/openexec/openexec/internal/cli/start.go:705.57,707.51 2 1
github.com/openexec/openexec/internal/cli/start.go:707.51,710.4 1 1
github.com/openexec/openexec/internal/cli/start.go:714.2,715.53 2 1
github.com/openexec/openexec/internal/cli/start.go:715.53,717.51 2 0
github.com/openexec/openexec/internal/cli/start.go:717.51,720.4 1 0
github.com/openexec/openexec/internal/cli/start.go:724.2,726.16 3 1
github.com/openexec/openexec/internal/cli/start.go:726.16,728.3 1 0
github.com/openexec/openexec/internal/cli/start.go:731.2,750.50 3 1
github.com/openexec/openexec/internal/cli/start.go:750.50,752.3 1 0
github.com/openexec/openexec/internal/cli/start.go:755.2,755.45 1 1
github.com/openexec/openexec/internal/cli/start.go:755.45,757.3 1 0
github.com/openexec/openexec/internal/cli/start.go:760.2,763.35 3 1
github.com/openexec/openexec/internal/cli/start.go:763.35,764.36 1 1
github.com/openexec/openexec/internal/cli/start.go:764.36,765.21 1 1
github.com/openexec/openexec/internal/cli/start.go:765.21,770.91 3 1
github.com/openexec/openexec/internal/cli/start.go:770.91,772.6 1 0
github.com/openexec/openexec/internal/cli/start.go:778.2,778.35 1 1
github.com/openexec/openexec/internal/cli/start.go:778.35,779.54 1 1
github.com/openexec/openexec/internal/cli/start.go:779.54,782.40 2 1
github.com/openexec/openexec/internal/cli/start.go:782.40,784.21 2 1
github.com/openexec/openexec/internal/cli/start.go:784.21,785.14 1 0
github.com/openexec/openexec/internal/cli/start.go:789.5,790.20 2 1
github.com/openexec/openexec/internal/cli/start.go:790.20,792.6 1 1
github.com/openexec/openexec/internal/cli/start.go:796.5,796.30 1 1
github.com/openexec/openexec/internal/cli/start.go:796.30,798.6 1 0
github.com/openexec/openexec/internal/cli/start.go:801.5,801.48 1 1
github.com/openexec/openexec/internal/cli/start.go:801.48,803.44 2 0
github.com/openexec/openexec/internal/cli/start.go:803.44,806.7 1 0
github.com/openexec/openexec/internal/cli/start.go:806.12,806.70 1 0
github.com/openexec/openexec/internal/cli/start.go:806.70,809.7 1 0
github.com/openexec/openexec/internal/cli/start.go:812.5,823.29 2 1
github.com/openexec/openexec/internal/cli/start.go:828.2,828.19 1 1
github.com/openexec/openexec/internal/cli/start.go:832.121,838.16 3 0
github.com/openexec/openexec/internal/cli/start.go:838.16,840.3 1 0
github.com/openexec/openexec/internal/cli/start.go:842.2,851.25 2 0
github.com/openexec/openexec/internal/cli/start.go:851.25,853.3 1 0
github.com/openexec/openexec/internal/cli/start.go:855.2,856.16 2 0
github.com/openexec/openexec/internal/cli/start.go:856.16,858.3 1 0
github.com/openexec/openexec/internal/cli/start.go:860.2,865.16 2 0
github.com/openexec/openexec/internal/cli/start.go:865.16,867.3 1 0
github.com/openexec/openexec/internal/cli/start.go:868.2,870.43 2 0
github.com/openexec/openexec/internal/cli/start.go:870.43,873.3 2 0
github.com/openexec/openexec/internal/cli/start.go:875.2,876.69 2 0
github.com/openexec/openexec/internal/cli/start.go:876.69,878.3 1 0
github.com/openexec/openexec/internal/cli/start.go:880.2,880.25 1 0
github.com/openexec/openexec/internal/cli/start.go:884.89,889.16 3 1
github.com/openexec/openexec/internal/cli/start.go:889.16,891.3 1 0
github.com/openexec/openexec/internal/cli/start.go:893.2,897.28 4 1
github.com/openexec/openexec/internal/cli/start.go:897.28,899.3 1 1
github.com/openexec/openexec/internal/cli/start.go:901.2,901.34 1 1
github.com/openexec/openexec/internal/cli/start.go:901.34,903.3 1 0
github.com/openexec/openexec/internal/cli/start.go:905.2,905.21 1 1
github.com/openexec/openexec/internal/cli/start.go:905.21,909.3 3 1
github.com/openexec/openexec/internal/cli/start.go:911.2,911.18 1 1
github.com/openexec/openexec/internal/cli/start.go:911.18,914.25 3 0
github.com/openexec/openexec/internal/cli/start.go:914.25,916.4 1 0
github.com/openexec/openexec/internal/cli/start.go:917.3,918.30 2 0
github.com/openexec/openexec/internal/cli/start.go:918.30,920.4 1 0
github.com/openexec/openexec/internal/cli/start.go:922.3,922.40 1 0
github.com/openexec/openexec/internal/cli/start.go:922.40,924.48 2 0
github.com/openexec/openexec/internal/cli/start.go:924.48,926.5 1 0
github.com/openexec/openexec/internal/cli/start.go:929.3,929.27 1 0
github.com/openexec/openexec/internal/cli/start.go:929.27,932.4 2 0
github.com/openexec/openexec/internal/cli/start.go:935.2,940.35 5 1
github.com/openexec/openexec/internal/cli/start.go:940.35,942.3 1 0
github.com/openexec/openexec/internal/cli/start.go:944.2,948.20 4 1
github.com/openexec/openexec/internal/cli/start.go:952.59,956.6 3 0
github.com/openexec/openexec/internal/cli/start.go:956.6,958.17 2 0
github.com/openexec/openexec/internal/cli/start.go:958.17,960.4 1 0
github.com/openexec/openexec/internal/cli/start.go:962.3,963.66 2 0
github.com/openexec/openexec/internal/cli/start.go:963.66,966.4 2 0
github.com/openexec/openexec/internal/cli/start.go:967.3,970.37 2 0
github.com/openexec/openexec/internal/cli/start.go:970.37,973.4 2 0
github.com/openexec/openexec/internal/cli/start.go:976.3,976.22 1 0
github.com/openexec/openexec/internal/cli/start.go:977.19,979.14 2 0
github.com/openexec/openexec/internal/cli/start.go:980.16,982.36 2 0
github.com/openexec/openexec/internal/cli/start.go:983.25,985.14 2 0
github.com/openexec/openexec/internal/cli/start.go:986.17,988.14 2 0
github.com/openexec/openexec/internal/cli/start.go:992.3,992.30 1 0
github.com/openexec/openexec/internal/cli/start.go:997.32,999.16 2 0
github.com/openexec/openexec/internal/cli/start.go:999.16,1001.3 1 0
github.com/openexec/openexec/internal/cli/start.go:1004.2,1004.56 1 0
github.com/openexec/openexec/internal/cli/start.go:1004.56,1006.3 1 0
github.com/openexec/openexec/internal/cli/start.go:1008.2,1008.12 1 0
github.com/openexec/openexec/internal/cli/start.go:1012.57,1015.16 2 0
github.com/openexec/openexec/internal/cli/start.go:1015.16,1017.3 1 0
github.com/openexec/openexec/internal/cli/start.go:1019.2,1020.50 2 0
github.com/openexec/openexec/internal/cli/start.go:1020.50,1022.3 1 0
github.com/openexec/openexec/internal/cli/start.go:1024.2,1036.16 4 0
github.com/openexec/openexec/internal/cli/start.go:1036.16,1038.3 1 0
github.com/openexec/openexec/internal/cli/start.go:1040.2,1040.58 1 0
github.com/openexec/openexec/internal/cli/start.go:1040.58,1042.3 1 0
github.com/openexec/openexec/internal/cli/start.go:1044.2,1044.21 1 0
github.com/openexec/openexec/internal/cli/start.go:1048.76,1055.26 3 0
github.com/openexec/openexec/internal/cli/start.go:1055.26,1056.46 1 0
github.com/openexec/openexec/internal/cli/start.go:1056.46,1058.9 2 0
github.com/openexec/openexec/internal/cli/start.go:1062.2,1062.22 1 0
github.com/openexec/openexec/internal/cli/start.go:1062.22,1064.3 1 0
github.com/openexec/openexec/internal/cli/start.go:1067.2,1068.57 2 0
github.com/openexec/openexec/internal/cli/start.go:1068.57,1070.3 1 0
github.com/openexec/openexec/internal/cli/start.go:1072.2,1075.52 2 0
github.com/openexec/openexec/internal/cli/start.go:1075.52,1076.27 1 0
github.com/openexec/openexec/internal/cli/start.go:1076.27,1077.53 1 0
github.com/openexec/openexec/internal/cli/start.go:1077.53,1078.61 1 0
github.com/openexec/openexec/internal/cli/start.go:1078.61,1081.6 2 0
github.com/openexec/openexec/internal/cli/start.go:1087.2,1087.54 1 0
github.com/openexec/openexec/internal/cli/start.go:1087.54,1088.32 1 0
github.com/openexec/openexec/internal/cli/start.go:1088.32,1089.58 1 0
github.com/openexec/openexec/internal/cli/start.go:1089.58,1090.59 1 0
github.com/openexec/openexec/internal/cli/start.go:1090.59,1091.30 1 0
github.com/openexec/openexec/internal/cli/start.go:1091.30,1092.56 1 0
github.com/openexec/openexec/internal/cli/start.go:1092.56,1093.64 1 0
github.com/openexec/openexec/internal/cli/start.go:1093.64,1096.9 2 0
github.com/openexec/openexec/internal/cli/start.go:1104.2,1104.14 1 0
github.com/openexec/openexec/internal/cli/start.go:1104.14,1106.3 1 0
github.com/openexec/openexec/internal/cli/start.go:1108.2,1109.16 2 0
github.com/openexec/openexec/internal/cli/start.go:1109.16,1111.3 1 0
github.com/openexec/openexec/internal/cli/start.go:1114.2,1114.26 1 0
github.com/openexec/openexec/internal/cli/start.go:1114.26,1115.39 1 0
github.com/openexec/openexec/internal/cli/start.go:1115.39,1117.4 1 0
github.com/openexec/openexec/internal/cli/start.go:1120.2,1120.12 1 0
github.com/openexec/openexec/internal/cli/tui.go:23.54,26.20 2 0
github.com/openexec/openexec/internal/cli/tui.go:26.20,28.4 1 0
github.com/openexec/openexec/internal/cli/tui.go:31.3,31.65 1 0
github.com/openexec/openexec/internal/cli/tui.go:31.65,34.4 2 0
github.com/openexec/openexec/internal/cli/tui.go:37.3,44.36 5 0
github.com/openexec/openexec/internal/cli/tui.go:44.36,46.4 1 0
github.com/openexec/openexec/internal/cli/tui.go:48.3,48.13 1 0
github.com/openexec/openexec/internal/cli/tui.go:52.13,54.2 1 1
github.com/openexec/openexec/internal/cli/version.go:20.47,24.3 3 1
github.com/openexec/openexec/internal/cli/version.go:27.13,29.2 1 1
github.com/openexec/openexec/internal/cli/wizard.go:33.54,36.17 2 0
github.com/openexec/openexec/internal/cli/wizard.go:36.17,38.4 1 0
github.com/openexec/openexec/internal/cli/wizard.go:41.3,42.18 2 0
github.com/openexec/openexec/internal/cli/wizard.go:42.18,44.4 1 0
github.com/openexec/openexec/internal/cli/wizard.go:45.3,45.18 1 0
github.com/openexec/openexec/internal/cli/wizard.go:45.18,47.4 1 0
github.com/openexec/openexec/internal/cli/wizard.go:50.3,50.62 1 0
github.com/openexec/openexec/internal/cli/wizard.go:50.62,52.4 1 0
github.com/openexec/openexec/internal/cli/wizard.go:54.3,62.54 6 0
github.com/openexec/openexec/internal/cli/wizard.go:62.54,65.4 2 0
github.com/openexec/openexec/internal/cli/wizard.go:67.3,72.7 4 0
github.com/openexec/openexec/internal/cli/wizard.go:72.7,75.18 3 0
github.com/openexec/openexec/internal/cli/wizard.go:75.18,77.5 1 0
github.com/openexec/openexec/internal/cli/wizard.go:79.4,80.46 2 0
github.com/openexec/openexec/internal/cli/wizard.go:80.46,83.5 2 0
github.com/openexec/openexec/internal/cli/wizard.go:85.4,85.21 1 0
github.com/openexec/openexec/internal/cli/wizard.go:85.21,86.13 1 0
github.com/openexec/openexec/internal/cli/wizard.go:90.4,93.18 4 0
github.com/openexec/openexec/internal/cli/wizard.go:93.18,95.5 1 0
github.com/openexec/openexec/internal/cli/wizard.go:98.4,105.34 4 0
github.com/openexec/openexec/internal/cli/wizard.go:105.34,108.5 2 0
github.com/openexec/openexec/internal/cli/wizard.go:110.4,110.30 1 0
github.com/openexec/openexec/internal/cli/wizard.go:110.30,112.37 2 0
github.com/openexec/openexec/internal/cli/wizard.go:112.37,114.6 1 0
github.com/openexec/openexec/internal/cli/wizard.go:117.4,117.36 1 0
github.com/openexec/openexec/internal/cli/wizard.go:117.36,119.43 2 0
github.com/openexec/openexec/internal/cli/wizard.go:119.43,121.6 1 0
github.com/openexec/openexec/internal/cli/wizard.go:124.4,124.23 1 0
github.com/openexec/openexec/internal/cli/wizard.go:124.23,129.19 4 0
github.com/openexec/openexec/internal/cli/wizard.go:129.19,131.6 1 0
github.com/openexec/openexec/internal/cli/wizard.go:133.5,133.71 1 0
github.com/openexec/openexec/internal/cli/wizard.go:133.71,135.6 1 0
github.com/openexec/openexec/internal/cli/wizard.go:137.5,139.15 3 0
github.com/openexec/openexec/internal/cli/wizard.go:143.4,145.17 3 0
github.com/openexec/openexec/internal/cli/wizard.go:150.13,152.2 1 1
github.com/openexec/openexec/internal/cli/wizard.go:154.99,156.17 2 0
github.com/openexec/openexec/internal/cli/wizard.go:156.17,158.3 1 0
github.com/openexec/openexec/internal/cli/wizard.go:160.2,162.16 3 0
github.com/openexec/openexec/internal/cli/wizard.go:162.16,164.3 1 0
github.com/openexec/openexec/internal/cli/wizard.go:166.2,167.54 2 0
github.com/openexec/openexec/internal/cli/wizard.go:167.54,169.3 1 0
github.com/openexec/openexec/internal/cli/wizard.go:171.2,171.19 1 0
github.com/openexec/openexec/internal/cli/wizard.go:174.65,177.16 3 0
github.com/openexec/openexec/internal/cli/wizard.go:177.16,179.3 1 0
github.com/openexec/openexec/internal/cli/wizard.go:180.2,180.28 1 0
