mode: set
github.com/openexec/openexec/internal/router/bitnet.go:28.54,33.2 1 1
github.com/openexec/openexec/internal/router/bitnet.go:36.60,38.2 1 1
github.com/openexec/openexec/internal/router/bitnet.go:41.50,42.29 1 1
github.com/openexec/openexec/internal/router/bitnet.go:42.29,44.3 1 1
github.com/openexec/openexec/internal/router/bitnet.go:45.2,45.32 1 1
github.com/openexec/openexec/internal/router/bitnet.go:48.77,51.2 2 1
github.com/openexec/openexec/internal/router/bitnet.go:54.88,62.46 2 1
github.com/openexec/openexec/internal/router/bitnet.go:62.46,65.3 1 1
github.com/openexec/openexec/internal/router/bitnet.go:68.2,72.16 3 1
github.com/openexec/openexec/internal/router/bitnet.go:72.16,75.3 1 0
github.com/openexec/openexec/internal/router/bitnet.go:78.2,79.16 2 1
github.com/openexec/openexec/internal/router/bitnet.go:79.16,81.78 1 0
github.com/openexec/openexec/internal/router/bitnet.go:81.78,83.4 1 0
github.com/openexec/openexec/internal/router/bitnet.go:85.3,85.23 1 0
github.com/openexec/openexec/internal/router/bitnet.go:89.2,89.48 1 1
github.com/openexec/openexec/internal/router/bitnet.go:89.48,91.3 1 0
github.com/openexec/openexec/internal/router/bitnet.go:93.2,93.20 1 1
github.com/openexec/openexec/internal/router/bitnet.go:96.57,100.34 4 1
github.com/openexec/openexec/internal/router/bitnet.go:100.34,102.3 1 1
github.com/openexec/openexec/internal/router/bitnet.go:103.2,105.20 3 1
github.com/openexec/openexec/internal/router/bitnet.go:108.94,110.29 1 1
github.com/openexec/openexec/internal/router/bitnet.go:110.29,112.3 1 1
github.com/openexec/openexec/internal/router/bitnet.go:115.2,115.44 1 0
github.com/openexec/openexec/internal/router/bitnet.go:118.73,120.60 2 1
github.com/openexec/openexec/internal/router/bitnet.go:120.60,122.3 1 1
github.com/openexec/openexec/internal/router/bitnet.go:124.2,124.86 1 1
github.com/openexec/openexec/internal/router/bitnet.go:124.86,126.3 1 1
github.com/openexec/openexec/internal/router/bitnet.go:128.2,128.82 1 1
github.com/openexec/openexec/internal/router/bitnet.go:128.82,130.3 1 1
github.com/openexec/openexec/internal/router/bitnet.go:132.2,132.121 1 1
github.com/openexec/openexec/internal/router/bitnet.go:132.121,134.3 1 0
github.com/openexec/openexec/internal/router/bitnet.go:136.2,136.43 1 1
github.com/openexec/openexec/internal/router/bitnet.go:136.43,138.3 1 0
github.com/openexec/openexec/internal/router/bitnet.go:140.2,140.41 1 1
github.com/openexec/openexec/internal/router/bitnet.go:140.41,142.3 1 0
github.com/openexec/openexec/internal/router/bitnet.go:145.2,147.55 2 1
github.com/openexec/openexec/internal/router/bitnet.go:147.55,149.3 1 1
github.com/openexec/openexec/internal/router/bitnet.go:150.2,152.113 2 1
github.com/openexec/openexec/internal/router/bitnet.go:155.73,158.16 3 1
github.com/openexec/openexec/internal/router/bitnet.go:158.16,160.3 1 0
github.com/openexec/openexec/internal/router/bitnet.go:161.2,161.20 1 1
github.com/openexec/openexec/internal/router/inference_manager.go:17.62,21.2 1 1
github.com/openexec/openexec/internal/router/inference_manager.go:24.48,26.56 1 1
github.com/openexec/openexec/internal/router/inference_manager.go:26.56,28.3 1 1
github.com/openexec/openexec/internal/router/inference_manager.go:32.2,37.34 2 1
github.com/openexec/openexec/internal/router/inference_manager.go:37.34,38.39 1 1
github.com/openexec/openexec/internal/router/inference_manager.go:38.39,41.4 2 1
github.com/openexec/openexec/internal/router/inference_manager.go:45.2,45.55 1 1
github.com/openexec/openexec/internal/router/inference_manager.go:45.55,48.3 2 0
github.com/openexec/openexec/internal/router/inference_manager.go:50.2,50.107 1 1
github.com/openexec/openexec/internal/router/inference_manager.go:54.93,55.21 1 1
github.com/openexec/openexec/internal/router/inference_manager.go:55.21,56.41 1 0
github.com/openexec/openexec/internal/router/inference_manager.go:56.41,58.4 1 0
github.com/openexec/openexec/internal/router/inference_manager.go:62.2,64.16 3 1
github.com/openexec/openexec/internal/router/inference_manager.go:64.16,66.3 1 1
github.com/openexec/openexec/internal/router/inference_manager.go:68.2,68.25 1 0
