mode: set
github.com/openexec/openexec/internal/planner/planner.go:62.34,64.2 1 1
github.com/openexec/openexec/internal/planner/planner.go:67.136,70.25 2 1
github.com/openexec/openexec/internal/planner/planner.go:70.25,73.3 2 1
github.com/openexec/openexec/internal/planner/planner.go:76.2,80.16 3 1
github.com/openexec/openexec/internal/planner/planner.go:80.16,82.3 1 0
github.com/openexec/openexec/internal/planner/planner.go:85.2,85.34 1 1
github.com/openexec/openexec/internal/planner/planner.go:88.72,94.17 3 1
github.com/openexec/openexec/internal/planner/planner.go:94.17,97.18 3 1
github.com/openexec/openexec/internal/planner/planner.go:97.18,99.4 1 1
github.com/openexec/openexec/internal/planner/planner.go:99.9,101.4 1 1
github.com/openexec/openexec/internal/planner/planner.go:103.3,104.31 2 1
github.com/openexec/openexec/internal/planner/planner.go:104.31,106.4 1 1
github.com/openexec/openexec/internal/planner/planner.go:109.2,111.88 2 1
github.com/openexec/openexec/internal/planner/planner.go:111.88,113.3 1 1
github.com/openexec/openexec/internal/planner/planner.go:116.2,117.87 2 1
github.com/openexec/openexec/internal/planner/planner.go:117.87,122.3 1 1
github.com/openexec/openexec/internal/planner/planner.go:124.2,124.110 1 0
github.com/openexec/openexec/internal/planner/planner.go:128.123,132.16 3 1
github.com/openexec/openexec/internal/planner/planner.go:132.16,134.3 1 1
github.com/openexec/openexec/internal/planner/planner.go:137.2,138.56 2 1
github.com/openexec/openexec/internal/planner/planner.go:138.56,139.72 1 1
github.com/openexec/openexec/internal/planner/planner.go:139.72,141.4 1 1
github.com/openexec/openexec/internal/planner/planner.go:144.2,145.63 2 1
github.com/openexec/openexec/internal/planner/planner.go:145.63,147.3 1 1
github.com/openexec/openexec/internal/planner/planner.go:150.2,150.33 1 1
github.com/openexec/openexec/internal/planner/planner.go:150.33,152.3 1 1
github.com/openexec/openexec/internal/planner/planner.go:154.2,154.18 1 1
github.com/openexec/openexec/internal/planner/planner.go:158.83,160.68 2 1
github.com/openexec/openexec/internal/planner/planner.go:160.68,162.3 1 1
github.com/openexec/openexec/internal/planner/planner.go:163.2,163.42 1 1
github.com/openexec/openexec/internal/planner/wizard.go:43.38,44.41 1 1
github.com/openexec/openexec/internal/planner/wizard.go:44.41,46.3 1 1
github.com/openexec/openexec/internal/planner/wizard.go:47.2,47.47 1 1
github.com/openexec/openexec/internal/planner/wizard.go:47.47,49.3 1 1
github.com/openexec/openexec/internal/planner/wizard.go:50.2,50.30 1 1
github.com/openexec/openexec/internal/planner/wizard.go:50.30,52.3 1 1
github.com/openexec/openexec/internal/planner/wizard.go:53.2,53.30 1 1
github.com/openexec/openexec/internal/planner/wizard.go:53.30,55.3 1 1
github.com/openexec/openexec/internal/planner/wizard.go:56.2,56.29 1 1
github.com/openexec/openexec/internal/planner/wizard.go:56.29,58.3 1 1
github.com/openexec/openexec/internal/planner/wizard.go:61.2,61.26 1 1
github.com/openexec/openexec/internal/planner/wizard.go:61.26,63.3 1 1
github.com/openexec/openexec/internal/planner/wizard.go:64.2,65.31 2 1
github.com/openexec/openexec/internal/planner/wizard.go:65.31,66.25 1 1
github.com/openexec/openexec/internal/planner/wizard.go:66.25,68.9 2 1
github.com/openexec/openexec/internal/planner/wizard.go:71.2,71.20 1 1
github.com/openexec/openexec/internal/planner/wizard.go:71.20,73.3 1 1
github.com/openexec/openexec/internal/planner/wizard.go:75.2,75.80 1 1
github.com/openexec/openexec/internal/planner/wizard.go:75.80,77.3 1 1
github.com/openexec/openexec/internal/planner/wizard.go:79.2,79.52 1 1
github.com/openexec/openexec/internal/planner/wizard.go:79.52,81.3 1 1
github.com/openexec/openexec/internal/planner/wizard.go:83.2,83.13 1 1
github.com/openexec/openexec/internal/planner/wizard.go:87.47,93.35 5 1
github.com/openexec/openexec/internal/planner/wizard.go:93.35,97.3 3 1
github.com/openexec/openexec/internal/planner/wizard.go:98.2,106.31 7 1
github.com/openexec/openexec/internal/planner/wizard.go:106.31,108.3 1 1
github.com/openexec/openexec/internal/planner/wizard.go:109.2,112.34 3 1
github.com/openexec/openexec/internal/planner/wizard.go:112.34,114.3 1 1
github.com/openexec/openexec/internal/planner/wizard.go:116.2,116.20 1 1
github.com/openexec/openexec/internal/cli/chat.go:27.54,33.17 4 0
github.com/openexec/openexec/internal/cli/chat.go:33.17,38.65 3 0
github.com/openexec/openexec/internal/cli/chat.go:38.65,40.5 1 0
github.com/openexec/openexec/internal/cli/chat.go:44.3,44.46 1 0
github.com/openexec/openexec/internal/cli/chat.go:44.46,49.51 3 0
github.com/openexec/openexec/internal/cli/chat.go:49.51,51.5 1 0
github.com/openexec/openexec/internal/cli/chat.go:54.4,55.18 2 0
github.com/openexec/openexec/internal/cli/chat.go:55.18,57.5 1 0
github.com/openexec/openexec/internal/cli/chat.go:60.4,61.67 2 0
github.com/openexec/openexec/internal/cli/chat.go:61.67,64.5 2 0
github.com/openexec/openexec/internal/cli/chat.go:65.4,66.17 2 0
github.com/openexec/openexec/internal/cli/chat.go:67.9,70.18 2 0
github.com/openexec/openexec/internal/cli/chat.go:70.18,72.5 1 0
github.com/openexec/openexec/internal/cli/chat.go:75.3,75.34 1 0
github.com/openexec/openexec/internal/cli/chat.go:79.44,86.16 2 0
github.com/openexec/openexec/internal/cli/chat.go:86.16,88.3 1 0
github.com/openexec/openexec/internal/cli/chat.go:89.2,95.6 5 0
github.com/openexec/openexec/internal/cli/chat.go:95.6,97.35 2 0
github.com/openexec/openexec/internal/cli/chat.go:97.35,98.22 1 0
github.com/openexec/openexec/internal/cli/chat.go:98.22,99.10 1 0
github.com/openexec/openexec/internal/cli/chat.go:100.10,101.13 1 0
github.com/openexec/openexec/internal/cli/chat.go:103.9,103.27 1 0
github.com/openexec/openexec/internal/cli/chat.go:103.27,104.9 1 0
github.com/openexec/openexec/internal/cli/chat.go:107.3,108.17 2 0
github.com/openexec/openexec/internal/cli/chat.go:108.17,109.12 1 0
github.com/openexec/openexec/internal/cli/chat.go:111.3,111.39 1 0
github.com/openexec/openexec/internal/cli/chat.go:111.39,112.9 1 0
github.com/openexec/openexec/internal/cli/chat.go:116.3,117.17 2 0
github.com/openexec/openexec/internal/cli/chat.go:117.17,119.12 2 0
github.com/openexec/openexec/internal/cli/chat.go:122.3,125.16 4 0
github.com/openexec/openexec/internal/cli/chat.go:128.2,128.12 1 0
github.com/openexec/openexec/internal/cli/chat.go:131.50,138.16 5 1
github.com/openexec/openexec/internal/cli/chat.go:138.16,140.3 1 0
github.com/openexec/openexec/internal/cli/chat.go:141.2,144.15 3 1
github.com/openexec/openexec/internal/cli/chat.go:144.15,146.3 1 0
github.com/openexec/openexec/internal/cli/chat.go:148.2,154.58 2 1
github.com/openexec/openexec/internal/cli/chat.go:154.58,155.39 1 0
github.com/openexec/openexec/internal/cli/chat.go:155.39,157.4 1 0
github.com/openexec/openexec/internal/cli/chat.go:158.3,158.62 1 0
github.com/openexec/openexec/internal/cli/chat.go:162.2,162.24 1 1
github.com/openexec/openexec/internal/cli/chat.go:162.24,164.3 1 1
github.com/openexec/openexec/internal/cli/chat.go:167.2,168.26 2 1
github.com/openexec/openexec/internal/cli/chat.go:168.26,169.36 1 1
github.com/openexec/openexec/internal/cli/chat.go:170.15,171.19 1 1
github.com/openexec/openexec/internal/cli/chat.go:172.11,175.30 2 0
github.com/openexec/openexec/internal/cli/chat.go:177.8,177.34 1 1
github.com/openexec/openexec/internal/cli/chat.go:177.34,179.3 1 1
github.com/openexec/openexec/internal/cli/chat.go:181.2,181.23 1 1
github.com/openexec/openexec/internal/cli/chat.go:181.23,182.39 1 0
github.com/openexec/openexec/internal/cli/chat.go:182.39,184.4 1 0
github.com/openexec/openexec/internal/cli/chat.go:185.3,185.69 1 0
github.com/openexec/openexec/internal/cli/chat.go:188.2,188.25 1 1
github.com/openexec/openexec/internal/cli/chat.go:191.13,195.2 3 1
github.com/openexec/openexec/internal/cli/config.go:46.54,48.17 2 1
github.com/openexec/openexec/internal/cli/config.go:48.17,49.26 1 0
github.com/openexec/openexec/internal/cli/config.go:49.26,52.5 2 0
github.com/openexec/openexec/internal/cli/config.go:52.10,54.5 1 0
github.com/openexec/openexec/internal/cli/config.go:57.3,58.17 2 1
github.com/openexec/openexec/internal/cli/config.go:58.17,60.18 2 0
github.com/openexec/openexec/internal/cli/config.go:60.18,62.5 1 0
github.com/openexec/openexec/internal/cli/config.go:63.4,64.14 2 0
github.com/openexec/openexec/internal/cli/config.go:67.3,85.13 18 1
github.com/openexec/openexec/internal/cli/config.go:107.54,112.17 4 1
github.com/openexec/openexec/internal/cli/config.go:112.17,113.26 1 1
github.com/openexec/openexec/internal/cli/config.go:113.26,115.5 1 1
github.com/openexec/openexec/internal/cli/config.go:115.10,117.5 1 0
github.com/openexec/openexec/internal/cli/config.go:120.3,120.14 1 1
github.com/openexec/openexec/internal/cli/config.go:121.22,123.18 2 0
github.com/openexec/openexec/internal/cli/config.go:123.18,125.5 1 0
github.com/openexec/openexec/internal/cli/config.go:126.4,126.22 1 0
github.com/openexec/openexec/internal/cli/config.go:127.22,128.26 1 1
github.com/openexec/openexec/internal/cli/config.go:129.27,131.18 2 1
github.com/openexec/openexec/internal/cli/config.go:131.18,133.5 1 0
github.com/openexec/openexec/internal/cli/config.go:134.4,134.27 1 1
github.com/openexec/openexec/internal/cli/config.go:135.28,137.18 2 0
github.com/openexec/openexec/internal/cli/config.go:137.18,139.5 1 0
github.com/openexec/openexec/internal/cli/config.go:140.4,140.27 1 0
github.com/openexec/openexec/internal/cli/config.go:141.29,143.18 2 0
github.com/openexec/openexec/internal/cli/config.go:143.18,145.5 1 0
github.com/openexec/openexec/internal/cli/config.go:146.4,146.28 1 0
github.com/openexec/openexec/internal/cli/config.go:147.29,149.18 2 0
github.com/openexec/openexec/internal/cli/config.go:149.18,151.5 1 0
github.com/openexec/openexec/internal/cli/config.go:152.4,152.27 1 0
github.com/openexec/openexec/internal/cli/config.go:153.27,155.18 2 0
github.com/openexec/openexec/internal/cli/config.go:155.18,157.5 1 0
github.com/openexec/openexec/internal/cli/config.go:158.4,158.26 1 0
github.com/openexec/openexec/internal/cli/config.go:159.32,160.35 1 0
github.com/openexec/openexec/internal/cli/config.go:161.32,162.35 1 0
github.com/openexec/openexec/internal/cli/config.go:163.11,164.59 1 0
github.com/openexec/openexec/internal/cli/config.go:167.3,167.48 1 1
github.com/openexec/openexec/internal/cli/config.go:167.48,169.4 1 0
github.com/openexec/openexec/internal/cli/config.go:171.3,172.13 2 1
github.com/openexec/openexec/internal/cli/config.go:179.54,183.62 2 1
github.com/openexec/openexec/internal/cli/config.go:183.62,185.4 1 1
github.com/openexec/openexec/internal/cli/config.go:186.3,186.77 1 1
github.com/openexec/openexec/internal/cli/config.go:186.77,188.4 1 0
github.com/openexec/openexec/internal/cli/config.go:190.3,190.48 1 1
github.com/openexec/openexec/internal/cli/config.go:190.48,192.4 1 0
github.com/openexec/openexec/internal/cli/config.go:194.3,199.13 6 1
github.com/openexec/openexec/internal/cli/config.go:203.13,214.2 7 1
github.com/openexec/openexec/internal/cli/config.go:216.44,225.2 1 1
github.com/openexec/openexec/internal/cli/config.go:227.50,229.16 2 1
github.com/openexec/openexec/internal/cli/config.go:229.16,231.3 1 0
github.com/openexec/openexec/internal/cli/config.go:233.2,235.16 3 1
github.com/openexec/openexec/internal/cli/config.go:235.16,237.3 1 1
github.com/openexec/openexec/internal/cli/config.go:239.2,240.50 2 1
github.com/openexec/openexec/internal/cli/config.go:240.50,242.3 1 0
github.com/openexec/openexec/internal/cli/config.go:244.2,244.17 1 1
github.com/openexec/openexec/internal/cli/config.go:247.50,249.16 2 1
github.com/openexec/openexec/internal/cli/config.go:249.16,251.3 1 0
github.com/openexec/openexec/internal/cli/config.go:253.2,254.56 2 1
github.com/openexec/openexec/internal/cli/config.go:254.56,256.3 1 0
github.com/openexec/openexec/internal/cli/config.go:258.2,260.16 3 1
github.com/openexec/openexec/internal/cli/config.go:260.16,262.3 1 0
github.com/openexec/openexec/internal/cli/config.go:264.2,264.46 1 1
github.com/openexec/openexec/internal/cli/doctor.go:75.13,86.2 8 1
github.com/openexec/openexec/internal/cli/doctor.go:88.57,90.19 2 1
github.com/openexec/openexec/internal/cli/doctor.go:90.19,92.3 1 1
github.com/openexec/openexec/internal/cli/doctor.go:94.2,107.24 9 1
github.com/openexec/openexec/internal/cli/doctor.go:107.24,110.28 3 1
github.com/openexec/openexec/internal/cli/doctor.go:110.28,114.4 3 1
github.com/openexec/openexec/internal/cli/doctor.go:115.8,117.3 1 1
github.com/openexec/openexec/internal/cli/doctor.go:120.2,120.39 1 1
github.com/openexec/openexec/internal/cli/doctor.go:120.39,129.36 6 1
github.com/openexec/openexec/internal/cli/doctor.go:129.36,131.20 2 1
github.com/openexec/openexec/internal/cli/doctor.go:132.16,133.16 1 1
github.com/openexec/openexec/internal/cli/doctor.go:134.16,135.16 1 1
github.com/openexec/openexec/internal/cli/doctor.go:136.16,137.16 1 1
github.com/openexec/openexec/internal/cli/doctor.go:140.3,140.16 1 1
github.com/openexec/openexec/internal/cli/doctor.go:144.2,144.27 1 1
github.com/openexec/openexec/internal/cli/doctor.go:144.27,151.32 5 1
github.com/openexec/openexec/internal/cli/doctor.go:151.32,153.20 2 1
github.com/openexec/openexec/internal/cli/doctor.go:154.16,155.16 1 1
github.com/openexec/openexec/internal/cli/doctor.go:156.16,157.16 1 0
github.com/openexec/openexec/internal/cli/doctor.go:158.16,159.16 1 0
github.com/openexec/openexec/internal/cli/doctor.go:162.3,162.16 1 1
github.com/openexec/openexec/internal/cli/doctor.go:166.2,175.31 8 1
github.com/openexec/openexec/internal/cli/doctor.go:175.31,176.48 1 1
github.com/openexec/openexec/internal/cli/doctor.go:176.48,177.23 1 1
github.com/openexec/openexec/internal/cli/doctor.go:177.23,181.5 3 1
github.com/openexec/openexec/internal/cli/doctor.go:182.4,182.53 1 1
github.com/openexec/openexec/internal/cli/doctor.go:186.2,186.19 1 1
github.com/openexec/openexec/internal/cli/doctor.go:186.19,188.3 1 1
github.com/openexec/openexec/internal/cli/doctor.go:190.2,191.12 2 1
github.com/openexec/openexec/internal/cli/doctor.go:194.55,198.16 3 1
github.com/openexec/openexec/internal/cli/doctor.go:198.16,206.3 2 0
github.com/openexec/openexec/internal/cli/doctor.go:208.2,208.19 1 1
github.com/openexec/openexec/internal/cli/doctor.go:208.19,215.3 1 0
github.com/openexec/openexec/internal/cli/doctor.go:217.2,217.16 1 1
github.com/openexec/openexec/internal/cli/doctor.go:220.44,224.24 2 1
github.com/openexec/openexec/internal/cli/doctor.go:224.24,227.3 2 0
github.com/openexec/openexec/internal/cli/doctor.go:230.2,231.16 2 1
github.com/openexec/openexec/internal/cli/doctor.go:231.16,233.3 1 0
github.com/openexec/openexec/internal/cli/doctor.go:235.2,235.32 1 1
github.com/openexec/openexec/internal/cli/doctor.go:235.32,236.21 1 1
github.com/openexec/openexec/internal/cli/doctor.go:236.21,237.12 1 1
github.com/openexec/openexec/internal/cli/doctor.go:240.3,241.29 2 1
github.com/openexec/openexec/internal/cli/doctor.go:241.29,243.4 1 1
github.com/openexec/openexec/internal/cli/doctor.go:246.2,246.17 1 1
github.com/openexec/openexec/internal/cli/doctor.go:249.33,252.67 2 1
github.com/openexec/openexec/internal/cli/doctor.go:252.67,254.3 1 1
github.com/openexec/openexec/internal/cli/doctor.go:257.2,258.63 2 1
github.com/openexec/openexec/internal/cli/doctor.go:258.63,260.3 1 0
github.com/openexec/openexec/internal/cli/doctor.go:262.2,262.14 1 1
github.com/openexec/openexec/internal/cli/doctor.go:265.53,273.48 5 1
github.com/openexec/openexec/internal/cli/doctor.go:273.48,275.3 1 1
github.com/openexec/openexec/internal/cli/doctor.go:275.8,275.51 1 0
github.com/openexec/openexec/internal/cli/doctor.go:275.51,277.3 1 0
github.com/openexec/openexec/internal/cli/doctor.go:280.2,294.16 6 1
github.com/openexec/openexec/internal/cli/doctor.go:297.64,301.49 2 1
github.com/openexec/openexec/internal/cli/doctor.go:301.49,309.3 2 0
github.com/openexec/openexec/internal/cli/doctor.go:311.2,320.16 4 1
github.com/openexec/openexec/internal/cli/doctor.go:320.16,327.3 1 0
github.com/openexec/openexec/internal/cli/doctor.go:327.8,335.3 3 1
github.com/openexec/openexec/internal/cli/doctor.go:337.2,337.16 1 1
github.com/openexec/openexec/internal/cli/doctor.go:340.53,345.16 4 1
github.com/openexec/openexec/internal/cli/doctor.go:345.16,346.25 1 0
github.com/openexec/openexec/internal/cli/doctor.go:346.25,352.4 1 0
github.com/openexec/openexec/internal/cli/doctor.go:352.9,359.4 1 0
github.com/openexec/openexec/internal/cli/doctor.go:360.3,360.17 1 0
github.com/openexec/openexec/internal/cli/doctor.go:364.2,365.53 2 1
github.com/openexec/openexec/internal/cli/doctor.go:365.53,373.3 2 1
github.com/openexec/openexec/internal/cli/doctor.go:376.2,378.39 3 1
github.com/openexec/openexec/internal/cli/doctor.go:378.39,379.33 1 1
github.com/openexec/openexec/internal/cli/doctor.go:379.33,381.4 1 0
github.com/openexec/openexec/internal/cli/doctor.go:384.2,384.28 1 1
github.com/openexec/openexec/internal/cli/doctor.go:384.28,390.3 1 0
github.com/openexec/openexec/internal/cli/doctor.go:390.8,396.3 1 1
github.com/openexec/openexec/internal/cli/doctor.go:398.2,398.16 1 1
github.com/openexec/openexec/internal/cli/doctor.go:401.53,406.16 4 1
github.com/openexec/openexec/internal/cli/doctor.go:406.16,407.25 1 1
github.com/openexec/openexec/internal/cli/doctor.go:407.25,413.4 1 1
github.com/openexec/openexec/internal/cli/doctor.go:413.9,420.4 1 0
github.com/openexec/openexec/internal/cli/doctor.go:421.3,421.17 1 1
github.com/openexec/openexec/internal/cli/doctor.go:425.2,432.53 2 1
github.com/openexec/openexec/internal/cli/doctor.go:432.53,440.3 2 0
github.com/openexec/openexec/internal/cli/doctor.go:443.2,445.32 3 1
github.com/openexec/openexec/internal/cli/doctor.go:445.32,446.52 1 0
github.com/openexec/openexec/internal/cli/doctor.go:446.52,448.4 1 0
github.com/openexec/openexec/internal/cli/doctor.go:451.2,457.16 2 1
github.com/openexec/openexec/internal/cli/doctor.go:460.52,465.16 4 1
github.com/openexec/openexec/internal/cli/doctor.go:465.16,466.25 1 1
github.com/openexec/openexec/internal/cli/doctor.go:466.25,469.4 1 1
github.com/openexec/openexec/internal/cli/doctor.go:470.3,470.17 1 0
github.com/openexec/openexec/internal/cli/doctor.go:474.2,474.44 1 0
github.com/openexec/openexec/internal/cli/doctor.go:474.44,481.3 1 0
github.com/openexec/openexec/internal/cli/doctor.go:481.8,487.3 1 0
github.com/openexec/openexec/internal/cli/doctor.go:489.2,489.16 1 0
github.com/openexec/openexec/internal/cli/doctor.go:492.52,497.16 4 1
github.com/openexec/openexec/internal/cli/doctor.go:497.16,498.25 1 1
github.com/openexec/openexec/internal/cli/doctor.go:498.25,501.4 1 1
github.com/openexec/openexec/internal/cli/doctor.go:502.3,502.17 1 0
github.com/openexec/openexec/internal/cli/doctor.go:505.2,505.21 1 0
github.com/openexec/openexec/internal/cli/doctor.go:505.21,511.3 1 0
github.com/openexec/openexec/internal/cli/doctor.go:513.2,513.16 1 0
github.com/openexec/openexec/internal/cli/doctor.go:516.53,526.2 4 1
github.com/openexec/openexec/internal/cli/doctor.go:528.65,536.16 6 1
github.com/openexec/openexec/internal/cli/doctor.go:536.16,544.3 2 0
github.com/openexec/openexec/internal/cli/doctor.go:546.2,548.16 3 1
github.com/openexec/openexec/internal/cli/doctor.go:548.16,556.3 2 0
github.com/openexec/openexec/internal/cli/doctor.go:557.2,557.15 1 1
github.com/openexec/openexec/internal/cli/doctor.go:557.15,557.40 1 1
github.com/openexec/openexec/internal/cli/doctor.go:559.2,559.53 1 1
github.com/openexec/openexec/internal/cli/doctor.go:559.53,566.3 2 0
github.com/openexec/openexec/internal/cli/doctor.go:569.2,570.16 2 1
github.com/openexec/openexec/internal/cli/doctor.go:570.16,577.3 2 0
github.com/openexec/openexec/internal/cli/doctor.go:579.2,580.52 2 1
github.com/openexec/openexec/internal/cli/doctor.go:580.52,583.52 2 1
github.com/openexec/openexec/internal/cli/doctor.go:583.52,590.4 2 0
github.com/openexec/openexec/internal/cli/doctor.go:591.3,596.17 2 1
github.com/openexec/openexec/internal/cli/doctor.go:600.2,600.22 1 1
github.com/openexec/openexec/internal/cli/doctor.go:600.22,601.48 1 1
github.com/openexec/openexec/internal/cli/doctor.go:601.48,608.4 2 1
github.com/openexec/openexec/internal/cli/doctor.go:611.2,617.16 2 0
github.com/openexec/openexec/internal/cli/doctor.go:620.58,622.18 2 1
github.com/openexec/openexec/internal/cli/doctor.go:623.14,624.20 1 1
github.com/openexec/openexec/internal/cli/doctor.go:625.14,626.20 1 1
github.com/openexec/openexec/internal/cli/doctor.go:627.14,628.20 1 1
github.com/openexec/openexec/internal/cli/doctor.go:631.2,633.42 2 1
github.com/openexec/openexec/internal/cli/doctor.go:633.42,635.3 1 0
github.com/openexec/openexec/internal/cli/doctor.go:638.39,640.24 2 1
github.com/openexec/openexec/internal/cli/doctor.go:640.24,642.3 1 1
github.com/openexec/openexec/internal/cli/doctor.go:643.2,643.23 1 1
github.com/openexec/openexec/internal/cli/doctor.go:646.63,649.19 2 1
github.com/openexec/openexec/internal/cli/doctor.go:649.19,651.3 1 1
github.com/openexec/openexec/internal/cli/doctor.go:654.2,654.53 1 1
github.com/openexec/openexec/internal/cli/doctor.go:654.53,658.32 3 1
github.com/openexec/openexec/internal/cli/doctor.go:658.32,659.40 1 1
github.com/openexec/openexec/internal/cli/doctor.go:659.40,662.10 3 0
github.com/openexec/openexec/internal/cli/doctor.go:665.3,665.13 1 1
github.com/openexec/openexec/internal/cli/doctor.go:665.13,667.4 1 1
github.com/openexec/openexec/internal/cli/doctor.go:671.2,673.16 3 1
github.com/openexec/openexec/internal/cli/doctor.go:673.16,675.3 1 0
github.com/openexec/openexec/internal/cli/doctor.go:678.2,683.13 4 1
github.com/openexec/openexec/internal/cli/doctor.go:683.13,686.19 3 0
github.com/openexec/openexec/internal/cli/doctor.go:686.19,688.4 1 0
github.com/openexec/openexec/internal/cli/doctor.go:688.9,690.4 1 0
github.com/openexec/openexec/internal/cli/doctor.go:691.3,691.13 1 0
github.com/openexec/openexec/internal/cli/doctor.go:695.2,696.16 2 1
github.com/openexec/openexec/internal/cli/doctor.go:696.16,698.3 1 0
github.com/openexec/openexec/internal/cli/doctor.go:698.8,698.26 1 1
github.com/openexec/openexec/internal/cli/doctor.go:698.26,700.3 1 0
github.com/openexec/openexec/internal/cli/doctor.go:702.2,705.19 2 1
github.com/openexec/openexec/internal/cli/doctor.go:705.19,707.3 1 0
github.com/openexec/openexec/internal/cli/doctor.go:709.2,709.12 1 1
github.com/openexec/openexec/internal/cli/help.go:27.54,31.13 3 1
github.com/openexec/openexec/internal/cli/help.go:31.13,34.18 3 1
github.com/openexec/openexec/internal/cli/help.go:34.18,36.5 1 0
github.com/openexec/openexec/internal/cli/help.go:37.4,38.14 2 1
github.com/openexec/openexec/internal/cli/help.go:41.3,41.14 1 1
github.com/openexec/openexec/internal/cli/help.go:41.14,47.4 4 1
github.com/openexec/openexec/internal/cli/help.go:50.3,50.24 1 1
github.com/openexec/openexec/internal/cli/help.go:54.13,59.2 3 1
github.com/openexec/openexec/internal/cli/help.go:62.56,64.14 1 1
github.com/openexec/openexec/internal/cli/help.go:64.14,66.3 1 1
github.com/openexec/openexec/internal/cli/help.go:69.2,78.39 8 1
github.com/openexec/openexec/internal/cli/help.go:78.39,78.81 1 1
github.com/openexec/openexec/internal/cli/help.go:79.2,79.26 1 1
github.com/openexec/openexec/internal/cli/help.go:79.26,81.3 1 1
github.com/openexec/openexec/internal/cli/help.go:116.51,129.21 3 1
github.com/openexec/openexec/internal/cli/help.go:129.21,131.3 1 1
github.com/openexec/openexec/internal/cli/help.go:134.2,135.39 2 1
github.com/openexec/openexec/internal/cli/help.go:135.39,135.81 1 1
github.com/openexec/openexec/internal/cli/help.go:136.2,136.26 1 1
github.com/openexec/openexec/internal/cli/help.go:136.26,137.16 1 1
github.com/openexec/openexec/internal/cli/help.go:137.16,138.12 1 1
github.com/openexec/openexec/internal/cli/help.go:140.3,141.51 2 1
github.com/openexec/openexec/internal/cli/help.go:144.2,144.20 1 1
github.com/openexec/openexec/internal/cli/help.go:144.20,146.3 1 1
github.com/openexec/openexec/internal/cli/help.go:147.2,147.15 1 1
github.com/openexec/openexec/internal/cli/help.go:150.69,153.16 3 1
github.com/openexec/openexec/internal/cli/help.go:153.16,155.3 1 1
github.com/openexec/openexec/internal/cli/help.go:155.8,157.3 1 1
github.com/openexec/openexec/internal/cli/help.go:158.2,158.35 1 1
github.com/openexec/openexec/internal/cli/help.go:158.35,166.3 1 1
github.com/openexec/openexec/internal/cli/help.go:168.2,168.40 1 1
github.com/openexec/openexec/internal/cli/help.go:168.40,168.80 1 1
github.com/openexec/openexec/internal/cli/help.go:169.2,169.14 1 1
github.com/openexec/openexec/internal/cli/help.go:174.38,192.2 1 1
github.com/openexec/openexec/internal/cli/init.go:56.54,61.20 4 1
github.com/openexec/openexec/internal/cli/init.go:61.20,63.4 1 1
github.com/openexec/openexec/internal/cli/init.go:66.3,71.26 4 1
github.com/openexec/openexec/internal/cli/init.go:71.26,73.4 1 0
github.com/openexec/openexec/internal/cli/init.go:76.3,77.48 2 1
github.com/openexec/openexec/internal/cli/init.go:77.48,79.4 1 0
github.com/openexec/openexec/internal/cli/init.go:82.3,86.26 4 1
github.com/openexec/openexec/internal/cli/init.go:86.26,88.25 1 0
github.com/openexec/openexec/internal/cli/init.go:88.25,93.26 5 0
github.com/openexec/openexec/internal/cli/init.go:93.26,95.6 1 0
github.com/openexec/openexec/internal/cli/init.go:99.4,99.120 1 0
github.com/openexec/openexec/internal/cli/init.go:100.9,101.25 1 1
github.com/openexec/openexec/internal/cli/init.go:101.25,103.5 1 0
github.com/openexec/openexec/internal/cli/init.go:104.4,109.19 6 1
github.com/openexec/openexec/internal/cli/init.go:113.3,114.17 2 1
github.com/openexec/openexec/internal/cli/init.go:114.17,116.4 1 0
github.com/openexec/openexec/internal/cli/init.go:119.3,131.56 2 1
github.com/openexec/openexec/internal/cli/init.go:131.56,133.4 1 0
github.com/openexec/openexec/internal/cli/init.go:136.3,147.13 9 1
github.com/openexec/openexec/internal/cli/init.go:151.13,161.2 8 1
github.com/openexec/openexec/internal/cli/init.go:164.173,177.37 7 0
github.com/openexec/openexec/internal/cli/init.go:177.37,179.3 1 0
github.com/openexec/openexec/internal/cli/init.go:179.8,181.3 1 0
github.com/openexec/openexec/internal/cli/init.go:184.2,189.37 5 0
github.com/openexec/openexec/internal/cli/init.go:189.37,191.3 1 0
github.com/openexec/openexec/internal/cli/init.go:193.2,193.19 1 0
github.com/openexec/openexec/internal/cli/init.go:193.19,195.3 1 0
github.com/openexec/openexec/internal/cli/init.go:198.2,203.37 5 0
github.com/openexec/openexec/internal/cli/init.go:203.37,205.3 1 0
github.com/openexec/openexec/internal/cli/init.go:207.2,208.21 2 0
github.com/openexec/openexec/internal/cli/init.go:208.21,212.17 4 0
github.com/openexec/openexec/internal/cli/init.go:212.17,214.4 1 0
github.com/openexec/openexec/internal/cli/init.go:217.2,217.96 1 0
github.com/openexec/openexec/internal/cli/init.go:222.41,229.16 5 1
github.com/openexec/openexec/internal/cli/init.go:229.16,231.58 1 0
github.com/openexec/openexec/internal/cli/init.go:231.58,233.18 2 0
github.com/openexec/openexec/internal/cli/init.go:233.18,236.5 2 0
github.com/openexec/openexec/internal/cli/init.go:238.3,238.9 1 0
github.com/openexec/openexec/internal/cli/init.go:243.2,243.97 1 1
github.com/openexec/openexec/internal/cli/init.go:247.99,253.36 4 0
github.com/openexec/openexec/internal/cli/init.go:253.36,254.36 1 0
github.com/openexec/openexec/internal/cli/init.go:254.36,257.4 2 0
github.com/openexec/openexec/internal/cli/init.go:258.3,260.30 3 0
github.com/openexec/openexec/internal/cli/init.go:260.30,262.4 1 0
github.com/openexec/openexec/internal/cli/init.go:263.3,263.72 1 0
github.com/openexec/openexec/internal/cli/init.go:267.2,268.36 2 0
github.com/openexec/openexec/internal/cli/init.go:268.36,269.30 1 0
github.com/openexec/openexec/internal/cli/init.go:269.30,271.9 2 0
github.com/openexec/openexec/internal/cli/init.go:275.2,280.18 4 0
github.com/openexec/openexec/internal/cli/init.go:280.18,282.3 1 0
github.com/openexec/openexec/internal/cli/init.go:285.2,286.119 2 0
github.com/openexec/openexec/internal/cli/init.go:286.119,288.3 1 0
github.com/openexec/openexec/internal/cli/init.go:291.2,292.36 2 0
github.com/openexec/openexec/internal/cli/init.go:292.36,293.46 1 0
github.com/openexec/openexec/internal/cli/init.go:293.46,295.4 1 0
github.com/openexec/openexec/internal/cli/init.go:298.2,298.21 1 0
github.com/openexec/openexec/internal/cli/knowledge.go:21.54,23.20 2 0
github.com/openexec/openexec/internal/cli/knowledge.go:23.20,25.4 1 0
github.com/openexec/openexec/internal/cli/knowledge.go:27.3,30.88 3 0
github.com/openexec/openexec/internal/cli/knowledge.go:30.88,31.18 1 0
github.com/openexec/openexec/internal/cli/knowledge.go:31.18,33.5 1 0
github.com/openexec/openexec/internal/cli/knowledge.go:34.4,34.76 1 0
github.com/openexec/openexec/internal/cli/knowledge.go:34.76,39.5 3 0
github.com/openexec/openexec/internal/cli/knowledge.go:40.4,40.14 1 0
github.com/openexec/openexec/internal/cli/knowledge.go:43.3,43.17 1 0
github.com/openexec/openexec/internal/cli/knowledge.go:43.17,45.4 1 0
github.com/openexec/openexec/internal/cli/knowledge.go:46.3,46.17 1 0
github.com/openexec/openexec/internal/cli/knowledge.go:46.17,48.4 1 0
github.com/openexec/openexec/internal/cli/knowledge.go:48.9,50.4 1 0
github.com/openexec/openexec/internal/cli/knowledge.go:51.3,51.13 1 0
github.com/openexec/openexec/internal/cli/knowledge.go:59.54,62.17 3 0
github.com/openexec/openexec/internal/cli/knowledge.go:62.17,64.4 1 0
github.com/openexec/openexec/internal/cli/knowledge.go:65.3,67.16 2 0
github.com/openexec/openexec/internal/cli/knowledge.go:68.18,72.22 4 0
github.com/openexec/openexec/internal/cli/knowledge.go:72.22,74.5 1 0
github.com/openexec/openexec/internal/cli/knowledge.go:75.4,75.27 1 0
github.com/openexec/openexec/internal/cli/knowledge.go:75.27,77.24 2 0
github.com/openexec/openexec/internal/cli/knowledge.go:77.24,79.6 1 0
github.com/openexec/openexec/internal/cli/knowledge.go:81.15,85.22 4 0
github.com/openexec/openexec/internal/cli/knowledge.go:85.22,87.5 1 0
github.com/openexec/openexec/internal/cli/knowledge.go:88.4,88.27 1 0
github.com/openexec/openexec/internal/cli/knowledge.go:88.27,91.5 2 0
github.com/openexec/openexec/internal/cli/knowledge.go:92.14,96.22 4 0
github.com/openexec/openexec/internal/cli/knowledge.go:96.22,98.5 1 0
github.com/openexec/openexec/internal/cli/knowledge.go:99.4,99.27 1 0
github.com/openexec/openexec/internal/cli/knowledge.go:99.27,101.5 1 0
github.com/openexec/openexec/internal/cli/knowledge.go:102.14,108.33 5 0
github.com/openexec/openexec/internal/cli/knowledge.go:108.33,110.22 2 0
github.com/openexec/openexec/internal/cli/knowledge.go:110.22,113.29 3 0
github.com/openexec/openexec/internal/cli/knowledge.go:113.29,115.7 1 0
github.com/openexec/openexec/internal/cli/knowledge.go:118.4,118.14 1 0
github.com/openexec/openexec/internal/cli/knowledge.go:118.14,120.5 1 0
github.com/openexec/openexec/internal/cli/knowledge.go:121.11,122.80 1 0
github.com/openexec/openexec/internal/cli/knowledge.go:124.3,124.13 1 0
github.com/openexec/openexec/internal/cli/knowledge.go:131.54,133.20 2 0
github.com/openexec/openexec/internal/cli/knowledge.go:133.20,135.4 1 0
github.com/openexec/openexec/internal/cli/knowledge.go:136.3,137.17 2 0
github.com/openexec/openexec/internal/cli/knowledge.go:137.17,139.4 1 0
github.com/openexec/openexec/internal/cli/knowledge.go:140.3,141.13 2 0
github.com/openexec/openexec/internal/cli/knowledge.go:148.54,150.20 2 0
github.com/openexec/openexec/internal/cli/knowledge.go:150.20,152.4 1 0
github.com/openexec/openexec/internal/cli/knowledge.go:154.3,157.17 3 0
github.com/openexec/openexec/internal/cli/knowledge.go:157.17,159.4 1 0
github.com/openexec/openexec/internal/cli/knowledge.go:160.3,163.58 3 0
github.com/openexec/openexec/internal/cli/knowledge.go:163.58,165.4 1 0
github.com/openexec/openexec/internal/cli/knowledge.go:167.3,168.13 2 0
github.com/openexec/openexec/internal/cli/knowledge.go:172.13,178.2 5 1
github.com/openexec/openexec/internal/cli/mcp_serve.go:10.13,12.2 1 1
github.com/openexec/openexec/internal/cli/mcp_serve.go:18.54,21.3 2 0
github.com/openexec/openexec/internal/cli/plan.go:40.54,44.48 2 1
github.com/openexec/openexec/internal/cli/plan.go:44.48,46.4 1 0
github.com/openexec/openexec/internal/cli/plan.go:49.3,54.18 4 1
github.com/openexec/openexec/internal/cli/plan.go:54.18,57.18 3 1
github.com/openexec/openexec/internal/cli/plan.go:57.18,59.5 1 0
github.com/openexec/openexec/internal/cli/plan.go:62.4,62.31 1 1
github.com/openexec/openexec/internal/cli/plan.go:62.31,65.22 3 0
github.com/openexec/openexec/internal/cli/plan.go:65.22,67.6 1 0
github.com/openexec/openexec/internal/cli/plan.go:68.5,68.15 1 0
github.com/openexec/openexec/internal/cli/plan.go:72.4,72.37 1 1
github.com/openexec/openexec/internal/cli/plan.go:72.37,75.5 2 1
github.com/openexec/openexec/internal/cli/plan.go:78.4,78.20 1 1
github.com/openexec/openexec/internal/cli/plan.go:78.20,79.22 1 1
github.com/openexec/openexec/internal/cli/plan.go:79.22,81.6 1 1
github.com/openexec/openexec/internal/cli/plan.go:82.5,83.15 2 1
github.com/openexec/openexec/internal/cli/plan.go:87.4,87.21 1 0
github.com/openexec/openexec/internal/cli/plan.go:87.21,90.5 2 0
github.com/openexec/openexec/internal/cli/plan.go:93.4,93.48 1 0
github.com/openexec/openexec/internal/cli/plan.go:93.48,95.5 1 0
github.com/openexec/openexec/internal/cli/plan.go:99.3,100.17 2 0
github.com/openexec/openexec/internal/cli/plan.go:100.17,102.4 1 0
github.com/openexec/openexec/internal/cli/plan.go:105.3,106.25 2 0
github.com/openexec/openexec/internal/cli/plan.go:106.25,108.4 1 0
github.com/openexec/openexec/internal/cli/plan.go:109.3,109.25 1 0
github.com/openexec/openexec/internal/cli/plan.go:109.25,111.4 1 0
github.com/openexec/openexec/internal/cli/plan.go:113.3,121.17 7 0
github.com/openexec/openexec/internal/cli/plan.go:121.17,125.33 4 0
github.com/openexec/openexec/internal/cli/plan.go:125.33,127.25 2 0
github.com/openexec/openexec/internal/cli/plan.go:127.25,129.6 1 0
github.com/openexec/openexec/internal/cli/plan.go:134.3,141.17 3 0
github.com/openexec/openexec/internal/cli/plan.go:141.17,143.4 1 0
github.com/openexec/openexec/internal/cli/plan.go:146.3,148.17 3 0
github.com/openexec/openexec/internal/cli/plan.go:148.17,150.4 1 0
github.com/openexec/openexec/internal/cli/plan.go:153.3,155.63 3 0
github.com/openexec/openexec/internal/cli/plan.go:155.63,157.4 1 0
github.com/openexec/openexec/internal/cli/plan.go:159.3,160.13 2 0
github.com/openexec/openexec/internal/cli/plan.go:164.13,171.2 4 1
github.com/openexec/openexec/internal/cli/plan.go:178.87,186.16 2 0
github.com/openexec/openexec/internal/cli/plan.go:186.16,188.3 1 0
github.com/openexec/openexec/internal/cli/plan.go:191.2,191.57 1 0
github.com/openexec/openexec/internal/cli/plan.go:191.57,193.3 1 0
github.com/openexec/openexec/internal/cli/plan.go:195.2,199.16 4 0
github.com/openexec/openexec/internal/cli/plan.go:199.16,202.148 2 0
github.com/openexec/openexec/internal/cli/plan.go:202.148,204.4 1 0
github.com/openexec/openexec/internal/cli/plan.go:205.3,205.83 1 0
github.com/openexec/openexec/internal/cli/plan.go:208.2,208.28 1 0
github.com/openexec/openexec/internal/cli/release.go:32.54,37.17 4 1
github.com/openexec/openexec/internal/cli/release.go:37.17,39.4 1 0
github.com/openexec/openexec/internal/cli/release.go:41.3,42.17 2 1
github.com/openexec/openexec/internal/cli/release.go:42.17,44.4 1 0
github.com/openexec/openexec/internal/cli/release.go:46.3,47.17 2 1
github.com/openexec/openexec/internal/cli/release.go:47.17,49.4 1 0
github.com/openexec/openexec/internal/cli/release.go:51.3,52.45 2 1
github.com/openexec/openexec/internal/cli/release.go:52.45,54.4 1 0
github.com/openexec/openexec/internal/cli/release.go:55.3,55.38 1 1
github.com/openexec/openexec/internal/cli/release.go:55.38,57.4 1 0
github.com/openexec/openexec/internal/cli/release.go:59.3,59.13 1 1
github.com/openexec/openexec/internal/cli/release.go:66.54,68.17 2 1
github.com/openexec/openexec/internal/cli/release.go:68.17,70.4 1 0
github.com/openexec/openexec/internal/cli/release.go:72.3,73.17 2 1
github.com/openexec/openexec/internal/cli/release.go:73.17,76.4 2 0
github.com/openexec/openexec/internal/cli/release.go:78.3,79.17 2 1
github.com/openexec/openexec/internal/cli/release.go:79.17,81.18 2 0
github.com/openexec/openexec/internal/cli/release.go:81.18,83.5 1 0
github.com/openexec/openexec/internal/cli/release.go:84.4,85.14 2 0
github.com/openexec/openexec/internal/cli/release.go:88.3,91.28 4 1
github.com/openexec/openexec/internal/cli/release.go:91.28,93.4 1 0
github.com/openexec/openexec/internal/cli/release.go:94.3,95.21 2 1
github.com/openexec/openexec/internal/cli/release.go:95.21,97.25 2 0
github.com/openexec/openexec/internal/cli/release.go:97.25,99.5 1 0
github.com/openexec/openexec/internal/cli/release.go:101.3,101.26 1 1
github.com/openexec/openexec/internal/cli/release.go:101.26,103.37 2 0
github.com/openexec/openexec/internal/cli/release.go:103.37,105.5 1 0
github.com/openexec/openexec/internal/cli/release.go:108.3,108.13 1 1
github.com/openexec/openexec/internal/cli/release.go:119.54,121.17 2 0
github.com/openexec/openexec/internal/cli/release.go:121.17,123.4 1 0
github.com/openexec/openexec/internal/cli/release.go:125.3,128.17 3 0
github.com/openexec/openexec/internal/cli/release.go:128.17,130.18 2 0
github.com/openexec/openexec/internal/cli/release.go:130.18,132.5 1 0
github.com/openexec/openexec/internal/cli/release.go:133.4,134.18 2 0
github.com/openexec/openexec/internal/cli/release.go:134.18,136.5 1 0
github.com/openexec/openexec/internal/cli/release.go:137.4,138.14 2 0
github.com/openexec/openexec/internal/cli/release.go:141.3,150.19 8 0
github.com/openexec/openexec/internal/cli/release.go:150.19,152.4 1 0
github.com/openexec/openexec/internal/cli/release.go:152.9,154.4 1 0
github.com/openexec/openexec/internal/cli/release.go:155.3,155.17 1 0
github.com/openexec/openexec/internal/cli/release.go:155.17,157.4 1 0
github.com/openexec/openexec/internal/cli/release.go:159.3,160.23 2 0
github.com/openexec/openexec/internal/cli/release.go:160.23,161.77 1 0
github.com/openexec/openexec/internal/cli/release.go:161.77,163.5 1 0
github.com/openexec/openexec/internal/cli/release.go:164.4,164.55 1 0
github.com/openexec/openexec/internal/cli/release.go:165.9,167.4 1 0
github.com/openexec/openexec/internal/cli/release.go:169.3,169.13 1 0
github.com/openexec/openexec/internal/cli/release.go:182.54,184.17 2 0
github.com/openexec/openexec/internal/cli/release.go:184.17,186.4 1 0
github.com/openexec/openexec/internal/cli/release.go:188.3,189.20 2 0
github.com/openexec/openexec/internal/cli/release.go:189.20,191.18 2 0
github.com/openexec/openexec/internal/cli/release.go:191.18,193.5 1 0
github.com/openexec/openexec/internal/cli/release.go:196.3,198.49 2 0
github.com/openexec/openexec/internal/cli/release.go:198.49,200.4 1 0
github.com/openexec/openexec/internal/cli/release.go:202.3,203.35 2 0
github.com/openexec/openexec/internal/cli/release.go:203.35,206.12 2 0
github.com/openexec/openexec/internal/cli/release.go:206.12,207.52 1 0
github.com/openexec/openexec/internal/cli/release.go:207.52,209.6 1 0
github.com/openexec/openexec/internal/cli/release.go:210.5,210.41 1 0
github.com/openexec/openexec/internal/cli/release.go:214.3,214.13 1 0
github.com/openexec/openexec/internal/cli/release.go:231.54,233.17 2 0
github.com/openexec/openexec/internal/cli/release.go:233.17,235.4 1 0
github.com/openexec/openexec/internal/cli/release.go:237.3,241.17 4 0
github.com/openexec/openexec/internal/cli/release.go:241.17,243.4 1 0
github.com/openexec/openexec/internal/cli/release.go:246.3,246.13 1 0
github.com/openexec/openexec/internal/cli/release.go:246.13,247.35 1 0
github.com/openexec/openexec/internal/cli/release.go:247.35,251.5 3 0
github.com/openexec/openexec/internal/cli/release.go:253.4,254.41 2 0
github.com/openexec/openexec/internal/cli/release.go:254.41,257.41 3 0
github.com/openexec/openexec/internal/cli/release.go:257.41,259.6 1 0
github.com/openexec/openexec/internal/cli/release.go:260.5,260.68 1 0
github.com/openexec/openexec/internal/cli/release.go:263.4,263.30 1 0
github.com/openexec/openexec/internal/cli/release.go:263.30,265.24 2 0
github.com/openexec/openexec/internal/cli/release.go:265.24,268.14 3 0
github.com/openexec/openexec/internal/cli/release.go:268.14,270.7 1 0
github.com/openexec/openexec/internal/cli/release.go:272.5,272.32 1 0
github.com/openexec/openexec/internal/cli/release.go:272.32,274.14 2 0
github.com/openexec/openexec/internal/cli/release.go:274.14,276.7 1 0
github.com/openexec/openexec/internal/cli/release.go:278.5,278.88 1 0
github.com/openexec/openexec/internal/cli/release.go:278.88,280.80 2 0
github.com/openexec/openexec/internal/cli/release.go:280.80,282.7 1 0
github.com/openexec/openexec/internal/cli/release.go:286.4,287.14 2 0
github.com/openexec/openexec/internal/cli/release.go:291.3,291.37 1 0
github.com/openexec/openexec/internal/cli/release.go:291.37,296.4 4 0
github.com/openexec/openexec/internal/cli/release.go:298.3,299.43 2 0
github.com/openexec/openexec/internal/cli/release.go:299.43,301.4 1 0
github.com/openexec/openexec/internal/cli/release.go:303.3,303.29 1 0
github.com/openexec/openexec/internal/cli/release.go:303.29,305.36 2 0
github.com/openexec/openexec/internal/cli/release.go:305.36,307.5 1 0
github.com/openexec/openexec/internal/cli/release.go:310.3,310.29 1 0
github.com/openexec/openexec/internal/cli/release.go:310.29,314.28 3 0
github.com/openexec/openexec/internal/cli/release.go:314.28,316.13 2 0
github.com/openexec/openexec/internal/cli/release.go:316.13,317.53 1 0
github.com/openexec/openexec/internal/cli/release.go:317.53,319.7 1 0
github.com/openexec/openexec/internal/cli/release.go:319.12,321.7 1 0
github.com/openexec/openexec/internal/cli/release.go:324.4,324.34 1 0
github.com/openexec/openexec/internal/cli/release.go:324.34,326.13 2 0
github.com/openexec/openexec/internal/cli/release.go:326.13,327.71 1 0
github.com/openexec/openexec/internal/cli/release.go:327.71,329.7 1 0
github.com/openexec/openexec/internal/cli/release.go:329.12,331.7 1 0
github.com/openexec/openexec/internal/cli/release.go:335.4,335.60 1 0
github.com/openexec/openexec/internal/cli/release.go:335.60,336.40 1 0
github.com/openexec/openexec/internal/cli/release.go:336.40,337.80 1 0
github.com/openexec/openexec/internal/cli/release.go:337.80,340.7 2 0
github.com/openexec/openexec/internal/cli/release.go:345.3,345.13 1 0
github.com/openexec/openexec/internal/cli/release.go:356.54,358.17 2 0
github.com/openexec/openexec/internal/cli/release.go:358.17,360.4 1 0
github.com/openexec/openexec/internal/cli/release.go:362.3,363.17 2 0
github.com/openexec/openexec/internal/cli/release.go:363.17,365.4 1 0
github.com/openexec/openexec/internal/cli/release.go:367.3,367.45 1 0
github.com/openexec/openexec/internal/cli/release.go:367.45,369.4 1 0
github.com/openexec/openexec/internal/cli/release.go:371.3,373.27 3 0
github.com/openexec/openexec/internal/cli/release.go:373.27,375.4 1 0
github.com/openexec/openexec/internal/cli/release.go:377.3,377.48 1 0
github.com/openexec/openexec/internal/cli/release.go:377.48,379.4 1 0
github.com/openexec/openexec/internal/cli/release.go:381.3,382.13 2 0
github.com/openexec/openexec/internal/cli/release.go:389.54,391.17 2 0
github.com/openexec/openexec/internal/cli/release.go:391.17,393.4 1 0
github.com/openexec/openexec/internal/cli/release.go:395.3,395.39 1 0
github.com/openexec/openexec/internal/cli/release.go:395.39,399.4 3 0
github.com/openexec/openexec/internal/cli/release.go:401.3,402.17 2 0
github.com/openexec/openexec/internal/cli/release.go:402.17,404.4 1 0
github.com/openexec/openexec/internal/cli/release.go:405.3,407.66 2 0
github.com/openexec/openexec/internal/cli/release.go:407.66,409.4 1 0
github.com/openexec/openexec/internal/cli/release.go:411.3,412.13 2 0
github.com/openexec/openexec/internal/cli/release.go:422.54,424.17 2 0
github.com/openexec/openexec/internal/cli/release.go:424.17,426.4 1 0
github.com/openexec/openexec/internal/cli/release.go:428.3,428.39 1 0
github.com/openexec/openexec/internal/cli/release.go:428.39,432.4 3 0
github.com/openexec/openexec/internal/cli/release.go:434.3,437.17 3 0
github.com/openexec/openexec/internal/cli/release.go:437.17,439.18 2 0
github.com/openexec/openexec/internal/cli/release.go:439.18,441.5 1 0
github.com/openexec/openexec/internal/cli/release.go:442.4,443.14 2 0
github.com/openexec/openexec/internal/cli/release.go:446.3,448.29 2 0
github.com/openexec/openexec/internal/cli/release.go:448.29,451.36 3 0
github.com/openexec/openexec/internal/cli/release.go:451.36,453.5 1 0
github.com/openexec/openexec/internal/cli/release.go:454.4,454.17 1 0
github.com/openexec/openexec/internal/cli/release.go:457.3,457.31 1 0
github.com/openexec/openexec/internal/cli/release.go:457.31,460.38 3 0
github.com/openexec/openexec/internal/cli/release.go:460.38,462.5 1 0
github.com/openexec/openexec/internal/cli/release.go:463.4,463.17 1 0
github.com/openexec/openexec/internal/cli/release.go:466.3,466.29 1 0
github.com/openexec/openexec/internal/cli/release.go:466.29,471.4 4 0
github.com/openexec/openexec/internal/cli/release.go:473.3,473.16 1 0
github.com/openexec/openexec/internal/cli/release.go:473.16,475.4 1 0
github.com/openexec/openexec/internal/cli/release.go:477.3,477.13 1 0
github.com/openexec/openexec/internal/cli/release.go:497.54,502.17 4 1
github.com/openexec/openexec/internal/cli/release.go:502.17,504.4 1 0
github.com/openexec/openexec/internal/cli/release.go:506.3,510.22 4 1
github.com/openexec/openexec/internal/cli/release.go:510.22,512.4 1 0
github.com/openexec/openexec/internal/cli/release.go:514.3,523.48 2 1
github.com/openexec/openexec/internal/cli/release.go:523.48,525.4 1 0
github.com/openexec/openexec/internal/cli/release.go:527.3,530.49 4 1
github.com/openexec/openexec/internal/cli/release.go:530.49,532.4 1 0
github.com/openexec/openexec/internal/cli/release.go:534.3,534.13 1 1
github.com/openexec/openexec/internal/cli/release.go:541.54,543.17 2 1
github.com/openexec/openexec/internal/cli/release.go:543.17,545.4 1 0
github.com/openexec/openexec/internal/cli/release.go:547.3,550.17 3 1
github.com/openexec/openexec/internal/cli/release.go:550.17,552.18 2 0
github.com/openexec/openexec/internal/cli/release.go:552.18,554.5 1 0
github.com/openexec/openexec/internal/cli/release.go:555.4,556.14 2 0
github.com/openexec/openexec/internal/cli/release.go:559.3,559.24 1 1
github.com/openexec/openexec/internal/cli/release.go:559.24,562.4 2 0
github.com/openexec/openexec/internal/cli/release.go:564.3,565.33 2 1
github.com/openexec/openexec/internal/cli/release.go:565.33,568.50 3 1
github.com/openexec/openexec/internal/cli/release.go:568.50,570.5 1 0
github.com/openexec/openexec/internal/cli/release.go:571.4,572.22 2 1
github.com/openexec/openexec/internal/cli/release.go:572.22,574.29 2 1
github.com/openexec/openexec/internal/cli/release.go:574.29,575.44 1 1
github.com/openexec/openexec/internal/cli/release.go:575.44,577.7 1 0
github.com/openexec/openexec/internal/cli/release.go:579.5,579.71 1 1
github.com/openexec/openexec/internal/cli/release.go:583.3,583.13 1 1
github.com/openexec/openexec/internal/cli/release.go:591.54,595.17 3 0
github.com/openexec/openexec/internal/cli/release.go:595.17,597.4 1 0
github.com/openexec/openexec/internal/cli/release.go:599.3,600.19 2 0
github.com/openexec/openexec/internal/cli/release.go:600.19,602.4 1 0
github.com/openexec/openexec/internal/cli/release.go:604.3,605.17 2 0
github.com/openexec/openexec/internal/cli/release.go:605.17,607.18 2 0
github.com/openexec/openexec/internal/cli/release.go:607.18,609.5 1 0
github.com/openexec/openexec/internal/cli/release.go:610.4,611.14 2 0
github.com/openexec/openexec/internal/cli/release.go:614.3,620.23 6 0
github.com/openexec/openexec/internal/cli/release.go:620.23,623.32 3 0
github.com/openexec/openexec/internal/cli/release.go:623.32,626.5 2 0
github.com/openexec/openexec/internal/cli/release.go:629.3,629.28 1 0
github.com/openexec/openexec/internal/cli/release.go:629.28,632.39 3 0
github.com/openexec/openexec/internal/cli/release.go:632.39,634.5 1 0
github.com/openexec/openexec/internal/cli/release.go:637.3,638.21 2 0
github.com/openexec/openexec/internal/cli/release.go:638.21,640.31 2 0
github.com/openexec/openexec/internal/cli/release.go:640.31,643.5 2 0
github.com/openexec/openexec/internal/cli/release.go:646.3,646.13 1 0
github.com/openexec/openexec/internal/cli/release.go:657.54,661.17 3 0
github.com/openexec/openexec/internal/cli/release.go:661.17,663.4 1 0
github.com/openexec/openexec/internal/cli/release.go:665.3,665.58 1 0
github.com/openexec/openexec/internal/cli/release.go:665.58,667.4 1 0
github.com/openexec/openexec/internal/cli/release.go:669.3,670.13 2 0
github.com/openexec/openexec/internal/cli/release.go:678.54,682.17 3 0
github.com/openexec/openexec/internal/cli/release.go:682.17,684.4 1 0
github.com/openexec/openexec/internal/cli/release.go:686.3,686.39 1 0
github.com/openexec/openexec/internal/cli/release.go:686.39,689.4 2 0
github.com/openexec/openexec/internal/cli/release.go:691.3,692.17 2 0
github.com/openexec/openexec/internal/cli/release.go:692.17,694.4 1 0
github.com/openexec/openexec/internal/cli/release.go:695.3,697.73 2 0
github.com/openexec/openexec/internal/cli/release.go:697.73,699.4 1 0
github.com/openexec/openexec/internal/cli/release.go:701.3,704.39 2 0
github.com/openexec/openexec/internal/cli/release.go:704.39,706.18 2 0
github.com/openexec/openexec/internal/cli/release.go:706.18,708.5 1 0
github.com/openexec/openexec/internal/cli/release.go:708.10,708.44 1 0
github.com/openexec/openexec/internal/cli/release.go:708.44,709.45 1 0
github.com/openexec/openexec/internal/cli/release.go:709.45,711.6 1 0
github.com/openexec/openexec/internal/cli/release.go:712.5,712.31 1 0
github.com/openexec/openexec/internal/cli/release.go:712.31,713.41 1 0
github.com/openexec/openexec/internal/cli/release.go:713.41,715.97 2 0
github.com/openexec/openexec/internal/cli/release.go:715.97,718.8 2 0
github.com/openexec/openexec/internal/cli/release.go:718.13,720.8 1 0
github.com/openexec/openexec/internal/cli/release.go:721.12,723.7 1 0
github.com/openexec/openexec/internal/cli/release.go:724.6,724.30 1 0
github.com/openexec/openexec/internal/cli/release.go:724.30,726.7 1 0
github.com/openexec/openexec/internal/cli/release.go:727.6,727.36 1 0
github.com/openexec/openexec/internal/cli/release.go:727.36,729.7 1 0
github.com/openexec/openexec/internal/cli/release.go:734.3,734.13 1 0
github.com/openexec/openexec/internal/cli/release.go:775.54,778.20 2 0
github.com/openexec/openexec/internal/cli/release.go:778.20,780.4 1 0
github.com/openexec/openexec/internal/cli/release.go:782.3,787.17 4 0
github.com/openexec/openexec/internal/cli/release.go:787.17,789.4 1 0
github.com/openexec/openexec/internal/cli/release.go:791.3,797.51 2 0
github.com/openexec/openexec/internal/cli/release.go:797.51,800.71 2 0
github.com/openexec/openexec/internal/cli/release.go:800.71,803.5 2 0
github.com/openexec/openexec/internal/cli/release.go:803.10,805.5 1 0
github.com/openexec/openexec/internal/cli/release.go:809.3,809.29 1 0
github.com/openexec/openexec/internal/cli/release.go:809.29,811.4 1 0
github.com/openexec/openexec/internal/cli/release.go:811.9,811.100 1 0
github.com/openexec/openexec/internal/cli/release.go:811.100,813.4 1 0
github.com/openexec/openexec/internal/cli/release.go:815.3,817.24 2 0
github.com/openexec/openexec/internal/cli/release.go:817.24,820.4 2 0
github.com/openexec/openexec/internal/cli/release.go:823.3,823.24 1 0
github.com/openexec/openexec/internal/cli/release.go:823.24,828.30 4 0
github.com/openexec/openexec/internal/cli/release.go:828.30,829.23 1 0
github.com/openexec/openexec/internal/cli/release.go:829.23,831.36 2 0
github.com/openexec/openexec/internal/cli/release.go:831.36,833.7 1 0
github.com/openexec/openexec/internal/cli/release.go:837.4,837.31 1 0
github.com/openexec/openexec/internal/cli/release.go:837.31,838.34 1 0
github.com/openexec/openexec/internal/cli/release.go:838.34,840.6 1 0
github.com/openexec/openexec/internal/cli/release.go:841.5,841.35 1 0
github.com/openexec/openexec/internal/cli/release.go:841.35,843.6 1 0
github.com/openexec/openexec/internal/cli/release.go:845.4,845.44 1 0
github.com/openexec/openexec/internal/cli/release.go:848.3,848.13 1 0
github.com/openexec/openexec/internal/cli/release.go:848.13,850.31 2 0
github.com/openexec/openexec/internal/cli/release.go:850.31,852.5 1 0
github.com/openexec/openexec/internal/cli/release.go:853.4,853.30 1 0
github.com/openexec/openexec/internal/cli/release.go:853.30,855.34 2 0
github.com/openexec/openexec/internal/cli/release.go:855.34,859.30 3 0
github.com/openexec/openexec/internal/cli/release.go:860.18,861.13 1 0
github.com/openexec/openexec/internal/cli/release.go:862.26,864.37 2 0
github.com/openexec/openexec/internal/cli/release.go:867.6,867.18 1 0
github.com/openexec/openexec/internal/cli/release.go:867.18,869.7 1 0
github.com/openexec/openexec/internal/cli/release.go:870.6,870.21 1 0
github.com/openexec/openexec/internal/cli/release.go:870.21,872.7 1 0
github.com/openexec/openexec/internal/cli/release.go:872.12,874.7 1 0
github.com/openexec/openexec/internal/cli/release.go:877.4,877.14 1 0
github.com/openexec/openexec/internal/cli/release.go:880.3,881.17 2 0
github.com/openexec/openexec/internal/cli/release.go:881.17,883.4 1 0
github.com/openexec/openexec/internal/cli/release.go:886.3,887.30 2 0
github.com/openexec/openexec/internal/cli/release.go:887.30,889.23 2 0
github.com/openexec/openexec/internal/cli/release.go:889.23,892.52 2 0
github.com/openexec/openexec/internal/cli/release.go:892.52,894.14 2 0
github.com/openexec/openexec/internal/cli/release.go:896.5,896.19 1 0
github.com/openexec/openexec/internal/cli/release.go:901.3,911.29 7 0
github.com/openexec/openexec/internal/cli/release.go:911.29,912.33 1 0
github.com/openexec/openexec/internal/cli/release.go:912.33,914.29 2 0
github.com/openexec/openexec/internal/cli/release.go:915.17,916.12 1 0
github.com/openexec/openexec/internal/cli/release.go:917.25,918.30 1 0
github.com/openexec/openexec/internal/cli/release.go:920.5,920.17 1 0
github.com/openexec/openexec/internal/cli/release.go:920.17,922.6 1 0
github.com/openexec/openexec/internal/cli/release.go:926.3,926.36 1 0
github.com/openexec/openexec/internal/cli/release.go:926.36,928.48 1 0
github.com/openexec/openexec/internal/cli/release.go:928.48,930.13 2 0
github.com/openexec/openexec/internal/cli/release.go:934.4,935.20 2 0
github.com/openexec/openexec/internal/cli/release.go:935.20,951.50 2 0
github.com/openexec/openexec/internal/cli/release.go:951.50,953.14 2 0
github.com/openexec/openexec/internal/cli/release.go:957.5,960.57 4 0
github.com/openexec/openexec/internal/cli/release.go:960.57,962.53 2 0
github.com/openexec/openexec/internal/cli/release.go:962.53,964.7 1 0
github.com/openexec/openexec/internal/cli/release.go:965.6,965.57 1 0
github.com/openexec/openexec/internal/cli/release.go:968.5,969.68 2 0
github.com/openexec/openexec/internal/cli/release.go:970.10,973.5 2 0
github.com/openexec/openexec/internal/cli/release.go:976.4,981.48 5 0
github.com/openexec/openexec/internal/cli/release.go:981.48,984.56 2 0
github.com/openexec/openexec/internal/cli/release.go:984.56,987.66 2 0
github.com/openexec/openexec/internal/cli/release.go:987.66,989.69 1 0
github.com/openexec/openexec/internal/cli/release.go:989.69,993.8 3 0
github.com/openexec/openexec/internal/cli/release.go:998.4,998.20 1 0
github.com/openexec/openexec/internal/cli/release.go:998.20,1000.52 2 0
github.com/openexec/openexec/internal/cli/release.go:1000.52,1002.6 1 0
github.com/openexec/openexec/internal/cli/release.go:1003.5,1003.56 1 0
github.com/openexec/openexec/internal/cli/release.go:1007.4,1007.40 1 0
github.com/openexec/openexec/internal/cli/release.go:1007.40,1011.29 2 0
github.com/openexec/openexec/internal/cli/release.go:1012.17,1013.36 1 0
github.com/openexec/openexec/internal/cli/release.go:1014.25,1017.40 2 0
github.com/openexec/openexec/internal/cli/release.go:1018.13,1019.14 1 0
github.com/openexec/openexec/internal/cli/release.go:1022.5,1023.21 2 0
github.com/openexec/openexec/internal/cli/release.go:1023.21,1025.6 1 0
github.com/openexec/openexec/internal/cli/release.go:1028.17,1029.40 2 0
github.com/openexec/openexec/internal/cli/release.go:1029.40,1031.33 1 0
github.com/openexec/openexec/internal/cli/release.go:1031.33,1032.94 1 0
github.com/openexec/openexec/internal/cli/release.go:1032.94,1033.98 1 0
github.com/openexec/openexec/internal/cli/release.go:1033.98,1035.30 1 0
github.com/openexec/openexec/internal/cli/release.go:1035.35,1037.30 1 0
github.com/openexec/openexec/internal/cli/release.go:1040.25,1040.133 1 0
github.com/openexec/openexec/internal/cli/release.go:1040.133,1041.110 1 0
github.com/openexec/openexec/internal/cli/release.go:1041.110,1043.30 1 0
github.com/openexec/openexec/internal/cli/release.go:1045.27,1047.64 1 0
github.com/openexec/openexec/internal/cli/release.go:1047.64,1049.26 1 0
github.com/openexec/openexec/internal/cli/release.go:1051.21,1051.29 1 0
github.com/openexec/openexec/internal/cli/release.go:1054.5,1064.37 2 0
github.com/openexec/openexec/internal/cli/release.go:1064.37,1066.18 1 0
github.com/openexec/openexec/internal/cli/release.go:1069.17,1069.76 1 0
github.com/openexec/openexec/internal/cli/release.go:1069.76,1071.18 1 0
github.com/openexec/openexec/internal/cli/release.go:1073.5,1073.48 1 0
github.com/openexec/openexec/internal/cli/release.go:1073.48,1075.14 2 0
github.com/openexec/openexec/internal/cli/release.go:1078.5,1079.61 2 0
github.com/openexec/openexec/internal/cli/release.go:1084.3,1086.30 3 0
github.com/openexec/openexec/internal/cli/release.go:1086.30,1087.30 1 0
github.com/openexec/openexec/internal/cli/release.go:1087.30,1088.48 1 0
github.com/openexec/openexec/internal/cli/release.go:1088.48,1090.6 1 0
github.com/openexec/openexec/internal/cli/release.go:1094.3,1098.22 5 0
github.com/openexec/openexec/internal/cli/release.go:1098.22,1100.4 1 0
github.com/openexec/openexec/internal/cli/release.go:1101.3,1101.13 1 0
github.com/openexec/openexec/internal/cli/release.go:1119.54,1124.17 4 1
github.com/openexec/openexec/internal/cli/release.go:1124.17,1126.4 1 0
github.com/openexec/openexec/internal/cli/release.go:1128.3,1132.20 4 1
github.com/openexec/openexec/internal/cli/release.go:1132.20,1134.4 1 0
github.com/openexec/openexec/internal/cli/release.go:1137.3,1138.19 2 1
github.com/openexec/openexec/internal/cli/release.go:1138.19,1140.4 1 0
github.com/openexec/openexec/internal/cli/release.go:1142.3,1150.46 2 1
github.com/openexec/openexec/internal/cli/release.go:1150.46,1152.4 1 0
github.com/openexec/openexec/internal/cli/release.go:1154.3,1157.47 4 1
github.com/openexec/openexec/internal/cli/release.go:1157.47,1159.4 1 0
github.com/openexec/openexec/internal/cli/release.go:1160.3,1160.18 1 1
github.com/openexec/openexec/internal/cli/release.go:1160.18,1162.4 1 0
github.com/openexec/openexec/internal/cli/release.go:1164.3,1164.13 1 1
github.com/openexec/openexec/internal/cli/release.go:1179.54,1183.17 3 0
github.com/openexec/openexec/internal/cli/release.go:1183.17,1185.4 1 0
github.com/openexec/openexec/internal/cli/release.go:1187.3,1188.17 2 0
github.com/openexec/openexec/internal/cli/release.go:1188.17,1190.4 1 0
github.com/openexec/openexec/internal/cli/release.go:1192.3,1194.27 2 0
github.com/openexec/openexec/internal/cli/release.go:1194.27,1195.31 1 0
github.com/openexec/openexec/internal/cli/release.go:1195.31,1198.5 2 0
github.com/openexec/openexec/internal/cli/release.go:1198.10,1198.33 1 0
github.com/openexec/openexec/internal/cli/release.go:1198.33,1200.5 1 0
github.com/openexec/openexec/internal/cli/release.go:1203.3,1203.29 1 0
github.com/openexec/openexec/internal/cli/release.go:1203.29,1205.28 2 0
github.com/openexec/openexec/internal/cli/release.go:1205.28,1207.5 1 0
github.com/openexec/openexec/internal/cli/release.go:1208.4,1208.34 1 0
github.com/openexec/openexec/internal/cli/release.go:1208.34,1210.5 1 0
github.com/openexec/openexec/internal/cli/release.go:1211.4,1211.60 1 0
github.com/openexec/openexec/internal/cli/release.go:1211.60,1213.54 2 0
github.com/openexec/openexec/internal/cli/release.go:1213.54,1214.80 1 0
github.com/openexec/openexec/internal/cli/release.go:1214.80,1217.7 2 0
github.com/openexec/openexec/internal/cli/release.go:1222.3,1222.25 1 0
github.com/openexec/openexec/internal/cli/release.go:1222.25,1224.4 1 0
github.com/openexec/openexec/internal/cli/release.go:1226.3,1226.13 1 0
github.com/openexec/openexec/internal/cli/release.go:1233.54,1235.17 2 0
github.com/openexec/openexec/internal/cli/release.go:1235.17,1237.4 1 0
github.com/openexec/openexec/internal/cli/release.go:1239.3,1242.20 3 0
github.com/openexec/openexec/internal/cli/release.go:1242.20,1244.4 1 0
github.com/openexec/openexec/internal/cli/release.go:1244.9,1246.4 1 0
github.com/openexec/openexec/internal/cli/release.go:1248.3,1249.17 2 0
github.com/openexec/openexec/internal/cli/release.go:1249.17,1251.18 2 0
github.com/openexec/openexec/internal/cli/release.go:1251.18,1253.5 1 0
github.com/openexec/openexec/internal/cli/release.go:1254.4,1255.14 2 0
github.com/openexec/openexec/internal/cli/release.go:1258.3,1258.22 1 0
github.com/openexec/openexec/internal/cli/release.go:1258.22,1261.4 2 0
github.com/openexec/openexec/internal/cli/release.go:1263.3,1264.30 2 0
github.com/openexec/openexec/internal/cli/release.go:1264.30,1267.52 3 0
github.com/openexec/openexec/internal/cli/release.go:1267.52,1269.5 1 0
github.com/openexec/openexec/internal/cli/release.go:1272.3,1272.13 1 0
github.com/openexec/openexec/internal/cli/release.go:1280.54,1285.17 4 0
github.com/openexec/openexec/internal/cli/release.go:1285.17,1287.4 1 0
github.com/openexec/openexec/internal/cli/release.go:1289.3,1289.66 1 0
github.com/openexec/openexec/internal/cli/release.go:1289.66,1291.4 1 0
github.com/openexec/openexec/internal/cli/release.go:1293.3,1294.26 2 0
github.com/openexec/openexec/internal/cli/release.go:1294.26,1296.4 1 0
github.com/openexec/openexec/internal/cli/release.go:1297.3,1298.13 2 0
github.com/openexec/openexec/internal/cli/release.go:1312.54,1314.17 2 0
github.com/openexec/openexec/internal/cli/release.go:1314.17,1316.4 1 0
github.com/openexec/openexec/internal/cli/release.go:1318.3,1318.34 1 0
github.com/openexec/openexec/internal/cli/release.go:1318.34,1320.4 1 0
github.com/openexec/openexec/internal/cli/release.go:1322.3,1325.10 3 0
github.com/openexec/openexec/internal/cli/release.go:1325.10,1327.4 1 0
github.com/openexec/openexec/internal/cli/release.go:1329.3,1330.17 2 0
github.com/openexec/openexec/internal/cli/release.go:1330.17,1332.4 1 0
github.com/openexec/openexec/internal/cli/release.go:1334.3,1334.18 1 0
github.com/openexec/openexec/internal/cli/release.go:1334.18,1336.4 1 0
github.com/openexec/openexec/internal/cli/release.go:1336.9,1338.4 1 0
github.com/openexec/openexec/internal/cli/release.go:1340.3,1340.13 1 0
github.com/openexec/openexec/internal/cli/release.go:1352.54,1356.17 3 0
github.com/openexec/openexec/internal/cli/release.go:1356.17,1358.4 1 0
github.com/openexec/openexec/internal/cli/release.go:1360.3,1363.35 3 0
github.com/openexec/openexec/internal/cli/release.go:1363.35,1365.4 1 0
github.com/openexec/openexec/internal/cli/release.go:1367.3,1367.64 1 0
github.com/openexec/openexec/internal/cli/release.go:1367.64,1369.4 1 0
github.com/openexec/openexec/internal/cli/release.go:1371.3,1372.19 2 0
github.com/openexec/openexec/internal/cli/release.go:1372.19,1374.4 1 0
github.com/openexec/openexec/internal/cli/release.go:1375.3,1375.18 1 0
github.com/openexec/openexec/internal/cli/release.go:1375.18,1377.4 1 0
github.com/openexec/openexec/internal/cli/release.go:1378.3,1378.13 1 0
github.com/openexec/openexec/internal/cli/release.go:1386.54,1390.17 3 1
github.com/openexec/openexec/internal/cli/release.go:1390.17,1392.4 1 0
github.com/openexec/openexec/internal/cli/release.go:1394.3,1394.39 1 1
github.com/openexec/openexec/internal/cli/release.go:1394.39,1397.4 2 0
github.com/openexec/openexec/internal/cli/release.go:1399.3,1400.17 2 1
github.com/openexec/openexec/internal/cli/release.go:1400.17,1402.4 1 0
github.com/openexec/openexec/internal/cli/release.go:1403.3,1405.71 2 1
github.com/openexec/openexec/internal/cli/release.go:1405.71,1407.4 1 0
github.com/openexec/openexec/internal/cli/release.go:1409.3,1410.13 2 1
github.com/openexec/openexec/internal/cli/release.go:1428.54,1430.17 2 1
github.com/openexec/openexec/internal/cli/release.go:1430.17,1432.4 1 0
github.com/openexec/openexec/internal/cli/release.go:1434.3,1438.29 4 1
github.com/openexec/openexec/internal/cli/release.go:1438.29,1439.22 1 1
github.com/openexec/openexec/internal/cli/release.go:1439.22,1441.5 1 0
github.com/openexec/openexec/internal/cli/release.go:1444.3,1447.20 3 1
github.com/openexec/openexec/internal/cli/release.go:1447.20,1449.48 2 0
github.com/openexec/openexec/internal/cli/release.go:1449.48,1452.5 2 0
github.com/openexec/openexec/internal/cli/release.go:1452.10,1454.5 1 0
github.com/openexec/openexec/internal/cli/release.go:1455.9,1456.25 1 1
github.com/openexec/openexec/internal/cli/release.go:1456.25,1459.5 2 1
github.com/openexec/openexec/internal/cli/release.go:1460.4,1460.47 1 0
github.com/openexec/openexec/internal/cli/release.go:1460.47,1463.28 3 0
github.com/openexec/openexec/internal/cli/release.go:1463.28,1465.6 1 0
github.com/openexec/openexec/internal/cli/release.go:1465.11,1465.34 1 0
github.com/openexec/openexec/internal/cli/release.go:1465.34,1467.6 1 0
github.com/openexec/openexec/internal/cli/release.go:1471.3,1471.13 1 0
github.com/openexec/openexec/internal/cli/release.go:1475.85,1477.28 2 0
github.com/openexec/openexec/internal/cli/release.go:1477.28,1480.78 2 0
github.com/openexec/openexec/internal/cli/release.go:1480.78,1482.4 1 0
github.com/openexec/openexec/internal/cli/release.go:1484.3,1484.33 1 0
github.com/openexec/openexec/internal/cli/release.go:1484.33,1486.15 2 0
github.com/openexec/openexec/internal/cli/release.go:1486.15,1490.19 4 0
github.com/openexec/openexec/internal/cli/release.go:1490.19,1493.6 2 0
github.com/openexec/openexec/internal/cli/release.go:1493.11,1495.6 1 0
github.com/openexec/openexec/internal/cli/release.go:1497.9,1497.21 1 0
github.com/openexec/openexec/internal/cli/release.go:1497.21,1499.4 1 0
github.com/openexec/openexec/internal/cli/release.go:1501.2,1501.16 1 0
github.com/openexec/openexec/internal/cli/release.go:1507.54,1509.17 2 0
github.com/openexec/openexec/internal/cli/release.go:1509.17,1511.4 1 0
github.com/openexec/openexec/internal/cli/release.go:1513.3,1513.45 1 0
github.com/openexec/openexec/internal/cli/release.go:1513.45,1515.4 1 0
github.com/openexec/openexec/internal/cli/release.go:1517.3,1518.13 2 0
github.com/openexec/openexec/internal/cli/release.go:1522.13,1619.2 67 1
github.com/openexec/openexec/internal/cli/release.go:1621.70,1623.22 2 1
github.com/openexec/openexec/internal/cli/release.go:1623.22,1626.17 3 1
github.com/openexec/openexec/internal/cli/release.go:1626.17,1628.4 1 0
github.com/openexec/openexec/internal/cli/release.go:1632.2,1634.44 2 1
github.com/openexec/openexec/internal/cli/release.go:1637.59,1639.2 1 1
github.com/openexec/openexec/internal/cli/release.go:1644.88,1649.35 3 1
github.com/openexec/openexec/internal/cli/release.go:1649.35,1651.21 2 1
github.com/openexec/openexec/internal/cli/release.go:1651.21,1653.4 1 0
github.com/openexec/openexec/internal/cli/release.go:1654.3,1654.18 1 1
github.com/openexec/openexec/internal/cli/release.go:1654.18,1656.4 1 1
github.com/openexec/openexec/internal/cli/release.go:1659.2,1659.20 1 1
github.com/openexec/openexec/internal/cli/release.go:1659.20,1661.3 1 0
github.com/openexec/openexec/internal/cli/release.go:1663.2,1663.17 1 1
github.com/openexec/openexec/internal/cli/release.go:1663.17,1665.3 1 0
github.com/openexec/openexec/internal/cli/release.go:1666.2,1666.22 1 1
github.com/openexec/openexec/internal/cli/release.go:1669.39,1670.16 1 1
github.com/openexec/openexec/internal/cli/release.go:1671.27,1672.15 1 1
github.com/openexec/openexec/internal/cli/release.go:1673.21,1674.15 1 1
github.com/openexec/openexec/internal/cli/release.go:1675.18,1676.15 1 1
github.com/openexec/openexec/internal/cli/release.go:1677.16,1678.15 1 1
github.com/openexec/openexec/internal/cli/release.go:1679.42,1680.15 1 0
github.com/openexec/openexec/internal/cli/release.go:1681.10,1682.15 1 1
github.com/openexec/openexec/internal/cli/root.go:20.67,22.3 1 1
github.com/openexec/openexec/internal/cli/root.go:23.54,25.21 1 0
github.com/openexec/openexec/internal/cli/root.go:25.21,27.18 2 0
github.com/openexec/openexec/internal/cli/root.go:27.18,31.5 2 0
github.com/openexec/openexec/internal/cli/root.go:32.4,32.14 1 0
github.com/openexec/openexec/internal/cli/root.go:34.3,34.20 1 0
github.com/openexec/openexec/internal/cli/root.go:40.16,42.16 2 0
github.com/openexec/openexec/internal/cli/root.go:42.16,44.3 1 0
github.com/openexec/openexec/internal/cli/root.go:47.13,53.100 4 1
github.com/openexec/openexec/internal/cli/root.go:53.100,54.13 1 0
github.com/openexec/openexec/internal/cli/root.go:56.2,56.98 1 1
github.com/openexec/openexec/internal/cli/root.go:56.98,57.13 1 0
github.com/openexec/openexec/internal/cli/start.go:107.54,110.17 2 0
github.com/openexec/openexec/internal/cli/start.go:110.17,112.4 1 0
github.com/openexec/openexec/internal/cli/start.go:115.3,115.64 1 0
github.com/openexec/openexec/internal/cli/start.go:115.64,117.4 1 0
github.com/openexec/openexec/internal/cli/start.go:118.3,118.77 1 0
github.com/openexec/openexec/internal/cli/start.go:118.77,120.4 1 0
github.com/openexec/openexec/internal/cli/start.go:121.3,121.73 1 0
github.com/openexec/openexec/internal/cli/start.go:121.73,123.4 1 0
github.com/openexec/openexec/internal/cli/start.go:126.3,131.17 4 0
github.com/openexec/openexec/internal/cli/start.go:131.17,133.4 1 0
github.com/openexec/openexec/internal/cli/start.go:134.3,134.29 1 0
github.com/openexec/openexec/internal/cli/start.go:134.29,137.4 2 0
github.com/openexec/openexec/internal/cli/start.go:140.3,144.26 2 0
github.com/openexec/openexec/internal/cli/start.go:144.26,146.4 1 0
github.com/openexec/openexec/internal/cli/start.go:149.3,149.18 1 0
github.com/openexec/openexec/internal/cli/start.go:149.18,151.53 1 0
github.com/openexec/openexec/internal/cli/start.go:151.53,153.5 1 0
github.com/openexec/openexec/internal/cli/start.go:156.4,157.18 2 0
github.com/openexec/openexec/internal/cli/start.go:157.18,159.5 1 0
github.com/openexec/openexec/internal/cli/start.go:161.4,163.18 3 0
github.com/openexec/openexec/internal/cli/start.go:163.18,165.5 1 0
github.com/openexec/openexec/internal/cli/start.go:167.4,172.38 5 0
github.com/openexec/openexec/internal/cli/start.go:172.38,174.5 1 0
github.com/openexec/openexec/internal/cli/start.go:176.4,178.14 3 0
github.com/openexec/openexec/internal/cli/start.go:182.3,182.14 1 0
github.com/openexec/openexec/internal/cli/start.go:182.14,183.14 1 0
github.com/openexec/openexec/internal/cli/start.go:183.14,193.47 6 0
github.com/openexec/openexec/internal/cli/start.go:194.19,195.22 1 0
github.com/openexec/openexec/internal/cli/start.go:196.20,198.40 2 0
github.com/openexec/openexec/internal/cli/start.go:199.13,200.26 1 0
github.com/openexec/openexec/internal/cli/start.go:203.5,203.49 1 0
github.com/openexec/openexec/internal/cli/start.go:203.49,205.56 1 0
github.com/openexec/openexec/internal/cli/start.go:205.56,207.7 1 0
github.com/openexec/openexec/internal/cli/start.go:207.12,209.7 1 0
github.com/openexec/openexec/internal/cli/start.go:212.5,212.22 1 0
github.com/openexec/openexec/internal/cli/start.go:212.22,215.6 2 0
github.com/openexec/openexec/internal/cli/start.go:219.3,224.68 4 0
github.com/openexec/openexec/internal/cli/start.go:224.68,226.4 1 0
github.com/openexec/openexec/internal/cli/start.go:227.3,227.16 1 0
github.com/openexec/openexec/internal/cli/start.go:227.16,229.4 1 0
github.com/openexec/openexec/internal/cli/start.go:232.3,238.17 2 0
github.com/openexec/openexec/internal/cli/start.go:238.17,240.4 1 0
github.com/openexec/openexec/internal/cli/start.go:242.3,242.34 1 0
github.com/openexec/openexec/internal/cli/start.go:270.54,273.17 2 0
github.com/openexec/openexec/internal/cli/start.go:273.17,275.4 1 0
github.com/openexec/openexec/internal/cli/start.go:278.3,278.79 1 0
github.com/openexec/openexec/internal/cli/start.go:278.79,280.4 1 0
github.com/openexec/openexec/internal/cli/start.go:281.3,281.76 1 0
github.com/openexec/openexec/internal/cli/start.go:281.76,282.38 1 0
github.com/openexec/openexec/internal/cli/start.go:282.38,284.5 1 0
github.com/openexec/openexec/internal/cli/start.go:286.3,286.18 1 0
github.com/openexec/openexec/internal/cli/start.go:286.18,288.4 1 0
github.com/openexec/openexec/internal/cli/start.go:289.3,289.64 1 0
github.com/openexec/openexec/internal/cli/start.go:289.64,291.4 1 0
github.com/openexec/openexec/internal/cli/start.go:292.3,292.77 1 0
github.com/openexec/openexec/internal/cli/start.go:292.77,294.4 1 0
github.com/openexec/openexec/internal/cli/start.go:297.3,298.74 2 0
github.com/openexec/openexec/internal/cli/start.go:298.74,300.4 1 0
github.com/openexec/openexec/internal/cli/start.go:301.3,301.58 1 0
github.com/openexec/openexec/internal/cli/start.go:301.58,303.4 1 0
github.com/openexec/openexec/internal/cli/start.go:306.3,306.53 1 0
github.com/openexec/openexec/internal/cli/start.go:306.53,308.4 1 0
github.com/openexec/openexec/internal/cli/start.go:311.3,312.17 2 0
github.com/openexec/openexec/internal/cli/start.go:312.17,314.4 1 0
github.com/openexec/openexec/internal/cli/start.go:317.3,318.17 2 0
github.com/openexec/openexec/internal/cli/start.go:318.17,320.4 1 0
github.com/openexec/openexec/internal/cli/start.go:324.3,325.73 2 0
github.com/openexec/openexec/internal/cli/start.go:325.73,327.65 2 0
github.com/openexec/openexec/internal/cli/start.go:327.65,329.5 1 0
github.com/openexec/openexec/internal/cli/start.go:332.3,332.22 1 0
github.com/openexec/openexec/internal/cli/start.go:332.22,339.4 6 0
github.com/openexec/openexec/internal/cli/start.go:342.3,342.20 1 0
github.com/openexec/openexec/internal/cli/start.go:342.20,345.28 3 0
github.com/openexec/openexec/internal/cli/start.go:345.28,346.23 1 0
github.com/openexec/openexec/internal/cli/start.go:346.23,348.11 2 0
github.com/openexec/openexec/internal/cli/start.go:351.4,351.26 1 0
github.com/openexec/openexec/internal/cli/start.go:351.26,353.5 1 0
github.com/openexec/openexec/internal/cli/start.go:354.4,354.20 1 0
github.com/openexec/openexec/internal/cli/start.go:357.3,358.27 2 0
github.com/openexec/openexec/internal/cli/start.go:358.27,359.53 1 0
github.com/openexec/openexec/internal/cli/start.go:359.53,361.5 1 0
github.com/openexec/openexec/internal/cli/start.go:364.3,364.24 1 0
github.com/openexec/openexec/internal/cli/start.go:364.24,367.4 2 0
github.com/openexec/openexec/internal/cli/start.go:369.3,370.26 2 0
github.com/openexec/openexec/internal/cli/start.go:370.26,372.4 1 0
github.com/openexec/openexec/internal/cli/start.go:373.3,373.26 1 0
github.com/openexec/openexec/internal/cli/start.go:373.26,375.4 1 0
github.com/openexec/openexec/internal/cli/start.go:376.3,381.17 4 0
github.com/openexec/openexec/internal/cli/start.go:381.17,383.4 1 0
github.com/openexec/openexec/internal/cli/start.go:385.3,386.13 2 0
github.com/openexec/openexec/internal/cli/start.go:407.125,408.22 1 0
github.com/openexec/openexec/internal/cli/start.go:408.22,410.3 1 0
github.com/openexec/openexec/internal/cli/start.go:413.2,416.26 3 0
github.com/openexec/openexec/internal/cli/start.go:416.26,418.52 2 0
github.com/openexec/openexec/internal/cli/start.go:418.52,420.4 1 0
github.com/openexec/openexec/internal/cli/start.go:420.9,422.4 1 0
github.com/openexec/openexec/internal/cli/start.go:424.3,429.35 2 0
github.com/openexec/openexec/internal/cli/start.go:429.35,431.4 1 0
github.com/openexec/openexec/internal/cli/start.go:432.3,432.21 1 0
github.com/openexec/openexec/internal/cli/start.go:435.2,435.21 1 0
github.com/openexec/openexec/internal/cli/start.go:435.21,438.3 2 0
github.com/openexec/openexec/internal/cli/start.go:440.2,448.23 7 0
github.com/openexec/openexec/internal/cli/start.go:448.23,452.30 3 0
github.com/openexec/openexec/internal/cli/start.go:452.30,454.36 1 0
github.com/openexec/openexec/internal/cli/start.go:454.36,455.13 1 0
github.com/openexec/openexec/internal/cli/start.go:459.4,460.38 2 0
github.com/openexec/openexec/internal/cli/start.go:460.38,462.16 2 0
github.com/openexec/openexec/internal/cli/start.go:462.16,464.14 1 0
github.com/openexec/openexec/internal/cli/start.go:466.5,466.42 1 0
github.com/openexec/openexec/internal/cli/start.go:466.42,468.11 2 0
github.com/openexec/openexec/internal/cli/start.go:472.4,472.15 1 0
github.com/openexec/openexec/internal/cli/start.go:472.15,476.5 2 0
github.com/openexec/openexec/internal/cli/start.go:481.2,484.35 2 0
github.com/openexec/openexec/internal/cli/start.go:484.35,486.25 2 0
github.com/openexec/openexec/internal/cli/start.go:486.25,488.33 2 0
github.com/openexec/openexec/internal/cli/start.go:488.33,491.24 2 0
github.com/openexec/openexec/internal/cli/start.go:491.24,494.6 2 0
github.com/openexec/openexec/internal/cli/start.go:495.5,505.35 7 0
github.com/openexec/openexec/internal/cli/start.go:505.35,506.26 1 0
github.com/openexec/openexec/internal/cli/start.go:506.26,508.7 1 0
github.com/openexec/openexec/internal/cli/start.go:511.6,512.20 2 0
github.com/openexec/openexec/internal/cli/start.go:512.20,516.59 3 0
github.com/openexec/openexec/internal/cli/start.go:516.59,526.13 9 0
github.com/openexec/openexec/internal/cli/start.go:529.7,530.15 2 0
github.com/openexec/openexec/internal/cli/start.go:533.6,539.58 4 0
github.com/openexec/openexec/internal/cli/start.go:539.58,555.27 7 0
github.com/openexec/openexec/internal/cli/start.go:555.27,558.8 2 0
github.com/openexec/openexec/internal/cli/start.go:558.13,561.13 3 0
github.com/openexec/openexec/internal/cli/start.go:563.12,563.27 1 0
github.com/openexec/openexec/internal/cli/start.go:563.27,566.12 2 0
github.com/openexec/openexec/internal/cli/start.go:570.6,570.20 1 0
github.com/openexec/openexec/internal/cli/start.go:570.20,574.59 2 0
github.com/openexec/openexec/internal/cli/start.go:574.59,582.13 7 0
github.com/openexec/openexec/internal/cli/start.go:584.12,586.7 1 0
github.com/openexec/openexec/internal/cli/start.go:587.6,587.20 1 0
github.com/openexec/openexec/internal/cli/start.go:590.5,591.17 2 0
github.com/openexec/openexec/internal/cli/start.go:591.17,596.14 5 0
github.com/openexec/openexec/internal/cli/start.go:600.5,600.19 1 0
github.com/openexec/openexec/internal/cli/start.go:600.19,602.26 2 0
github.com/openexec/openexec/internal/cli/start.go:602.26,604.7 1 0
github.com/openexec/openexec/internal/cli/start.go:607.5,617.19 6 0
github.com/openexec/openexec/internal/cli/start.go:617.19,618.34 1 0
github.com/openexec/openexec/internal/cli/start.go:618.34,619.45 1 0
github.com/openexec/openexec/internal/cli/start.go:619.45,626.59 3 0
github.com/openexec/openexec/internal/cli/start.go:626.59,628.9 1 0
github.com/openexec/openexec/internal/cli/start.go:629.8,629.41 1 0
github.com/openexec/openexec/internal/cli/start.go:629.41,631.9 1 0
github.com/openexec/openexec/internal/cli/start.go:632.8,633.20 2 0
github.com/openexec/openexec/internal/cli/start.go:639.5,642.17 3 0
github.com/openexec/openexec/internal/cli/start.go:642.18,646.6 0 0
github.com/openexec/openexec/internal/cli/start.go:649.5,649.17 1 0
github.com/openexec/openexec/internal/cli/start.go:654.2,656.12 2 0
github.com/openexec/openexec/internal/cli/start.go:656.12,657.7 1 0
[...]
github.com/openexec/openexec/internal/cli/start.go:945.57,947.51 2 1
github.com/openexec/openexec/internal/cli/start.go:947.51,949.4 1 1
github.com/openexec/openexec/internal/cli/start.go:953.2,954.59 2 1
github.com/openexec/openexec/internal/cli/start.go:954.59,956.51 2 0
github.com/openexec/openexec/internal/cli/start.go:956.51,958.4 1 0
github.com/openexec/openexec/internal/cli/start.go:962.2,964.16 3 1
github.com/openexec/openexec/internal/cli/start.go:964.16,966.3 1 0
github.com/openexec/openexec/internal/cli/start.go:969.2,988.50 3 1
github.com/openexec/openexec/internal/cli/start.go:988.50,990.3 1 0
github.com/openexec/openexec/internal/cli/start.go:993.2,993.45 1 1
github.com/openexec/openexec/internal/cli/start.go:993.45,995.3 1 0
github.com/openexec/openexec/internal/cli/start.go:998.2,1001.35 3 1
github.com/openexec/openexec/internal/cli/start.go:1001.35,1002.36 1 1
github.com/openexec/openexec/internal/cli/start.go:1002.36,1003.21 1 1
github.com/openexec/openexec/internal/cli/start.go:1003.21,1008.91 3 1
github.com/openexec/openexec/internal/cli/start.go:1008.91,1010.6 1 0
github.com/openexec/openexec/internal/cli/start.go:1015.2,1017.35 2 1
github.com/openexec/openexec/internal/cli/start.go:1017.35,1018.54 1 1
github.com/openexec/openexec/internal/cli/start.go:1018.54,1021.40 2 1
github.com/openexec/openexec/internal/cli/start.go:1021.40,1023.21 2 1
github.com/openexec/openexec/internal/cli/start.go:1023.21,1024.14 1 0
github.com/openexec/openexec/internal/cli/start.go:1028.5,1029.20 2 1
github.com/openexec/openexec/internal/cli/start.go:1029.20,1031.6 1 1
github.com/openexec/openexec/internal/cli/start.go:1035.5,1035.30 1 1
github.com/openexec/openexec/internal/cli/start.go:1035.30,1037.6 1 0
github.com/openexec/openexec/internal/cli/start.go:1040.5,1040.48 1 1
github.com/openexec/openexec/internal/cli/start.go:1040.48,1042.44 2 0
github.com/openexec/openexec/internal/cli/start.go:1042.44,1045.7 1 0
github.com/openexec/openexec/internal/cli/start.go:1045.12,1045.70 1 0
github.com/openexec/openexec/internal/cli/start.go:1045.70,1048.7 1 0
github.com/openexec/openexec/internal/cli/start.go:1051.5,1062.29 2 1
github.com/openexec/openexec/internal/cli/start.go:1067.2,1067.19 1 1
github.com/openexec/openexec/internal/cli/start.go:1071.121,1077.16 3 0
github.com/openexec/openexec/internal/cli/start.go:1077.16,1079.3 1 0
github.com/openexec/openexec/internal/cli/start.go:1081.2,1090.25 2 0
github.com/openexec/openexec/internal/cli/start.go:1090.25,1092.3 1 0
github.com/openexec/openexec/internal/cli/start.go:1094.2,1095.16 2 0
github.com/openexec/openexec/internal/cli/start.go:1095.16,1097.3 1 0
github.com/openexec/openexec/internal/cli/start.go:1099.2,1104.16 2 0
github.com/openexec/openexec/internal/cli/start.go:1104.16,1106.3 1 0
github.com/openexec/openexec/internal/cli/start.go:1107.2,1109.44 2 0
github.com/openexec/openexec/internal/cli/start.go:1109.44,1121.17 5 0
github.com/openexec/openexec/internal/cli/start.go:1121.17,1123.4 1 0
github.com/openexec/openexec/internal/cli/start.go:1124.3,1124.26 1 0
github.com/openexec/openexec/internal/cli/start.go:1127.2,1127.43 1 0
github.com/openexec/openexec/internal/cli/start.go:1127.43,1133.60 3 0
github.com/openexec/openexec/internal/cli/start.go:1133.60,1134.32 1 0
github.com/openexec/openexec/internal/cli/start.go:1134.32,1136.5 1 0
github.com/openexec/openexec/internal/cli/start.go:1137.4,1137.60 1 0
github.com/openexec/openexec/internal/cli/start.go:1139.3,1139.85 1 0
github.com/openexec/openexec/internal/cli/start.go:1142.2,1143.69 2 0
github.com/openexec/openexec/internal/cli/start.go:1143.69,1145.3 1 0
github.com/openexec/openexec/internal/cli/start.go:1147.2,1147.25 1 0
github.com/openexec/openexec/internal/cli/start.go:1151.89,1156.16 3 1
github.com/openexec/openexec/internal/cli/start.go:1156.16,1158.3 1 0
github.com/openexec/openexec/internal/cli/start.go:1160.2,1160.18 1 1
github.com/openexec/openexec/internal/cli/start.go:1160.18,1164.3 3 0
github.com/openexec/openexec/internal/cli/start.go:1166.2,1169.28 3 1
github.com/openexec/openexec/internal/cli/start.go:1169.28,1171.3 1 1
github.com/openexec/openexec/internal/cli/start.go:1173.2,1173.34 1 1
github.com/openexec/openexec/internal/cli/start.go:1173.34,1175.3 1 0
github.com/openexec/openexec/internal/cli/start.go:1177.2,1177.21 1 1
github.com/openexec/openexec/internal/cli/start.go:1177.21,1181.3 3 1
github.com/openexec/openexec/internal/cli/start.go:1183.2,1183.18 1 1
github.com/openexec/openexec/internal/cli/start.go:1183.18,1186.25 3 0
github.com/openexec/openexec/internal/cli/start.go:1186.25,1188.4 1 0
github.com/openexec/openexec/internal/cli/start.go:1189.3,1190.30 2 0
github.com/openexec/openexec/internal/cli/start.go:1190.30,1192.4 1 0
github.com/openexec/openexec/internal/cli/start.go:1194.3,1194.40 1 0
github.com/openexec/openexec/internal/cli/start.go:1194.40,1196.48 2 0
github.com/openexec/openexec/internal/cli/start.go:1196.48,1198.5 1 0
github.com/openexec/openexec/internal/cli/start.go:1201.3,1201.27 1 0
github.com/openexec/openexec/internal/cli/start.go:1201.27,1204.4 2 0
github.com/openexec/openexec/internal/cli/start.go:1207.2,1212.35 5 1
github.com/openexec/openexec/internal/cli/start.go:1212.35,1214.3 1 0
github.com/openexec/openexec/internal/cli/start.go:1216.2,1220.20 4 1
github.com/openexec/openexec/internal/cli/start.go:1225.97,1234.6 7 0
github.com/openexec/openexec/internal/cli/start.go:1234.6,1235.10 1 0
github.com/openexec/openexec/internal/cli/start.go:1236.21,1241.57 4 0
github.com/openexec/openexec/internal/cli/start.go:1242.11,1242.11 0 0
github.com/openexec/openexec/internal/cli/start.go:1246.3,1247.17 2 0
github.com/openexec/openexec/internal/cli/start.go:1247.17,1249.4 1 0
github.com/openexec/openexec/internal/cli/start.go:1251.3,1252.66 2 0
github.com/openexec/openexec/internal/cli/start.go:1252.66,1255.4 2 0
github.com/openexec/openexec/internal/cli/start.go:1256.3,1259.50 2 0
github.com/openexec/openexec/internal/cli/start.go:1259.50,1262.4 2 0
github.com/openexec/openexec/internal/cli/start.go:1265.3,1265.37 1 0
github.com/openexec/openexec/internal/cli/start.go:1265.37,1268.4 2 0
github.com/openexec/openexec/internal/cli/start.go:1271.3,1271.22 1 0
github.com/openexec/openexec/internal/cli/start.go:1272.19,1275.14 3 0
github.com/openexec/openexec/internal/cli/start.go:1276.16,1277.24 1 0
github.com/openexec/openexec/internal/cli/start.go:1277.24,1280.5 2 0
github.com/openexec/openexec/internal/cli/start.go:1281.4,1282.36 2 0
github.com/openexec/openexec/internal/cli/start.go:1283.25,1285.14 2 0
github.com/openexec/openexec/internal/cli/start.go:1286.17,1287.24 1 0
github.com/openexec/openexec/internal/cli/start.go:1287.24,1290.5 2 0
github.com/openexec/openexec/internal/cli/start.go:1291.4,1292.14 2 0
github.com/openexec/openexec/internal/cli/start.go:1296.3,1296.30 1 0
github.com/openexec/openexec/internal/cli/start.go:1301.32,1303.16 2 0
github.com/openexec/openexec/internal/cli/start.go:1303.16,1305.3 1 0
github.com/openexec/openexec/internal/cli/start.go:1308.2,1308.56 1 0
github.com/openexec/openexec/internal/cli/start.go:1308.56,1310.3 1 0
github.com/openexec/openexec/internal/cli/start.go:1312.2,1312.12 1 0
github.com/openexec/openexec/internal/cli/start.go:1316.57,1319.16 2 1
github.com/openexec/openexec/internal/cli/start.go:1319.16,1321.3 1 0
github.com/openexec/openexec/internal/cli/start.go:1323.2,1324.50 2 1
github.com/openexec/openexec/internal/cli/start.go:1324.50,1326.3 1 0
github.com/openexec/openexec/internal/cli/start.go:1328.2,1340.16 4 1
github.com/openexec/openexec/internal/cli/start.go:1340.16,1342.3 1 0
github.com/openexec/openexec/internal/cli/start.go:1344.2,1344.58 1 1
github.com/openexec/openexec/internal/cli/start.go:1344.58,1346.3 1 0
github.com/openexec/openexec/internal/cli/start.go:1348.2,1348.21 1 1
github.com/openexec/openexec/internal/cli/start.go:1352.76,1359.26 3 1
github.com/openexec/openexec/internal/cli/start.go:1359.26,1360.46 1 1
github.com/openexec/openexec/internal/cli/start.go:1360.46,1362.9 2 1
github.com/openexec/openexec/internal/cli/start.go:1366.2,1366.22 1 1
github.com/openexec/openexec/internal/cli/start.go:1366.22,1368.3 1 0
github.com/openexec/openexec/internal/cli/start.go:1371.2,1372.57 2 1
github.com/openexec/openexec/internal/cli/start.go:1372.57,1374.3 1 0
github.com/openexec/openexec/internal/cli/start.go:1376.2,1379.52 2 1
github.com/openexec/openexec/internal/cli/start.go:1379.52,1380.27 1 1
github.com/openexec/openexec/internal/cli/start.go:1380.27,1381.53 1 1
github.com/openexec/openexec/internal/cli/start.go:1381.53,1382.61 1 1
github.com/openexec/openexec/internal/cli/start.go:1382.61,1385.6 2 1
github.com/openexec/openexec/internal/cli/start.go:1391.2,1391.54 1 1
github.com/openexec/openexec/internal/cli/start.go:1391.54,1392.32 1 0
github.com/openexec/openexec/internal/cli/start.go:1392.32,1393.58 1 0
github.com/openexec/openexec/internal/cli/start.go:1393.58,1394.59 1 0
github.com/openexec/openexec/internal/cli/start.go:1394.59,1395.30 1 0
github.com/openexec/openexec/internal/cli/start.go:1395.30,1396.56 1 0
github.com/openexec/openexec/internal/cli/start.go:1396.56,1397.64 1 0
github.com/openexec/openexec/internal/cli/start.go:1397.64,1400.9 2 0
github.com/openexec/openexec/internal/cli/start.go:1408.2,1408.14 1 1
github.com/openexec/openexec/internal/cli/start.go:1408.14,1410.3 1 0
github.com/openexec/openexec/internal/cli/start.go:1412.2,1413.16 2 1
github.com/openexec/openexec/internal/cli/start.go:1413.16,1415.3 1 0
github.com/openexec/openexec/internal/cli/start.go:1418.2,1418.26 1 1
github.com/openexec/openexec/internal/cli/start.go:1418.26,1419.39 1 1
github.com/openexec/openexec/internal/cli/start.go:1419.39,1421.4 1 1
github.com/openexec/openexec/internal/cli/start.go:1424.2,1424.12 1 1
github.com/openexec/openexec/internal/cli/tui.go:23.54,26.20 2 0
github.com/openexec/openexec/internal/cli/tui.go:26.20,28.4 1 0
github.com/openexec/openexec/internal/cli/tui.go:31.3,31.65 1 0
github.com/openexec/openexec/internal/cli/tui.go:31.65,34.4 2 0
github.com/openexec/openexec/internal/cli/tui.go:37.3,44.36 5 0
github.com/openexec/openexec/internal/cli/tui.go:44.36,46.4 1 0
github.com/openexec/openexec/internal/cli/tui.go:48.3,48.13 1 0
github.com/openexec/openexec/internal/cli/tui.go:52.13,54.2 1 1
github.com/openexec/openexec/internal/cli/update.go:23.54,27.17 3 0
github.com/openexec/openexec/internal/cli/update.go:27.17,29.4 1 0
github.com/openexec/openexec/internal/cli/update.go:31.3,34.38 3 0
github.com/openexec/openexec/internal/cli/update.go:34.38,37.4 2 0
github.com/openexec/openexec/internal/cli/update.go:39.3,47.58 6 0
github.com/openexec/openexec/internal/cli/update.go:47.58,50.4 2 0
github.com/openexec/openexec/internal/cli/update.go:52.3,52.38 1 0
github.com/openexec/openexec/internal/cli/update.go:56.43,58.16 2 0
github.com/openexec/openexec/internal/cli/update.go:58.16,60.3 1 0
github.com/openexec/openexec/internal/cli/update.go:61.2,63.38 2 0
github.com/openexec/openexec/internal/cli/update.go:63.38,65.3 1 0
github.com/openexec/openexec/internal/cli/update.go:67.2,68.16 2 0
github.com/openexec/openexec/internal/cli/update.go:68.16,70.3 1 0
github.com/openexec/openexec/internal/cli/update.go:72.2,72.26 1 0
github.com/openexec/openexec/internal/cli/update.go:75.48,80.25 4 0
github.com/openexec/openexec/internal/cli/update.go:80.25,82.3 1 0
github.com/openexec/openexec/internal/cli/update.go:84.2,89.16 4 0
github.com/openexec/openexec/internal/cli/update.go:89.16,91.3 1 0
github.com/openexec/openexec/internal/cli/update.go:92.2,96.16 3 0
github.com/openexec/openexec/internal/cli/update.go:96.16,98.3 1 0
github.com/openexec/openexec/internal/cli/update.go:99.2,101.38 2 0
github.com/openexec/openexec/internal/cli/update.go:101.38,103.3 1 0
github.com/openexec/openexec/internal/cli/update.go:105.2,106.16 2 0
github.com/openexec/openexec/internal/cli/update.go:106.16,108.3 1 0
github.com/openexec/openexec/internal/cli/update.go:109.2,112.55 2 0
github.com/openexec/openexec/internal/cli/update.go:112.55,114.3 1 0
github.com/openexec/openexec/internal/cli/update.go:117.2,118.16 2 0
github.com/openexec/openexec/internal/cli/update.go:118.16,120.3 1 0
github.com/openexec/openexec/internal/cli/update.go:123.2,127.31 2 0
github.com/openexec/openexec/internal/cli/update.go:127.31,131.54 3 0
github.com/openexec/openexec/internal/cli/update.go:131.54,133.4 1 0
github.com/openexec/openexec/internal/cli/update.go:134.3,134.61 1 0
github.com/openexec/openexec/internal/cli/update.go:134.61,138.4 2 0
github.com/openexec/openexec/internal/cli/update.go:140.3,140.25 1 0
github.com/openexec/openexec/internal/cli/update.go:141.8,142.61 1 0
github.com/openexec/openexec/internal/cli/update.go:142.61,144.61 1 0
github.com/openexec/openexec/internal/cli/update.go:144.61,146.5 1 0
github.com/openexec/openexec/internal/cli/update.go:150.2,151.12 2 0
github.com/openexec/openexec/internal/cli/update.go:154.38,156.16 2 0
github.com/openexec/openexec/internal/cli/update.go:156.16,158.3 1 0
github.com/openexec/openexec/internal/cli/update.go:159.2,162.16 3 0
github.com/openexec/openexec/internal/cli/update.go:162.16,164.3 1 0
github.com/openexec/openexec/internal/cli/update.go:165.2,168.12 3 0
github.com/openexec/openexec/internal/cli/update.go:171.13,173.2 1 1
github.com/openexec/openexec/internal/cli/version.go:17.47,21.3 3 1
github.com/openexec/openexec/internal/cli/version.go:24.13,26.2 1 1
github.com/openexec/openexec/internal/cli/wizard.go:23.54,26.17 2 0
github.com/openexec/openexec/internal/cli/wizard.go:26.17,28.4 1 0
github.com/openexec/openexec/internal/cli/wizard.go:31.3,32.18 2 0
github.com/openexec/openexec/internal/cli/wizard.go:32.18,34.4 1 0
github.com/openexec/openexec/internal/cli/wizard.go:35.3,35.18 1 0
github.com/openexec/openexec/internal/cli/wizard.go:35.18,37.4 1 0
github.com/openexec/openexec/internal/cli/wizard.go:39.3,48.54 7 0
github.com/openexec/openexec/internal/cli/wizard.go:48.54,51.4 2 0
github.com/openexec/openexec/internal/cli/wizard.go:53.3,59.7 5 0
github.com/openexec/openexec/internal/cli/wizard.go:59.7,62.18 3 0
github.com/openexec/openexec/internal/cli/wizard.go:62.18,64.5 1 0
github.com/openexec/openexec/internal/cli/wizard.go:66.4,67.46 2 0
github.com/openexec/openexec/internal/cli/wizard.go:67.46,70.5 2 0
github.com/openexec/openexec/internal/cli/wizard.go:72.4,72.21 1 0
github.com/openexec/openexec/internal/cli/wizard.go:72.21,73.13 1 0
github.com/openexec/openexec/internal/cli/wizard.go:77.4,80.18 4 0
github.com/openexec/openexec/internal/cli/wizard.go:80.18,82.5 1 0
github.com/openexec/openexec/internal/cli/wizard.go:85.4,92.34 4 0
github.com/openexec/openexec/internal/cli/wizard.go:92.34,95.5 2 0
github.com/openexec/openexec/internal/cli/wizard.go:97.4,97.30 1 0
github.com/openexec/openexec/internal/cli/wizard.go:97.30,99.37 2 0
github.com/openexec/openexec/internal/cli/wizard.go:99.37,101.6 1 0
github.com/openexec/openexec/internal/cli/wizard.go:104.4,104.36 1 0
github.com/openexec/openexec/internal/cli/wizard.go:104.36,106.43 2 0
github.com/openexec/openexec/internal/cli/wizard.go:106.43,108.6 1 0
github.com/openexec/openexec/internal/cli/wizard.go:111.4,111.23 1 0
github.com/openexec/openexec/internal/cli/wizard.go:111.23,116.19 4 0
github.com/openexec/openexec/internal/cli/wizard.go:116.19,118.6 1 0
github.com/openexec/openexec/internal/cli/wizard.go:120.5,120.71 1 0
github.com/openexec/openexec/internal/cli/wizard.go:120.71,122.6 1 0
github.com/openexec/openexec/internal/cli/wizard.go:124.5,126.15 3 0
github.com/openexec/openexec/internal/cli/wizard.go:130.4,132.17 3 0
github.com/openexec/openexec/internal/cli/wizard.go:137.13,139.2 1 1
github.com/openexec/openexec/internal/dcp/coordinator.go:36.54,37.30 1 1
github.com/openexec/openexec/internal/dcp/coordinator.go:37.30,39.3 1 1
github.com/openexec/openexec/internal/dcp/coordinator.go:42.98,50.27 2 1
github.com/openexec/openexec/internal/dcp/coordinator.go:50.27,52.3 1 1
github.com/openexec/openexec/internal/dcp/coordinator.go:53.2,53.10 1 1
github.com/openexec/openexec/internal/dcp/coordinator.go:57.37,60.2 2 1
github.com/openexec/openexec/internal/dcp/coordinator.go:62.50,65.2 2 1
github.com/openexec/openexec/internal/dcp/coordinator.go:67.49,69.2 1 0
github.com/openexec/openexec/internal/dcp/coordinator.go:74.56,76.2 1 0
github.com/openexec/openexec/internal/dcp/coordinator.go:79.55,81.2 1 0
github.com/openexec/openexec/internal/dcp/coordinator.go:84.84,89.16 3 1
github.com/openexec/openexec/internal/dcp/coordinator.go:89.16,90.109 1 1
github.com/openexec/openexec/internal/dcp/coordinator.go:90.109,92.4 1 1
github.com/openexec/openexec/internal/dcp/coordinator.go:93.3,93.59 1 1
github.com/openexec/openexec/internal/dcp/coordinator.go:98.2,98.55 1 1
github.com/openexec/openexec/internal/dcp/coordinator.go:98.55,99.140 1 1
github.com/openexec/openexec/internal/dcp/coordinator.go:99.140,101.4 1 1
github.com/openexec/openexec/internal/dcp/coordinator.go:106.2,110.9 3 1
github.com/openexec/openexec/internal/dcp/coordinator.go:110.9,111.138 1 1
github.com/openexec/openexec/internal/dcp/coordinator.go:111.138,113.4 1 1
github.com/openexec/openexec/internal/dcp/coordinator.go:114.3,114.98 1 1
github.com/openexec/openexec/internal/dcp/coordinator.go:118.2,123.39 2 1
github.com/openexec/openexec/internal/dcp/coordinator.go:128.169,130.9 2 1
github.com/openexec/openexec/internal/dcp/coordinator.go:130.9,132.3 1 1
github.com/openexec/openexec/internal/dcp/coordinator.go:135.2,142.16 2 1
github.com/openexec/openexec/internal/dcp/coordinator.go:143.33,144.23 1 1
github.com/openexec/openexec/internal/dcp/coordinator.go:144.23,146.4 1 1
github.com/openexec/openexec/internal/dcp/coordinator.go:147.35,148.67 1 1
github.com/openexec/openexec/internal/dcp/coordinator.go:149.33,150.55 1 1
github.com/openexec/openexec/internal/dcp/coordinator.go:153.2,156.16 3 1
github.com/openexec/openexec/internal/dcp/coordinator.go:156.16,163.3 2 1
github.com/openexec/openexec/internal/dcp/coordinator.go:164.2,164.21 1 1
github.com/openexec/openexec/internal/dcp/coordinator.go:171.38,175.2 3 1
github.com/openexec/openexec/internal/dcp/coordinator.go:179.48,180.25 1 1
github.com/openexec/openexec/internal/dcp/coordinator.go:180.25,181.26 1 1
github.com/openexec/openexec/internal/dcp/coordinator.go:182.15,183.33 1 1
github.com/openexec/openexec/internal/dcp/coordinator.go:184.31,185.21 1 0
github.com/openexec/openexec/internal/dcp/coordinator.go:186.22,187.29 1 0
github.com/openexec/openexec/internal/dcp/coordinator.go:187.29,188.35 1 0
github.com/openexec/openexec/internal/dcp/coordinator.go:188.35,190.6 1 0
github.com/openexec/openexec/internal/dcp/queue_orchestrator.go:17.66,19.2 1 1
github.com/openexec/openexec/internal/dcp/queue_orchestrator.go:22.73,25.2 2 1
github.com/openexec/openexec/internal/dcp/queue_orchestrator.go:28.79,34.6 4 0
github.com/openexec/openexec/internal/dcp/queue_orchestrator.go:34.6,35.10 1 0
github.com/openexec/openexec/internal/dcp/queue_orchestrator.go:36.21,37.10 1 0
github.com/openexec/openexec/internal/dcp/queue_orchestrator.go:38.19,39.36 1 0
github.com/openexec/openexec/internal/dcp/queue_orchestrator.go:44.83,47.16 2 1
github.com/openexec/openexec/internal/dcp/queue_orchestrator.go:47.16,49.3 1 0
github.com/openexec/openexec/internal/dcp/queue_orchestrator.go:50.2,50.14 1 1
github.com/openexec/openexec/internal/dcp/queue_orchestrator.go:50.14,52.3 1 0
github.com/openexec/openexec/internal/dcp/queue_orchestrator.go:54.2,57.15 2 1
github.com/openexec/openexec/internal/dcp/queue_orchestrator.go:57.15,58.31 1 1
github.com/openexec/openexec/internal/dcp/queue_orchestrator.go:58.31,61.4 2 0
github.com/openexec/openexec/internal/dcp/queue_orchestrator.go:66.2,68.16 2 1
github.com/openexec/openexec/internal/dcp/queue_orchestrator.go:68.16,71.3 2 0
github.com/openexec/openexec/internal/dcp/queue_orchestrator.go:71.8,74.3 2 1
github.com/openexec/openexec/internal/dcp/queue_orchestrator.go:77.75,81.2 2 1
