mode: atomic
github.com/openexec/openexec/internal/router/bitnet.go:28.54,33.2 1 8
github.com/openexec/openexec/internal/router/bitnet.go:36.60,38.2 1 3
github.com/openexec/openexec/internal/router/bitnet.go:41.50,42.29 1 10
github.com/openexec/openexec/internal/router/bitnet.go:42.29,44.3 1 6
github.com/openexec/openexec/internal/router/bitnet.go:45.2,45.32 1 4
github.com/openexec/openexec/internal/router/bitnet.go:48.77,51.2 2 2
github.com/openexec/openexec/internal/router/bitnet.go:54.88,62.46 2 8
github.com/openexec/openexec/internal/router/bitnet.go:62.46,65.3 1 2
github.com/openexec/openexec/internal/router/bitnet.go:68.2,72.16 3 6
github.com/openexec/openexec/internal/router/bitnet.go:72.16,75.3 1 0
github.com/openexec/openexec/internal/router/bitnet.go:78.2,79.16 2 6
github.com/openexec/openexec/internal/router/bitnet.go:79.16,81.78 1 0
github.com/openexec/openexec/internal/router/bitnet.go:81.78,83.4 1 0
github.com/openexec/openexec/internal/router/bitnet.go:85.3,85.23 1 0
github.com/openexec/openexec/internal/router/bitnet.go:89.2,89.48 1 6
github.com/openexec/openexec/internal/router/bitnet.go:89.48,91.3 1 0
github.com/openexec/openexec/internal/router/bitnet.go:93.2,93.20 1 6
github.com/openexec/openexec/internal/router/bitnet.go:96.57,100.34 4 6
github.com/openexec/openexec/internal/router/bitnet.go:100.34,102.3 1 6
github.com/openexec/openexec/internal/router/bitnet.go:103.2,105.20 3 6
github.com/openexec/openexec/internal/router/bitnet.go:108.94,110.29 1 6
github.com/openexec/openexec/internal/router/bitnet.go:110.29,112.3 1 6
github.com/openexec/openexec/internal/router/bitnet.go:115.2,115.44 1 0
github.com/openexec/openexec/internal/router/bitnet.go:118.73,120.60 2 6
github.com/openexec/openexec/internal/router/bitnet.go:120.60,122.3 1 6
github.com/openexec/openexec/internal/router/bitnet.go:124.2,124.86 1 6
github.com/openexec/openexec/internal/router/bitnet.go:124.86,126.3 1 1
github.com/openexec/openexec/internal/router/bitnet.go:128.2,128.82 1 5
github.com/openexec/openexec/internal/router/bitnet.go:128.82,130.3 1 1
github.com/openexec/openexec/internal/router/bitnet.go:132.2,132.121 1 4
github.com/openexec/openexec/internal/router/bitnet.go:132.121,134.3 1 0
github.com/openexec/openexec/internal/router/bitnet.go:136.2,136.43 1 4
github.com/openexec/openexec/internal/router/bitnet.go:136.43,138.3 1 0
github.com/openexec/openexec/internal/router/bitnet.go:140.2,140.41 1 4
github.com/openexec/openexec/internal/router/bitnet.go:140.41,142.3 1 0
github.com/openexec/openexec/internal/router/bitnet.go:145.2,147.55 2 4
github.com/openexec/openexec/internal/router/bitnet.go:147.55,149.3 1 4
github.com/openexec/openexec/internal/router/bitnet.go:150.2,152.113 2 4
github.com/openexec/openexec/internal/router/bitnet.go:155.73,158.16 3 6
github.com/openexec/openexec/internal/router/bitnet.go:158.16,160.3 1 0
github.com/openexec/openexec/internal/router/bitnet.go:161.2,161.20 1 6
github.com/openexec/openexec/internal/router/inference_manager.go:17.62,21.2 1 8
github.com/openexec/openexec/internal/router/inference_manager.go:24.48,26.56 1 4
github.com/openexec/openexec/internal/router/inference_manager.go:26.56,28.3 1 3
github.com/openexec/openexec/internal/router/inference_manager.go:32.2,37.34 2 1
github.com/openexec/openexec/internal/router/inference_manager.go:37.34,38.39 1 2
github.com/openexec/openexec/internal/router/inference_manager.go:38.39,41.4 2 0
github.com/openexec/openexec/internal/router/inference_manager.go:45.2,45.55 1 1
github.com/openexec/openexec/internal/router/inference_manager.go:45.55,48.3 2 0
github.com/openexec/openexec/internal/router/inference_manager.go:50.2,50.107 1 1
github.com/openexec/openexec/internal/router/inference_manager.go:54.93,55.21 1 0
github.com/openexec/openexec/internal/router/inference_manager.go:55.21,56.41 1 0
github.com/openexec/openexec/internal/router/inference_manager.go:56.41,58.4 1 0
github.com/openexec/openexec/internal/router/inference_manager.go:62.2,64.16 3 0
github.com/openexec/openexec/internal/router/inference_manager.go:64.16,66.3 1 0
github.com/openexec/openexec/internal/router/inference_manager.go:68.2,68.25 1 0
github.com/openexec/openexec/internal/dcp/coordinator.go:22.71,30.2 2 4
github.com/openexec/openexec/internal/dcp/coordinator.go:32.50,35.2 2 6
github.com/openexec/openexec/internal/dcp/coordinator.go:37.49,39.2 1 0
github.com/openexec/openexec/internal/dcp/coordinator.go:42.56,44.2 1 0
github.com/openexec/openexec/internal/dcp/coordinator.go:47.55,49.2 1 0
github.com/openexec/openexec/internal/dcp/coordinator.go:52.84,55.16 2 5
github.com/openexec/openexec/internal/dcp/coordinator.go:55.16,56.80 1 0
github.com/openexec/openexec/internal/dcp/coordinator.go:56.80,58.4 1 0
github.com/openexec/openexec/internal/dcp/coordinator.go:59.3,59.59 1 0
github.com/openexec/openexec/internal/dcp/coordinator.go:64.2,64.55 1 5
github.com/openexec/openexec/internal/dcp/coordinator.go:64.55,65.97 1 1
github.com/openexec/openexec/internal/dcp/coordinator.go:65.97,67.4 1 1
github.com/openexec/openexec/internal/dcp/coordinator.go:71.2,75.9 3 4
github.com/openexec/openexec/internal/dcp/coordinator.go:75.9,76.91 1 1
github.com/openexec/openexec/internal/dcp/coordinator.go:76.91,78.4 1 0
github.com/openexec/openexec/internal/dcp/coordinator.go:79.3,79.98 1 1
github.com/openexec/openexec/internal/dcp/coordinator.go:83.2,84.39 2 3
github.com/openexec/openexec/internal/dcp/coordinator.go:89.114,91.9 2 2
github.com/openexec/openexec/internal/dcp/coordinator.go:91.9,93.3 1 1
github.com/openexec/openexec/internal/dcp/coordinator.go:94.2,96.16 3 1
github.com/openexec/openexec/internal/dcp/coordinator.go:96.16,98.3 1 0
github.com/openexec/openexec/internal/dcp/coordinator.go:99.2,99.21 1 1
github.com/openexec/openexec/internal/dcp/coordinator.go:104.65,105.25 1 4
github.com/openexec/openexec/internal/dcp/coordinator.go:105.25,106.26 1 4
github.com/openexec/openexec/internal/dcp/coordinator.go:107.15,113.47 3 4
github.com/openexec/openexec/internal/dcp/coordinator.go:114.31,115.23 1 0
github.com/openexec/openexec/internal/dcp/coordinator.go:116.22,117.29 1 0
github.com/openexec/openexec/internal/dcp/coordinator.go:117.29,118.35 1 0
github.com/openexec/openexec/internal/dcp/coordinator.go:118.35,122.6 3 0
github.com/openexec/openexec/internal/dcp/queue_orchestrator.go:17.66,19.2 1 1
github.com/openexec/openexec/internal/dcp/queue_orchestrator.go:22.73,25.2 2 1
github.com/openexec/openexec/internal/dcp/queue_orchestrator.go:28.79,34.6 4 0
github.com/openexec/openexec/internal/dcp/queue_orchestrator.go:34.6,35.10 1 0
github.com/openexec/openexec/internal/dcp/queue_orchestrator.go:36.21,37.10 1 0
github.com/openexec/openexec/internal/dcp/queue_orchestrator.go:38.19,39.36 1 0
github.com/openexec/openexec/internal/dcp/queue_orchestrator.go:44.83,47.16 2 1
github.com/openexec/openexec/internal/dcp/queue_orchestrator.go:47.16,49.3 1 0
github.com/openexec/openexec/internal/dcp/queue_orchestrator.go:50.2,50.14 1 1
github.com/openexec/openexec/internal/dcp/queue_orchestrator.go:50.14,52.3 1 0
github.com/openexec/openexec/internal/dcp/queue_orchestrator.go:54.2,57.15 2 1
github.com/openexec/openexec/internal/dcp/queue_orchestrator.go:57.15,58.31 1 1
github.com/openexec/openexec/internal/dcp/queue_orchestrator.go:58.31,61.4 2 0
github.com/openexec/openexec/internal/dcp/queue_orchestrator.go:66.2,68.16 2 1
github.com/openexec/openexec/internal/dcp/queue_orchestrator.go:68.16,71.3 2 0
github.com/openexec/openexec/internal/dcp/queue_orchestrator.go:71.8,74.3 2 1
github.com/openexec/openexec/internal/dcp/queue_orchestrator.go:77.75,81.2 2 1
