mode: set
github.com/openexec/openexec/internal/dcp/coordinator.go:22.71,30.2 2 1
github.com/openexec/openexec/internal/dcp/coordinator.go:32.50,35.2 2 1
github.com/openexec/openexec/internal/dcp/coordinator.go:37.49,39.2 1 0
github.com/openexec/openexec/internal/dcp/coordinator.go:42.56,44.2 1 0
github.com/openexec/openexec/internal/dcp/coordinator.go:47.55,49.2 1 0
github.com/openexec/openexec/internal/dcp/coordinator.go:52.84,55.16 2 1
github.com/openexec/openexec/internal/dcp/coordinator.go:55.16,56.80 1 1
github.com/openexec/openexec/internal/dcp/coordinator.go:56.80,58.4 1 1
github.com/openexec/openexec/internal/dcp/coordinator.go:59.3,59.59 1 1
github.com/openexec/openexec/internal/dcp/coordinator.go:64.2,64.55 1 1
github.com/openexec/openexec/internal/dcp/coordinator.go:64.55,65.97 1 1
github.com/openexec/openexec/internal/dcp/coordinator.go:65.97,67.4 1 1
github.com/openexec/openexec/internal/dcp/coordinator.go:71.2,75.9 3 1
github.com/openexec/openexec/internal/dcp/coordinator.go:75.9,76.91 1 1
github.com/openexec/openexec/internal/dcp/coordinator.go:76.91,78.4 1 1
github.com/openexec/openexec/internal/dcp/coordinator.go:79.3,79.98 1 1
github.com/openexec/openexec/internal/dcp/coordinator.go:83.2,84.39 2 1
github.com/openexec/openexec/internal/dcp/coordinator.go:89.114,91.9 2 1
github.com/openexec/openexec/internal/dcp/coordinator.go:91.9,93.3 1 1
github.com/openexec/openexec/internal/dcp/coordinator.go:94.2,96.16 3 1
github.com/openexec/openexec/internal/dcp/coordinator.go:96.16,99.3 2 1
github.com/openexec/openexec/internal/dcp/coordinator.go:100.2,100.21 1 1
github.com/openexec/openexec/internal/dcp/coordinator.go:105.65,106.25 1 1
github.com/openexec/openexec/internal/dcp/coordinator.go:106.25,107.26 1 1
github.com/openexec/openexec/internal/dcp/coordinator.go:108.15,114.47 3 1
github.com/openexec/openexec/internal/dcp/coordinator.go:115.31,116.23 1 0
github.com/openexec/openexec/internal/dcp/coordinator.go:117.22,118.29 1 0
github.com/openexec/openexec/internal/dcp/coordinator.go:118.29,119.35 1 0
github.com/openexec/openexec/internal/dcp/coordinator.go:119.35,123.6 3 0
github.com/openexec/openexec/internal/dcp/queue_orchestrator.go:17.66,19.2 1 1
github.com/openexec/openexec/internal/dcp/queue_orchestrator.go:22.73,25.2 2 1
github.com/openexec/openexec/internal/dcp/queue_orchestrator.go:28.79,34.6 4 0
github.com/openexec/openexec/internal/dcp/queue_orchestrator.go:34.6,35.10 1 0
github.com/openexec/openexec/internal/dcp/queue_orchestrator.go:36.21,37.10 1 0
github.com/openexec/openexec/internal/dcp/queue_orchestrator.go:38.19,39.36 1 0
github.com/openexec/openexec/internal/dcp/queue_orchestrator.go:44.83,47.16 2 1
github.com/openexec/openexec/internal/dcp/queue_orchestrator.go:47.16,49.3 1 0
github.com/openexec/openexec/internal/dcp/queue_orchestrator.go:50.2,50.14 1 1
github.com/openexec/openexec/internal/dcp/queue_orchestrator.go:50.14,52.3 1 0
github.com/openexec/openexec/internal/dcp/queue_orchestrator.go:54.2,57.15 2 1
github.com/openexec/openexec/internal/dcp/queue_orchestrator.go:57.15,58.31 1 1
github.com/openexec/openexec/internal/dcp/queue_orchestrator.go:58.31,61.4 2 0
github.com/openexec/openexec/internal/dcp/queue_orchestrator.go:66.2,68.16 2 1
github.com/openexec/openexec/internal/dcp/queue_orchestrator.go:68.16,71.3 2 0
github.com/openexec/openexec/internal/dcp/queue_orchestrator.go:71.8,74.3 2 1
github.com/openexec/openexec/internal/dcp/queue_orchestrator.go:77.75,81.2 2 1
