mode: set
github.com/openexec/openexec/internal/config/config.go:19.45,21.19 1 1
github.com/openexec/openexec/internal/config/config.go:21.19,23.3 1 1
github.com/openexec/openexec/internal/config/config.go:23.8,26.17 2 1
github.com/openexec/openexec/internal/config/config.go:26.17,28.4 1 0
github.com/openexec/openexec/internal/config/config.go:30.3,36.55 5 1
github.com/openexec/openexec/internal/config/config.go:36.55,38.4 1 0
github.com/openexec/openexec/internal/config/config.go:42.2,46.45 3 1
github.com/openexec/openexec/internal/config/config.go:46.45,47.56 1 1
github.com/openexec/openexec/internal/config/config.go:47.56,49.4 1 1
github.com/openexec/openexec/internal/config/config.go:53.2,57.12 4 1
github.com/openexec/openexec/internal/config/config.go:61.26,66.2 1 1
github.com/openexec/openexec/internal/config/config.go:69.35,71.2 1 1
github.com/openexec/openexec/internal/config/config.go:74.31,76.2 1 1
github.com/openexec/openexec/internal/config/config.go:79.29,81.2 1 1
github.com/openexec/openexec/internal/config/config.go:84.41,86.2 1 1
