mode: set
github.com/openexec/openexec/internal/git/git.go:31.36,33.20 2 1
github.com/openexec/openexec/internal/git/git.go:33.20,35.3 1 1
github.com/openexec/openexec/internal/git/git.go:37.2,43.3 2 1
github.com/openexec/openexec/internal/git/git.go:47.31,48.16 1 1
github.com/openexec/openexec/internal/git/git.go:48.16,50.3 1 0
github.com/openexec/openexec/internal/git/git.go:52.2,53.47 2 1
github.com/openexec/openexec/internal/git/git.go:53.47,55.3 1 0
github.com/openexec/openexec/internal/git/git.go:56.2,56.24 1 1
github.com/openexec/openexec/internal/git/git.go:60.33,61.16 1 1
github.com/openexec/openexec/internal/git/git.go:61.16,63.3 1 0
github.com/openexec/openexec/internal/git/git.go:64.2,64.26 1 1
github.com/openexec/openexec/internal/git/git.go:68.35,70.2 1 1
github.com/openexec/openexec/internal/git/git.go:73.32,74.16 1 1
github.com/openexec/openexec/internal/git/git.go:74.16,76.3 1 0
github.com/openexec/openexec/internal/git/git.go:77.2,78.19 2 1
github.com/openexec/openexec/internal/git/git.go:82.50,83.16 1 1
github.com/openexec/openexec/internal/git/git.go:83.16,85.3 1 1
github.com/openexec/openexec/internal/git/git.go:86.2,87.16 2 1
github.com/openexec/openexec/internal/git/git.go:87.16,89.3 1 1
github.com/openexec/openexec/internal/git/git.go:90.2,90.36 1 1
github.com/openexec/openexec/internal/git/git.go:94.51,95.16 1 1
github.com/openexec/openexec/internal/git/git.go:95.16,97.3 1 0
github.com/openexec/openexec/internal/git/git.go:98.2,99.19 2 1
github.com/openexec/openexec/internal/git/git.go:103.52,104.16 1 1
github.com/openexec/openexec/internal/git/git.go:104.16,106.3 1 0
github.com/openexec/openexec/internal/git/git.go:107.2,108.12 2 1
github.com/openexec/openexec/internal/git/git.go:112.68,113.16 1 1
github.com/openexec/openexec/internal/git/git.go:113.16,115.3 1 0
github.com/openexec/openexec/internal/git/git.go:116.2,117.12 2 1
github.com/openexec/openexec/internal/git/git.go:121.48,122.16 1 1
github.com/openexec/openexec/internal/git/git.go:122.16,124.3 1 0
github.com/openexec/openexec/internal/git/git.go:125.2,126.12 2 1
github.com/openexec/openexec/internal/git/git.go:130.49,131.16 1 1
github.com/openexec/openexec/internal/git/git.go:131.16,133.3 1 0
github.com/openexec/openexec/internal/git/git.go:134.2,135.16 2 1
github.com/openexec/openexec/internal/git/git.go:135.16,137.3 1 0
github.com/openexec/openexec/internal/git/git.go:138.2,138.36 1 1
github.com/openexec/openexec/internal/git/git.go:142.67,143.16 1 1
github.com/openexec/openexec/internal/git/git.go:143.16,145.3 1 0
github.com/openexec/openexec/internal/git/git.go:147.2,151.17 4 1
github.com/openexec/openexec/internal/git/git.go:151.17,153.3 1 1
github.com/openexec/openexec/internal/git/git.go:153.8,155.3 1 0
github.com/openexec/openexec/internal/git/git.go:156.2,156.16 1 1
github.com/openexec/openexec/internal/git/git.go:156.16,158.3 1 0
github.com/openexec/openexec/internal/git/git.go:160.2,160.33 1 1
github.com/openexec/openexec/internal/git/git.go:164.78,165.16 1 1
github.com/openexec/openexec/internal/git/git.go:165.16,167.3 1 0
github.com/openexec/openexec/internal/git/git.go:169.2,171.16 3 1
github.com/openexec/openexec/internal/git/git.go:171.16,173.3 1 0
github.com/openexec/openexec/internal/git/git.go:175.2,175.33 1 1
github.com/openexec/openexec/internal/git/git.go:188.49,192.29 3 1
github.com/openexec/openexec/internal/git/git.go:192.29,193.17 1 1
github.com/openexec/openexec/internal/git/git.go:193.17,194.12 1 1
github.com/openexec/openexec/internal/git/git.go:196.3,197.21 2 1
github.com/openexec/openexec/internal/git/git.go:197.21,198.12 1 0
github.com/openexec/openexec/internal/git/git.go:201.3,204.20 4 1
github.com/openexec/openexec/internal/git/git.go:204.20,206.4 1 1
github.com/openexec/openexec/internal/git/git.go:208.3,215.5 1 1
github.com/openexec/openexec/internal/git/git.go:218.2,218.16 1 1
github.com/openexec/openexec/internal/git/git.go:222.62,223.16 1 1
github.com/openexec/openexec/internal/git/git.go:223.16,225.3 1 0
github.com/openexec/openexec/internal/git/git.go:227.2,228.10 2 1
github.com/openexec/openexec/internal/git/git.go:228.10,230.3 1 1
github.com/openexec/openexec/internal/git/git.go:231.2,234.12 3 1
github.com/openexec/openexec/internal/git/git.go:238.55,239.16 1 1
github.com/openexec/openexec/internal/git/git.go:239.16,241.3 1 0
github.com/openexec/openexec/internal/git/git.go:242.2,243.12 2 1
github.com/openexec/openexec/internal/git/git.go:247.45,248.16 1 1
github.com/openexec/openexec/internal/git/git.go:248.16,250.3 1 0
github.com/openexec/openexec/internal/git/git.go:251.2,252.19 2 1
github.com/openexec/openexec/internal/git/git.go:256.46,257.16 1 1
github.com/openexec/openexec/internal/git/git.go:257.16,259.3 1 0
github.com/openexec/openexec/internal/git/git.go:260.2,261.16 2 1
github.com/openexec/openexec/internal/git/git.go:261.16,263.3 1 0
github.com/openexec/openexec/internal/git/git.go:265.2,267.29 3 1
github.com/openexec/openexec/internal/git/git.go:267.29,268.17 1 1
github.com/openexec/openexec/internal/git/git.go:268.17,270.4 1 1
github.com/openexec/openexec/internal/git/git.go:272.2,272.18 1 1
github.com/openexec/openexec/internal/git/git.go:276.49,277.16 1 1
github.com/openexec/openexec/internal/git/git.go:277.16,279.3 1 0
github.com/openexec/openexec/internal/git/git.go:280.2,281.16 2 1
github.com/openexec/openexec/internal/git/git.go:281.16,283.3 1 1
github.com/openexec/openexec/internal/git/git.go:284.2,284.36 1 0
github.com/openexec/openexec/internal/git/git.go:288.44,289.16 1 1
github.com/openexec/openexec/internal/git/git.go:289.16,291.3 1 0
github.com/openexec/openexec/internal/git/git.go:292.2,293.12 2 1
github.com/openexec/openexec/internal/git/git.go:297.50,298.16 1 1
github.com/openexec/openexec/internal/git/git.go:298.16,300.3 1 0
github.com/openexec/openexec/internal/git/git.go:301.2,302.12 2 1
github.com/openexec/openexec/internal/git/git.go:306.51,307.16 1 1
github.com/openexec/openexec/internal/git/git.go:307.16,309.3 1 0
github.com/openexec/openexec/internal/git/git.go:310.2,311.12 2 1
github.com/openexec/openexec/internal/git/git.go:315.57,316.16 1 1
github.com/openexec/openexec/internal/git/git.go:316.16,318.3 1 0
github.com/openexec/openexec/internal/git/git.go:320.2,321.16 2 1
github.com/openexec/openexec/internal/git/git.go:321.16,323.3 1 1
github.com/openexec/openexec/internal/git/git.go:325.2,326.16 2 1
github.com/openexec/openexec/internal/git/git.go:326.16,328.3 1 1
github.com/openexec/openexec/internal/git/git.go:330.2,330.20 1 1
github.com/openexec/openexec/internal/git/git.go:334.54,342.34 6 1
github.com/openexec/openexec/internal/git/git.go:342.34,344.3 1 1
github.com/openexec/openexec/internal/git/git.go:346.2,346.29 1 1
github.com/openexec/openexec/internal/git/tracker.go:54.69,62.56 2 1
github.com/openexec/openexec/internal/git/tracker.go:62.56,64.3 1 1
github.com/openexec/openexec/internal/git/tracker.go:66.2,66.15 1 1
github.com/openexec/openexec/internal/git/tracker.go:69.38,78.2 1 1
github.com/openexec/openexec/internal/git/tracker.go:81.36,83.2 1 1
github.com/openexec/openexec/internal/git/tracker.go:86.69,87.20 1 1
github.com/openexec/openexec/internal/git/tracker.go:87.20,89.3 1 0
github.com/openexec/openexec/internal/git/tracker.go:91.2,96.28 4 1
github.com/openexec/openexec/internal/git/tracker.go:96.28,97.22 1 0
github.com/openexec/openexec/internal/git/tracker.go:97.22,99.4 1 0
github.com/openexec/openexec/internal/git/tracker.go:101.2,107.17 4 1
github.com/openexec/openexec/internal/git/tracker.go:111.58,115.2 3 1
github.com/openexec/openexec/internal/git/tracker.go:118.59,122.2 3 1
github.com/openexec/openexec/internal/git/tracker.go:125.64,126.20 1 1
github.com/openexec/openexec/internal/git/tracker.go:126.20,128.3 1 0
github.com/openexec/openexec/internal/git/tracker.go:130.2,135.17 5 1
github.com/openexec/openexec/internal/git/tracker.go:139.57,143.2 3 1
github.com/openexec/openexec/internal/git/tracker.go:146.75,147.20 1 1
github.com/openexec/openexec/internal/git/tracker.go:147.20,149.3 1 0
github.com/openexec/openexec/internal/git/tracker.go:151.2,156.17 5 1
github.com/openexec/openexec/internal/git/tracker.go:160.60,164.2 3 1
github.com/openexec/openexec/internal/git/tracker.go:167.66,168.20 1 1
github.com/openexec/openexec/internal/git/tracker.go:168.20,170.3 1 0
github.com/openexec/openexec/internal/git/tracker.go:172.2,177.17 5 1
github.com/openexec/openexec/internal/git/tracker.go:181.59,185.2 3 1
github.com/openexec/openexec/internal/git/tracker.go:188.60,189.20 1 1
github.com/openexec/openexec/internal/git/tracker.go:189.20,191.3 1 0
github.com/openexec/openexec/internal/git/tracker.go:193.2,198.17 5 1
github.com/openexec/openexec/internal/git/tracker.go:202.56,206.2 3 1
github.com/openexec/openexec/internal/git/tracker.go:210.74,211.20 1 1
github.com/openexec/openexec/internal/git/tracker.go:211.20,213.3 1 0
github.com/openexec/openexec/internal/git/tracker.go:215.2,216.16 2 1
github.com/openexec/openexec/internal/git/tracker.go:216.16,218.3 1 0
github.com/openexec/openexec/internal/git/tracker.go:221.2,224.33 3 1
github.com/openexec/openexec/internal/git/tracker.go:224.33,226.34 2 1
github.com/openexec/openexec/internal/git/tracker.go:226.34,227.66 1 1
github.com/openexec/openexec/internal/git/tracker.go:227.66,229.5 1 0
github.com/openexec/openexec/internal/git/tracker.go:230.4,230.12 1 1
github.com/openexec/openexec/internal/git/tracker.go:234.2,234.20 1 1
github.com/openexec/openexec/internal/git/tracker.go:238.81,239.20 1 1
github.com/openexec/openexec/internal/git/tracker.go:239.20,241.3 1 0
github.com/openexec/openexec/internal/git/tracker.go:243.2,243.40 1 1
github.com/openexec/openexec/internal/git/tracker.go:243.40,245.3 1 0
github.com/openexec/openexec/internal/git/tracker.go:246.2,250.35 3 1
github.com/openexec/openexec/internal/git/tracker.go:250.35,252.3 1 0
github.com/openexec/openexec/internal/git/tracker.go:254.2,254.70 1 1
github.com/openexec/openexec/internal/git/tracker.go:254.70,256.3 1 0
github.com/openexec/openexec/internal/git/tracker.go:258.2,258.58 1 1
github.com/openexec/openexec/internal/git/tracker.go:258.58,260.3 1 0
github.com/openexec/openexec/internal/git/tracker.go:262.2,262.20 1 1
github.com/openexec/openexec/internal/git/tracker.go:266.83,267.20 1 1
github.com/openexec/openexec/internal/git/tracker.go:267.20,269.3 1 0
github.com/openexec/openexec/internal/git/tracker.go:271.2,271.40 1 1
github.com/openexec/openexec/internal/git/tracker.go:271.40,273.3 1 0
github.com/openexec/openexec/internal/git/tracker.go:274.2,278.35 3 1
github.com/openexec/openexec/internal/git/tracker.go:278.35,280.3 1 0
github.com/openexec/openexec/internal/git/tracker.go:282.2,282.70 1 1
github.com/openexec/openexec/internal/git/tracker.go:282.70,284.3 1 0
github.com/openexec/openexec/internal/git/tracker.go:286.2,286.60 1 1
github.com/openexec/openexec/internal/git/tracker.go:286.60,288.3 1 0
github.com/openexec/openexec/internal/git/tracker.go:290.2,290.20 1 1
github.com/openexec/openexec/internal/git/tracker.go:294.91,295.20 1 1
github.com/openexec/openexec/internal/git/tracker.go:295.20,297.3 1 0
github.com/openexec/openexec/internal/git/tracker.go:299.2,299.40 1 1
github.com/openexec/openexec/internal/git/tracker.go:299.40,301.3 1 0
github.com/openexec/openexec/internal/git/tracker.go:302.2,305.23 3 1
github.com/openexec/openexec/internal/git/tracker.go:305.23,307.3 1 1
github.com/openexec/openexec/internal/git/tracker.go:309.2,310.25 2 1
github.com/openexec/openexec/internal/git/tracker.go:310.25,312.3 1 0
github.com/openexec/openexec/internal/git/tracker.go:315.2,315.41 1 1
github.com/openexec/openexec/internal/git/tracker.go:315.41,317.3 1 0
github.com/openexec/openexec/internal/git/tracker.go:318.2,318.43 1 1
github.com/openexec/openexec/internal/git/tracker.go:318.43,320.3 1 0
github.com/openexec/openexec/internal/git/tracker.go:323.2,326.57 2 1
github.com/openexec/openexec/internal/git/tracker.go:326.57,328.3 1 0
github.com/openexec/openexec/internal/git/tracker.go:331.2,331.64 1 1
github.com/openexec/openexec/internal/git/tracker.go:331.64,334.60 2 1
github.com/openexec/openexec/internal/git/tracker.go:334.60,336.4 1 0
github.com/openexec/openexec/internal/git/tracker.go:337.3,342.4 1 1
github.com/openexec/openexec/internal/git/tracker.go:346.2,347.16 2 1
github.com/openexec/openexec/internal/git/tracker.go:347.16,349.3 1 0
github.com/openexec/openexec/internal/git/tracker.go:351.2,358.58 2 1
github.com/openexec/openexec/internal/git/tracker.go:358.58,360.3 1 0
github.com/openexec/openexec/internal/git/tracker.go:362.2,362.18 1 1
github.com/openexec/openexec/internal/git/tracker.go:373.45,376.2 1 1
github.com/openexec/openexec/internal/git/tracker.go:379.38,382.2 2 1
github.com/openexec/openexec/internal/git/tracker.go:385.61,386.20 1 1
github.com/openexec/openexec/internal/git/tracker.go:386.20,388.3 1 0
github.com/openexec/openexec/internal/git/tracker.go:390.2,390.40 1 1
github.com/openexec/openexec/internal/git/tracker.go:390.40,392.3 1 0
github.com/openexec/openexec/internal/git/tracker.go:393.2,397.29 3 1
github.com/openexec/openexec/internal/git/tracker.go:397.29,399.3 1 1
github.com/openexec/openexec/internal/git/tracker.go:401.2,401.57 1 1
github.com/openexec/openexec/internal/git/tracker.go:401.57,403.3 1 0
github.com/openexec/openexec/internal/git/tracker.go:405.2,405.38 1 1
github.com/openexec/openexec/internal/git/tracker.go:409.44,418.2 6 1
github.com/openexec/openexec/internal/git/tracker.go:420.32,422.16 2 1
github.com/openexec/openexec/internal/git/tracker.go:422.16,424.3 1 1
github.com/openexec/openexec/internal/git/tracker.go:426.2,427.52 2 1
github.com/openexec/openexec/internal/git/tracker.go:427.52,429.3 1 1
github.com/openexec/openexec/internal/git/tracker.go:431.2,432.12 2 1
github.com/openexec/openexec/internal/git/tracker.go:435.32,438.48 2 1
github.com/openexec/openexec/internal/git/tracker.go:438.48,440.3 1 1
github.com/openexec/openexec/internal/git/tracker.go:442.2,443.16 2 1
github.com/openexec/openexec/internal/git/tracker.go:443.16,445.3 1 0
github.com/openexec/openexec/internal/git/tracker.go:447.2,447.47 1 1
