mode: set
github.com/openexec/openexec/internal/dcp/coordinator.go:36.54,37.30 1 1
github.com/openexec/openexec/internal/dcp/coordinator.go:37.30,39.3 1 1
github.com/openexec/openexec/internal/dcp/coordinator.go:42.98,50.27 2 1
github.com/openexec/openexec/internal/dcp/coordinator.go:50.27,52.3 1 1
github.com/openexec/openexec/internal/dcp/coordinator.go:53.2,53.10 1 1
github.com/openexec/openexec/internal/dcp/coordinator.go:57.37,60.2 2 1
github.com/openexec/openexec/internal/dcp/coordinator.go:62.50,65.2 2 1
github.com/openexec/openexec/internal/dcp/coordinator.go:67.49,69.2 1 0
github.com/openexec/openexec/internal/dcp/coordinator.go:74.56,76.2 1 0
github.com/openexec/openexec/internal/dcp/coordinator.go:79.55,81.2 1 0
github.com/openexec/openexec/internal/dcp/coordinator.go:84.84,89.16 3 1
github.com/openexec/openexec/internal/dcp/coordinator.go:89.16,90.109 1 1
github.com/openexec/openexec/internal/dcp/coordinator.go:90.109,92.4 1 1
github.com/openexec/openexec/internal/dcp/coordinator.go:93.3,93.59 1 1
github.com/openexec/openexec/internal/dcp/coordinator.go:98.2,98.55 1 1
github.com/openexec/openexec/internal/dcp/coordinator.go:98.55,99.140 1 1
github.com/openexec/openexec/internal/dcp/coordinator.go:99.140,101.4 1 1
github.com/openexec/openexec/internal/dcp/coordinator.go:106.2,110.9 3 1
github.com/openexec/openexec/internal/dcp/coordinator.go:110.9,111.138 1 1
github.com/openexec/openexec/internal/dcp/coordinator.go:111.138,113.4 1 1
github.com/openexec/openexec/internal/dcp/coordinator.go:114.3,114.98 1 1
github.com/openexec/openexec/internal/dcp/coordinator.go:118.2,123.39 2 1
github.com/openexec/openexec/internal/dcp/coordinator.go:128.169,130.9 2 1
github.com/openexec/openexec/internal/dcp/coordinator.go:130.9,132.3 1 1
github.com/openexec/openexec/internal/dcp/coordinator.go:135.2,142.16 2 1
github.com/openexec/openexec/internal/dcp/coordinator.go:143.33,144.23 1 1
github.com/openexec/openexec/internal/dcp/coordinator.go:144.23,146.4 1 1
github.com/openexec/openexec/internal/dcp/coordinator.go:147.35,148.67 1 1
github.com/openexec/openexec/internal/dcp/coordinator.go:149.33,150.55 1 1
github.com/openexec/openexec/internal/dcp/coordinator.go:153.2,156.16 3 1
github.com/openexec/openexec/internal/dcp/coordinator.go:156.16,163.3 2 1
github.com/openexec/openexec/internal/dcp/coordinator.go:164.2,164.21 1 1
github.com/openexec/openexec/internal/dcp/coordinator.go:171.38,175.2 3 1
github.com/openexec/openexec/internal/dcp/coordinator.go:179.48,180.25 1 1
github.com/openexec/openexec/internal/dcp/coordinator.go:180.25,181.26 1 1
github.com/openexec/openexec/internal/dcp/coordinator.go:182.15,183.33 1 1
github.com/openexec/openexec/internal/dcp/coordinator.go:184.31,185.21 1 0
github.com/openexec/openexec/internal/dcp/coordinator.go:186.22,187.29 1 0
github.com/openexec/openexec/internal/dcp/coordinator.go:187.29,188.35 1 0
github.com/openexec/openexec/internal/dcp/coordinator.go:188.35,190.6 1 0
github.com/openexec/openexec/internal/dcp/queue_orchestrator.go:17.66,19.2 1 1
github.com/openexec/openexec/internal/dcp/queue_orchestrator.go:22.73,25.2 2 1
github.com/openexec/openexec/internal/dcp/queue_orchestrator.go:28.79,34.6 4 0
github.com/openexec/openexec/internal/dcp/queue_orchestrator.go:34.6,35.10 1 0
github.com/openexec/openexec/internal/dcp/queue_orchestrator.go:36.21,37.10 1 0
github.com/openexec/openexec/internal/dcp/queue_orchestrator.go:38.19,39.36 1 0
github.com/openexec/openexec/internal/dcp/queue_orchestrator.go:44.83,47.16 2 1
github.com/openexec/openexec/internal/dcp/queue_orchestrator.go:47.16,49.3 1 0
github.com/openexec/openexec/internal/dcp/queue_orchestrator.go:50.2,50.14 1 1
github.com/openexec/openexec/internal/dcp/queue_orchestrator.go:50.14,52.3 1 0
github.com/openexec/openexec/internal/dcp/queue_orchestrator.go:54.2,57.15 2 1
github.com/openexec/openexec/internal/dcp/queue_orchestrator.go:57.15,58.31 1 1
github.com/openexec/openexec/internal/dcp/queue_orchestrator.go:58.31,61.4 2 0
github.com/openexec/openexec/internal/dcp/queue_orchestrator.go:66.2,68.16 2 1
github.com/openexec/openexec/internal/dcp/queue_orchestrator.go:68.16,71.3 2 0
github.com/openexec/openexec/internal/dcp/queue_orchestrator.go:71.8,74.3 2 1
github.com/openexec/openexec/internal/dcp/queue_orchestrator.go:77.75,81.2 2 1
