mode: set
github.com/openexec/openexec/internal/router/bitnet.go:38.54,43.2 1 1
github.com/openexec/openexec/internal/router/bitnet.go:46.60,48.2 1 1
github.com/openexec/openexec/internal/router/bitnet.go:51.50,52.29 1 1
github.com/openexec/openexec/internal/router/bitnet.go:52.29,54.3 1 1
github.com/openexec/openexec/internal/router/bitnet.go:55.2,55.32 1 1
github.com/openexec/openexec/internal/router/bitnet.go:58.77,61.2 2 1
github.com/openexec/openexec/internal/router/bitnet.go:64.88,72.46 2 1
github.com/openexec/openexec/internal/router/bitnet.go:72.46,75.3 1 1
github.com/openexec/openexec/internal/router/bitnet.go:78.2,82.16 3 1
github.com/openexec/openexec/internal/router/bitnet.go:82.16,85.3 1 0
github.com/openexec/openexec/internal/router/bitnet.go:88.2,89.16 2 1
github.com/openexec/openexec/internal/router/bitnet.go:89.16,91.69 1 0
github.com/openexec/openexec/internal/router/bitnet.go:91.69,93.4 1 0
github.com/openexec/openexec/internal/router/bitnet.go:95.3,95.23 1 0
github.com/openexec/openexec/internal/router/bitnet.go:99.2,99.48 1 1
github.com/openexec/openexec/internal/router/bitnet.go:99.48,101.3 1 0
github.com/openexec/openexec/internal/router/bitnet.go:103.2,103.20 1 1
github.com/openexec/openexec/internal/router/bitnet.go:106.57,110.34 4 1
github.com/openexec/openexec/internal/router/bitnet.go:110.34,112.3 1 1
github.com/openexec/openexec/internal/router/bitnet.go:113.2,115.20 3 1
github.com/openexec/openexec/internal/router/bitnet.go:118.94,120.29 1 1
github.com/openexec/openexec/internal/router/bitnet.go:120.29,122.3 1 1
github.com/openexec/openexec/internal/router/bitnet.go:125.2,125.44 1 0
github.com/openexec/openexec/internal/router/bitnet.go:147.62,148.30 1 1
github.com/openexec/openexec/internal/router/bitnet.go:148.30,149.34 1 1
github.com/openexec/openexec/internal/router/bitnet.go:149.34,151.4 1 1
github.com/openexec/openexec/internal/router/bitnet.go:153.2,153.14 1 1
github.com/openexec/openexec/internal/router/bitnet.go:156.73,158.68 2 1
github.com/openexec/openexec/internal/router/bitnet.go:158.68,160.3 1 1
github.com/openexec/openexec/internal/router/bitnet.go:163.2,163.45 1 1
github.com/openexec/openexec/internal/router/bitnet.go:163.45,164.52 1 1
github.com/openexec/openexec/internal/router/bitnet.go:164.52,167.4 1 1
github.com/openexec/openexec/internal/router/bitnet.go:171.2,173.55 2 1
github.com/openexec/openexec/internal/router/bitnet.go:173.55,175.3 1 1
github.com/openexec/openexec/internal/router/bitnet.go:176.2,182.16 3 1
github.com/openexec/openexec/internal/router/bitnet.go:182.16,185.3 1 0
github.com/openexec/openexec/internal/router/bitnet.go:187.2,187.137 1 1
github.com/openexec/openexec/internal/router/bitnet.go:190.73,193.16 3 1
github.com/openexec/openexec/internal/router/bitnet.go:193.16,195.3 1 0
github.com/openexec/openexec/internal/router/bitnet.go:196.2,196.20 1 1
github.com/openexec/openexec/internal/router/inference_manager.go:17.62,21.2 1 1
github.com/openexec/openexec/internal/router/inference_manager.go:24.48,26.56 1 1
github.com/openexec/openexec/internal/router/inference_manager.go:26.56,28.3 1 1
github.com/openexec/openexec/internal/router/inference_manager.go:32.2,37.34 2 1
github.com/openexec/openexec/internal/router/inference_manager.go:37.34,38.39 1 1
github.com/openexec/openexec/internal/router/inference_manager.go:38.39,41.4 2 1
github.com/openexec/openexec/internal/router/inference_manager.go:45.2,45.55 1 1
github.com/openexec/openexec/internal/router/inference_manager.go:45.55,48.3 2 0
github.com/openexec/openexec/internal/router/inference_manager.go:50.2,50.107 1 1
github.com/openexec/openexec/internal/router/inference_manager.go:54.93,55.21 1 1
github.com/openexec/openexec/internal/router/inference_manager.go:55.21,56.41 1 0
github.com/openexec/openexec/internal/router/inference_manager.go:56.41,58.4 1 0
github.com/openexec/openexec/internal/router/inference_manager.go:62.2,64.16 3 1
github.com/openexec/openexec/internal/router/inference_manager.go:64.16,66.3 1 1
github.com/openexec/openexec/internal/router/inference_manager.go:68.2,68.25 1 0
