mode: set
github.com/openexec/openexec/internal/server/server.go:53.39,56.16 2 1
github.com/openexec/openexec/internal/server/server.go:56.16,58.3 1 0
github.com/openexec/openexec/internal/server/server.go:60.2,62.16 3 1
github.com/openexec/openexec/internal/server/server.go:62.16,64.3 1 0
github.com/openexec/openexec/internal/server/server.go:70.2,74.62 3 1
github.com/openexec/openexec/internal/server/server.go:74.62,76.3 1 0
github.com/openexec/openexec/internal/server/server.go:78.2,127.15 17 1
github.com/openexec/openexec/internal/server/server.go:130.35,143.73 6 1
github.com/openexec/openexec/internal/server/server.go:143.73,150.3 2 0
github.com/openexec/openexec/internal/server/server.go:153.2,154.51 2 1
github.com/openexec/openexec/internal/server/server.go:157.73,161.61 2 1
github.com/openexec/openexec/internal/server/server.go:161.61,164.3 2 0
github.com/openexec/openexec/internal/server/server.go:166.2,168.16 3 1
github.com/openexec/openexec/internal/server/server.go:168.16,172.3 3 1
github.com/openexec/openexec/internal/server/server.go:174.2,175.75 2 1
github.com/openexec/openexec/internal/server/server.go:178.81,185.2 4 0
github.com/openexec/openexec/internal/server/server.go:187.78,193.2 4 0
github.com/openexec/openexec/internal/server/server.go:195.71,197.2 1 0
github.com/openexec/openexec/internal/server/server.go:199.84,204.2 4 1
github.com/openexec/openexec/internal/server/server.go:212.49,215.2 2 0
github.com/openexec/openexec/internal/server/server.go:218.56,219.71 1 1
github.com/openexec/openexec/internal/server/server.go:219.71,226.3 4 0
github.com/openexec/openexec/internal/server/server.go:230.51,237.12 4 1
github.com/openexec/openexec/internal/server/server.go:237.12,239.3 1 1
github.com/openexec/openexec/internal/server/server.go:241.2,241.9 1 1
github.com/openexec/openexec/internal/server/server.go:242.22,243.13 1 0
github.com/openexec/openexec/internal/server/server.go:244.20,245.53 1 1
