mode: set
github.com/openexec/openexec/internal/planner/planner.go:62.34,64.2 1 1
github.com/openexec/openexec/internal/planner/planner.go:67.136,70.25 2 1
github.com/openexec/openexec/internal/planner/planner.go:70.25,73.3 2 1
github.com/openexec/openexec/internal/planner/planner.go:76.2,80.16 3 1
github.com/openexec/openexec/internal/planner/planner.go:80.16,82.3 1 0
github.com/openexec/openexec/internal/planner/planner.go:85.2,85.34 1 1
github.com/openexec/openexec/internal/planner/planner.go:88.72,94.17 3 1
github.com/openexec/openexec/internal/planner/planner.go:94.17,97.18 3 1
github.com/openexec/openexec/internal/planner/planner.go:97.18,99.4 1 1
github.com/openexec/openexec/internal/planner/planner.go:99.9,101.4 1 1
github.com/openexec/openexec/internal/planner/planner.go:103.3,104.31 2 1
github.com/openexec/openexec/internal/planner/planner.go:104.31,106.4 1 1
github.com/openexec/openexec/internal/planner/planner.go:109.2,111.88 2 1
github.com/openexec/openexec/internal/planner/planner.go:111.88,113.3 1 1
github.com/openexec/openexec/internal/planner/planner.go:116.2,117.87 2 1
github.com/openexec/openexec/internal/planner/planner.go:117.87,122.3 1 1
github.com/openexec/openexec/internal/planner/planner.go:124.2,124.110 1 0
github.com/openexec/openexec/internal/planner/planner.go:128.123,132.16 3 0
github.com/openexec/openexec/internal/planner/planner.go:132.16,134.3 1 0
github.com/openexec/openexec/internal/planner/planner.go:137.2,138.56 2 0
github.com/openexec/openexec/internal/planner/planner.go:138.56,139.72 1 0
github.com/openexec/openexec/internal/planner/planner.go:139.72,141.4 1 0
github.com/openexec/openexec/internal/planner/planner.go:144.2,145.63 2 0
github.com/openexec/openexec/internal/planner/planner.go:145.63,147.3 1 0
github.com/openexec/openexec/internal/planner/planner.go:150.2,150.33 1 0
github.com/openexec/openexec/internal/planner/planner.go:150.33,152.3 1 0
github.com/openexec/openexec/internal/planner/planner.go:154.2,154.18 1 0
github.com/openexec/openexec/internal/planner/planner.go:158.83,160.68 2 0
github.com/openexec/openexec/internal/planner/planner.go:160.68,162.3 1 0
github.com/openexec/openexec/internal/planner/planner.go:163.2,163.42 1 0
github.com/openexec/openexec/internal/planner/wizard.go:43.38,44.41 1 1
github.com/openexec/openexec/internal/planner/wizard.go:44.41,46.3 1 1
github.com/openexec/openexec/internal/planner/wizard.go:47.2,47.47 1 1
github.com/openexec/openexec/internal/planner/wizard.go:47.47,49.3 1 1
github.com/openexec/openexec/internal/planner/wizard.go:50.2,50.30 1 1
github.com/openexec/openexec/internal/planner/wizard.go:50.30,52.3 1 1
github.com/openexec/openexec/internal/planner/wizard.go:53.2,53.30 1 1
github.com/openexec/openexec/internal/planner/wizard.go:53.30,55.3 1 1
github.com/openexec/openexec/internal/planner/wizard.go:56.2,56.29 1 1
github.com/openexec/openexec/internal/planner/wizard.go:56.29,58.3 1 1
github.com/openexec/openexec/internal/planner/wizard.go:61.2,61.26 1 1
github.com/openexec/openexec/internal/planner/wizard.go:61.26,63.3 1 1
github.com/openexec/openexec/internal/planner/wizard.go:64.2,65.31 2 1
github.com/openexec/openexec/internal/planner/wizard.go:65.31,66.25 1 1
github.com/openexec/openexec/internal/planner/wizard.go:66.25,68.9 2 1
github.com/openexec/openexec/internal/planner/wizard.go:71.2,71.20 1 1
github.com/openexec/openexec/internal/planner/wizard.go:71.20,73.3 1 1
github.com/openexec/openexec/internal/planner/wizard.go:75.2,75.80 1 1
github.com/openexec/openexec/internal/planner/wizard.go:75.80,77.3 1 1
github.com/openexec/openexec/internal/planner/wizard.go:79.2,79.52 1 1
github.com/openexec/openexec/internal/planner/wizard.go:79.52,81.3 1 1
github.com/openexec/openexec/internal/planner/wizard.go:83.2,83.13 1 1
github.com/openexec/openexec/internal/planner/wizard.go:87.47,93.35 5 1
github.com/openexec/openexec/internal/planner/wizard.go:93.35,97.3 3 1
github.com/openexec/openexec/internal/planner/wizard.go:98.2,106.31 7 1
github.com/openexec/openexec/internal/planner/wizard.go:106.31,108.3 1 1
github.com/openexec/openexec/internal/planner/wizard.go:109.2,112.34 3 1
github.com/openexec/openexec/internal/planner/wizard.go:112.34,114.3 1 1
github.com/openexec/openexec/internal/planner/wizard.go:116.2,116.20 1 1
